[2015.12.03-02.49.34:907][  0]Log file open, 12/03/15 10:49:34
[2015.12.03-02.49.34:907][  0]LogInit:Display: Running engine for game: ProjectDino
[2015.12.03-02.49.34:907][  0]LogPlatformFile: Not using cached read wrapper
[2015.12.03-02.49.34:907][  0]LogInit:Display: RandInit(-1851225897) SRandInit(-1851225896).
[2015.12.03-02.49.34:907][  0]LogTaskGraph: Started task graph with 4 named threads and 7 total threads.
[2015.12.03-02.49.34:907][  0]LogStats: Stats thread started at 0.254645
[2015.12.03-02.49.34:907][  0]LogInit: Version: 4.10.0-2758231+++depot+UE4-Releases+4.10
[2015.12.03-02.49.34:907][  0]LogInit: API Version: 2758231
[2015.12.03-02.49.34:907][  0]LogInit: Compiled (64-bit): Nov  7 2015 05:13:45
[2015.12.03-02.49.34:907][  0]LogInit: Compiled with Visual C++: 19.00.23026.00
[2015.12.03-02.49.34:907][  0]LogInit: Build Configuration: Development
[2015.12.03-02.49.34:907][  0]LogInit: Branch Name: ++depot+UE4-Releases+4.10
[2015.12.03-02.49.34:907][  0]LogInit: Command line:  
[2015.12.03-02.49.34:907][  0]LogInit: Base directory: C:/Program Files/Epic Games/4.10/Engine/Binaries/Win64/
[2015.12.03-02.49.34:907][  0]LogInit: Rocket: 1
[2015.12.03-02.49.34:977][  0]LogInit: Using libcurl 7.41.0
[2015.12.03-02.49.34:977][  0]LogInit:  - built for x86_64-pc-win32
[2015.12.03-02.49.34:977][  0]LogInit:  - supports SSL with WinSSL
[2015.12.03-02.49.34:977][  0]LogInit:  - other features:
[2015.12.03-02.49.34:977][  0]LogInit:      CURL_VERSION_SSL
[2015.12.03-02.49.34:977][  0]LogInit:      CURL_VERSION_IPV6
[2015.12.03-02.49.34:977][  0]LogInit:      CURL_VERSION_ASYNCHDNS
[2015.12.03-02.49.34:977][  0]LogInit:      CURL_VERSION_LARGEFILE
[2015.12.03-02.49.34:977][  0]LogInit:      CURL_VERSION_IDN
[2015.12.03-02.49.34:977][  0]LogInit:  CurlRequestOptions (configurable via config and command line):
[2015.12.03-02.49.34:977][  0]LogInit:  - bVerifyPeer = true  - Libcurl will verify peer certificate
[2015.12.03-02.49.34:977][  0]LogInit:  - bUseHttpProxy = false  - Libcurl will NOT use HTTP proxy
[2015.12.03-02.49.34:977][  0]LogInit:  - bDontReuseConnections = false  - Libcurl will reuse connections
[2015.12.03-02.49.34:977][  0]LogInit:  - CertBundlePath = nullptr  - Libcurl will use whatever was configured at build time.
[2015.12.03-02.49.35:094][  0]LogInit: Presizing for 0 objects not considered by GC, pre-allocating 0 bytes.
[2015.12.03-02.49.35:107][  0]LogInit: Object subsystem initialized
[2015.12.03-02.49.35:108][  0]LogInit: Selected Device Profile: [Windows]
[2015.12.03-02.49.35:108][  0]LogInit: Applying CVar settings loaded from the selected device profile: [Windows]
[2015.12.03-02.49.35:138][  0]LogInit: Computer: OWNER-PC
[2015.12.03-02.49.35:138][  0]LogInit: User: Owner
[2015.12.03-02.49.35:138][  0]LogInit: CPU Page size=4096, Cores=4
[2015.12.03-02.49.35:138][  0]LogInit: High frequency timer resolution =2.732451 MHz
[2015.12.03-02.49.35:138][  0]LogMemory: Memory total: Physical=12.0GB (12GB approx)
[2015.12.03-02.49.35:138][  0]LogMemory: Platform Memory Stats for Windows
[2015.12.03-02.49.35:138][  0]LogMemory: Process Physical Memory: 57.41 MB used, 57.41 MB peak
[2015.12.03-02.49.35:138][  0]LogMemory: Process Virtual Memory: 57.59 MB used, 57.59 MB peak
[2015.12.03-02.49.35:138][  0]LogMemory: Physical Memory: 3606.63 MB used, 12283.49 MB total
[2015.12.03-02.49.35:138][  0]LogMemory: Virtual Memory: 350.52 MB used, 8388608.00 MB total
[2015.12.03-02.49.36:577][  0]LogTextLocalizationManager: No specific translations for ('en-AU') exist, so ('en') translations will be used.
[2015.12.03-02.49.37:771][  0]LogD3D11RHI: Found D3D11 adapter 0: NVIDIA GeForce GTX 750 Ti (Feature Level 11_0)
[2015.12.03-02.49.37:771][  0]LogD3D11RHI: Adapter has 1993MB of dedicated video memory, 0MB of dedicated system memory, and 2048MB of shared system memory, 1 output[s]
[2015.12.03-02.49.37:771][  0]LogD3D11RHI: Chosen D3D11 Adapter Id = 0
[2015.12.03-02.49.37:778][  0]LogD3D11RHI: !Direct3DDevice
[2015.12.03-02.49.37:778][  0]LogRHI: Texture pool is 1361 MB (70% of 1945 MB)
[2015.12.03-02.49.37:790][  0]LogD3D11RHI: Async texture creation enabled
[2015.12.03-02.49.38:510][  0]LogShaderCompilers: Guid format shader working directory is -21 characters bigger than the processId version (../../../../../../Users/Owner/Documents/Unreal Projects/ProjectDino/Intermediate/Shaders/WorkingDirectory/6996/).
[2015.12.03-02.49.38:510][  0]LogShaderCompilers: Cleaned the shader compiler working directory 'C:/Users/Owner/AppData/Local/Temp/UnrealShaderWorkingDir/CAF031CC4A820F59955DB98832389B47/'.
[2015.12.03-02.49.38:510][  0]LogShaderCompilers:Display: Using Local Shader Compiler.
[2015.12.03-02.49.42:637][  0]LogTemp:Display: Loaded TP AllDesktopTargetPlatform
[2015.12.03-02.49.42:648][  0]LogTemp:Display: Loaded TP WindowsClientTargetPlatform
[2015.12.03-02.49.42:658][  0]LogTemp:Display: Loaded TP WindowsNoEditorTargetPlatform
[2015.12.03-02.49.42:672][  0]LogTemp:Display: Loaded TP WindowsServerTargetPlatform
[2015.12.03-02.49.42:680][  0]LogTemp:Display: Loaded TP WindowsTargetPlatform
[2015.12.03-02.49.42:688][  0]LogTemp:Display: Loaded TP AndroidTargetPlatform
[2015.12.03-02.49.42:692][  0]LogTemp:Display: Loaded TP Android_ASTCTargetPlatform
[2015.12.03-02.49.42:696][  0]LogTemp:Display: Loaded TP Android_ATCTargetPlatform
[2015.12.03-02.49.42:701][  0]LogTemp:Display: Loaded TP Android_DXTTargetPlatform
[2015.12.03-02.49.42:706][  0]LogTemp:Display: Loaded TP Android_ETC1TargetPlatform
[2015.12.03-02.49.42:713][  0]LogTemp:Display: Loaded TP Android_ETC2TargetPlatform
[2015.12.03-02.49.42:728][  0]LogTemp:Display: Loaded TP Android_MultiTargetPlatform
[2015.12.03-02.49.42:729][  0]LogTemp:Display: Loaded TP Android_PVRTCTargetPlatform
[2015.12.03-02.49.42:730][  0]LogTemp:Display: Loaded TP HTML5TargetPlatform
[2015.12.03-02.49.42:928][  0]LogTemp:Display: Loaded TP IOSTargetPlatform
[2015.12.03-02.49.42:933][  0]LogTemp:Display: Loaded TP LinuxNoEditorTargetPlatform
[2015.12.03-02.49.42:938][  0]LogTemp:Display: Loaded TP LinuxServerTargetPlatform
[2015.12.03-02.49.42:949][  0]LogTemp:Display: Loaded TP LinuxTargetPlatform
[2015.12.03-02.49.42:949][  0]LogTargetPlatformManager:Display: Building Assets For Windows
[2015.12.03-02.49.43:796][  0]LogDerivedDataCache:Display: Max Cache Size: 512 MB
[2015.12.03-02.49.44:391][  0]LogDerivedDataCache: Loaded boot cache 0.59s 41MB C:/Users/Owner/AppData/Local/UnrealEngine/4.10/DerivedDataCache/Boot.ddc.
[2015.12.03-02.49.44:391][  0]LogDerivedDataCache:Display: Loaded Boot cache: C:/Users/Owner/AppData/Local/UnrealEngine/4.10/DerivedDataCache/Boot.ddc
[2015.12.03-02.49.44:391][  0]LogDerivedDataCache: FDerivedDataBackendGraph:  Pak pak cache file ../../../../../../Users/Owner/Documents/Unreal Projects/ProjectDino/DerivedDataCache/DDC.ddp not found, will not use a pak cache.
[2015.12.03-02.49.44:391][  0]LogDerivedDataCache: Unable to find inner node Pak for hierarchical cache Hierarchy.
[2015.12.03-02.49.44:391][  0]LogDerivedDataCache: FDerivedDataBackendGraph:  CompressedPak pak cache file ../../../../../../Users/Owner/Documents/Unreal Projects/ProjectDino/DerivedDataCache/Compressed.ddp not found, will not use a pak cache.
[2015.12.03-02.49.44:392][  0]LogDerivedDataCache: Unable to find inner node CompressedPak for hierarchical cache Hierarchy.
[2015.12.03-02.49.44:526][  0]LogDerivedDataCache:Display: Pak cache opened for reading ../../../Engine/DerivedDataCache/Compressed.ddp.
[2015.12.03-02.49.44:538][  0]LogDerivedDataCache: Using Local data cache path C:/Users/Owner/AppData/Local/UnrealEngine/Common/DerivedDataCache: Writable
[2015.12.03-02.49.55:914][  0]LogInit: Selected Device Profile: [Windows]
[2015.12.03-02.49.55:915][  0]LogContentStreaming: Texture pool size is 0.000000MB
[2015.12.03-02.49.55:972][  0]LogMeshUtilities: No automatic mesh reduction module available
[2015.12.03-02.49.55:972][  0]LogMeshUtilities: No automatic mesh merging module available
[2015.12.03-02.49.56:509][  0]LogInit: WinSock: version 1.1 (2.2), MaxSocks=32767, MaxUdp=65467
[2015.12.03-02.49.58:513][  0]UdpMessaging: Initializing bridge on interface 0.0.0.0:0 to multicast group 230.0.0.1:6666.
[2015.12.03-02.50.05:671][  0]LogAssetRegistry: FAssetRegistry took 0.0103 seconds to start up
[2015.12.03-02.50.05:977][  0]SourceControl: Info Source control is disabled
[2015.12.03-02.50.05:978][  0]SourceControl: Info Source control is disabled
[2015.12.03-02.50.06:002][  0]SourceControl: Info Source control is disabled
[2015.12.03-02.50.06:019][  0]SourceControl: Info Source control is disabled
[2015.12.03-02.50.06:590][  0]LogObj: 28633 objects as part of root set at end of initial load.
[2015.12.03-02.50.06:590][  0]LogUObjectAllocator: 6099752 out of 0 bytes used by permanent object pool.
[2015.12.03-02.50.06:719][  0]LogEngine: Initializing Engine...
[2015.12.03-02.50.06:722][  0]LogHMD: Can't find Oculus library dev build: is proper Runtime installed? Version: 0.8.0.0
[2015.12.03-02.50.07:031][  0]LogHMD: SteamVR failed to initialize.  Err: 108
[2015.12.03-02.50.07:278][  0]LogAIModule: Creating AISystem for world NewWorld
[2015.12.03-02.50.07:288][  0]LogInit: XAudio2 using 'Speakers (High Definition Audio Device)' : 2 channels at 44.1 kHz using 16 bits per sample (channel mask 0x3)
[2015.12.03-02.50.07:295][  0]LogInit: FAudioDevice initialized.
[2015.12.03-02.50.07:327][  0]LogDerivedDataCache: Saved boot cache 0.03s 41MB C:/Users/Owner/AppData/Local/UnrealEngine/4.10/DerivedDataCache/Boot.ddc.
[2015.12.03-02.50.07:337][  0]LogInit: Texture streaming: Enabled
[2015.12.03-02.50.07:343][  0]LogAnalytics: Creating configured Analytics provider AnalyticsET
[2015.12.03-02.50.07:343][  0]LogAnalytics: [UEEditor.Rocket.Release] APIServer = http://et2.epicgames.com/ET2/. AppVersion = 4.10.0-2758231+++depot+UE4-Releases+4.10
[2015.12.03-02.50.07:343][  0]LogAnalytics: [UEEditor.Rocket.Release] SetUserId b1e705434c200a5e74bb2586ba0bc651|940afd638cf94ce9b4d8f38d9556b043|5d73f152-fa47-49e5-865a-fd1bc20a41b9
[2015.12.03-02.50.07:343][  0]LogAnalytics: [UEEditor.Rocket.Release] AnalyticsET::StartSession
[2015.12.03-02.50.07:546][  0]LogInit: Transaction tracking system initialized
[2015.12.03-02.50.07:611][  0]BlueprintLog: New page: Editor Load
[2015.12.03-02.50.07:723][  0]LocalizationService: Info Localization service is disabled
[2015.12.03-02.50.07:889][  0]LogConsoleResponse:Display: 
[2015.12.03-02.50.08:085][  0]LogCook:Display: Done creating registry. It took  0.00s.
[2015.12.03-02.50.08:212][  0]LogFileCache: Scanning file cache for directory 'C:/Users/Owner/Documents/Unreal Projects/ProjectDino/Content/' took 0.01s
[2015.12.03-02.50.08:212][  0]SourceControl: Info Source control is disabled
[2015.12.03-02.50.08:212][  0]Cmd: MAP LOAD FILE="../../../../../../Users/Owner/Documents/Unreal Projects/ProjectDino/Content/Maps/Prototype.umap" TEMPLATE=0 SHOWPROGRESS=1 FEATURELEVEL=3
[2015.12.03-02.50.08:213][  0]LightingResults: New page: Lighting Build
[2015.12.03-02.50.08:224][  0]MapCheck: New page: Map Check
[2015.12.03-02.50.08:224][  0]LightingResults: New page: Lighting Build
[2015.12.03-02.50.08:246][  0]LogParticles: Destroying 0 GPU particle simulations for FXSystem 0x0000000029A32AC0
[2015.12.03-02.50.09:338][  0]LogAIModule: Creating AISystem for world Prototype
[2015.12.03-02.50.09:350][  0]LogEditorServer: Finished looking for orphan Actors (0.000 secs)
[2015.12.03-02.50.09:351][  0]Cmd: MAP CHECKDEP NOCLEARLOG
[2015.12.03-02.50.09:460][  0]MapCheck: Info Map check complete: 0 Error(s), 0 Warning(s), took 109.106ms to complete.
[2015.12.03-02.50.09:460][  0]LogFileHelpers: Loading map 'Prototype' took 1.248
[2015.12.03-02.50.09:686][  0]LogCollectionManager: Loaded 0 collections in 0.002864 seconds
[2015.12.03-02.50.09:744][  0]LogFileCache: Scanning file cache for directory 'C:/Users/Owner/Documents/Unreal Projects/ProjectDino/Saved/Collections/' took 0.01s
[2015.12.03-02.50.09:744][  0]LogFileCache: Scanning file cache for directory 'C:/Users/Owner/Documents/Unreal Projects/ProjectDino/Content/Developers/Owner/Collections/' took 0.01s
[2015.12.03-02.50.09:744][  0]LogFileCache: Scanning file cache for directory 'C:/Users/Owner/Documents/Unreal Projects/ProjectDino/Content/Collections/' took 0.01s
[2015.12.03-02.50.09:744][  0]LogCollectionManager: Rebuilt the GUID cache for 0 collections in 0.000003 seconds
[2015.12.03-02.50.09:767][  0]LogContentBrowser: Native class hierarchy populated in 0.0233 seconds. Added 1893 classes and 338 folders.
[2015.12.03-02.50.09:789][  0]LogContentBrowser: Native class hierarchy updated for 'WidgetCarousel' in 0.0012 seconds. Added 0 classes and 0 folders.
[2015.12.03-02.50.10:244][  0]LogContentBrowser: Native class hierarchy updated for 'AddContentDialog' in 0.0006 seconds. Added 0 classes and 0 folders.
[2015.12.03-02.50.10:250][  0]LogContentBrowser: Native class hierarchy updated for 'SceneOutliner' in 0.0005 seconds. Added 1 classes and 2 folders.
[2015.12.03-02.50.10:325][  0]LogCrashTracker: Crashtracker disabled due to settings.
[2015.12.03-02.50.10:330][  0]LogUObjectGlobals:Warning: Failed to find object 'Class None.'
[2015.12.03-02.50.10:351][  0]LogLoad: Full Startup: 37.39 seconds (BP compile: 0.30 seconds)
[2015.12.03-02.50.10:363][  0]LogOcInput: Can't find Oculus library dev build: is proper Runtime installed? Version: 0.8.0.0
[2015.12.03-02.50.10:497][  0]LogContentStreaming: Texture pool size now 1000 MB
[2015.12.03-02.50.10:861][  0]LogRenderer: Reallocating scene render targets to support 1236x544 (Frame:2).
[2015.12.03-02.50.10:969][  1]LogMaterial:Warning: Material /Engine/BasicShapes/BasicShapeMaterial.BasicShapeMaterial needed to have new flag set bUsedWithSkeletalMesh !
[2015.12.03-02.50.11:029][  1]LogMaterial: Missing cached shader map for material BasicShapeMaterial, compiling. 
[2015.12.03-02.50.11:141][  1]LogMaterial: 0.000178 seconds spent updating 1 materials, 1 interfaces, 0 instances, 0 with static permutations.
[2015.12.03-02.50.11:539][  6]LogAssetRegistry: Asset discovery search completed in 5.8773 seconds
[2015.12.03-02.50.11:539][  6]LogCollectionManager: Rebuilt the object cache for 0 collections in 0.000001 seconds (found 0 objects)
[2015.12.03-02.50.11:539][  6]LogCollectionManager: Fixed up redirectors for 0 collections in 0.000052 seconds (updated 0 objects)
[2015.12.03-02.50.14:195][135]LogLinker:Warning: Asset '../../../Engine/Content/ArtTools/RenderToTexture/Macros/RenderToTextureMacros.uasset' has been saved with empty engine version. The asset will be loaded but may be incompatible.
[2015.12.03-02.50.16:596][135]LogContentBrowser: Native class hierarchy updated for 'BlueprintGraph' in 0.0033 seconds. Added 107 classes and 0 folders.
[2015.12.03-02.51.19:937][576]LogRenderer: Reallocating scene render targets to support 1236x756 (Frame:1257).
[2015.12.03-02.52.12:088][997]LogActorComponent: UnregisterComponent: (/Engine/Transient.CharMoveComp) Not registered. Aborting.
[2015.12.03-02.52.26:698][850]LogActorComponent: UnregisterComponent: (/Engine/Transient.CharacterMovementComponent_0) Not registered. Aborting.
[2015.12.03-02.55.04:767][349]LogActorComponent: UnregisterComponent: (/Engine/Transient.CharacterMovementComponent_1) Not registered. Aborting.
[2015.12.03-02.55.16:017][967]LogActorComponent: UnregisterComponent: (/Engine/Transient.CharacterMovementComponent_2) Not registered. Aborting.
[2015.12.03-02.55.18:573][ 96]BlueprintLog: New page: Compile Cubeasaurus
[2015.12.03-02.55.18:758][ 96]LogActorComponent: UnregisterComponent: (/Engine/Transient.CharacterMovementComponent_3) Not registered. Aborting.
[2015.12.03-02.55.18:829][ 96]BlueprintEditorCompileResults: Info [0345.86] Compile of Cubeasaurus successful! [in 255 ms]
[2015.12.03-02.56.10:856][ 89]BlueprintLog: New page: Compile Cubeasaurus
[2015.12.03-02.56.11:018][ 89]LogActorComponent: UnregisterComponent: (/Engine/Transient.CharMoveComp) Not registered. Aborting.
[2015.12.03-02.56.11:093][ 89]BlueprintEditorCompileResults: Info [0398.13] Compile of Cubeasaurus successful! [in 237 ms]
[2015.12.03-02.57.12:343][781]BlueprintLog: New page: Compile Cubeasaurus
[2015.12.03-02.57.12:426][781]LogBlueprint:Error: [compiler Cubeasaurus] Error This blueprint (self) is not a PlayerController, therefore ' Target ' must have a connection.
[2015.12.03-02.57.12:587][781]LogActorComponent: UnregisterComponent: (/Engine/Transient.CharMoveComp) Not registered. Aborting.
[2015.12.03-02.57.12:631][781]LogBlueprint:Warning: [compiler Cubeasaurus] Warning [0459.67] Compile of Cubeasaurus failed. 1 Fatal Issue(s) 0 Warning(s) [in 288 ms]
[2015.12.03-02.57.12:631][781]BlueprintEditorCompileResults:Error: Error This blueprint (self) is not a PlayerController, therefore ' Target ' must have a connection.
[2015.12.03-02.57.12:631][781]BlueprintEditorCompileResults:Warning: Warning [0459.67] Compile of Cubeasaurus failed. 1 Fatal Issue(s) 0 Warning(s) [in 288 ms]
[2015.12.03-02.57.27:987][743]BlueprintLog: New page: Compile Cubeasaurus
[2015.12.03-02.57.28:172][743]LogActorComponent: UnregisterComponent: (/Engine/Transient.CharMoveComp) Not registered. Aborting.
[2015.12.03-02.57.28:232][743]BlueprintEditorCompileResults: Info [0475.27] Compile of Cubeasaurus successful! [in 243 ms]
[2015.12.03-02.57.35:088][133]Cmd: OBJ SAVEPACKAGE PACKAGE="/Game/Maps/Prototype" FILE="../../../../../../Users/Owner/Documents/Unreal Projects/ProjectDino/Content/Maps/Prototype.umap" SILENT=true AUTOSAVING=false KEEPDIRTY=false
[2015.12.03-02.57.35:091][133]LogActorComponent: UnregisterComponent: (/Engine/Transient.CharMoveComp) Not registered. Aborting.
[2015.12.03-02.57.35:372][133]LogSavePackage: Save=159.881363ms
[2015.12.03-02.57.35:372][133]LogSavePackage: Moving '../../../../../../Users/Owner/Documents/Unreal Projects/ProjectDino/Saved/Prototype365928434A84A48AB66AABA4346F8A85.tmp' to '../../../../../../Users/Owner/Documents/Unreal Projects/ProjectDino/Content/Maps/Prototype.umap'
[2015.12.03-02.57.35:374][133]LogSavePackage: Total save time: 202.038024ms
[2015.12.03-02.57.35:374][133]LogSavePackage:Display: Finished SavePackage ../../../../../../Users/Owner/Documents/Unreal Projects/ProjectDino/Content/Maps/Prototype.umap
[2015.12.03-02.57.36:235][180]LogBlueprintUserMessages: Early PlayInEditor Detection: Level '/Game/Maps/Prototype.Prototype:PersistentLevel' has LevelScriptBlueprint '/Game/Maps/Prototype.Prototype:PersistentLevel.Prototype' with GeneratedClass '/Game/Maps/Prototype.Prototype_C' with ClassGeneratedBy '/Game/Maps/Prototype.Prototype:PersistentLevel.Prototype'
[2015.12.03-02.57.36:236][180]LogPlayLevel: PlayLevel: No blueprints needed recompiling
[2015.12.03-02.57.36:236][180]PIE: New page: PIE session: Prototype (3 Dec 2015 6:57:36 pm)
[2015.12.03-02.57.36:236][180]LogPlayLevel: Creating play world package: /Game/Maps/UEDPIE_0_Prototype
[2015.12.03-02.57.36:244][180]LogPlayLevel: PIE: StaticDuplicateObject took: (0.007526s)
[2015.12.03-02.57.36:245][180]LogAIModule: Creating AISystem for world Prototype
[2015.12.03-02.57.36:245][180]LogPlayLevel: PIE: World Init took: (0.001362s)
[2015.12.03-02.57.36:245][180]LogPlayLevel: PIE: Created PIE world by copying editor world from /Game/Maps/Prototype.Prototype to /Game/Maps/UEDPIE_0_Prototype.Prototype (0.009221s)
[2015.12.03-02.57.36:306][180]LogInit: XAudio2 using 'Speakers (High Definition Audio Device)' : 2 channels at 44.1 kHz using 16 bits per sample (channel mask 0x3)
[2015.12.03-02.57.36:312][180]LogInit: FAudioDevice initialized.
[2015.12.03-02.57.36:392][180]LogWorld: Game class is 'GameMode_Default_C'
[2015.12.03-02.57.36:398][180]LogWorld: Bringing World /Game/Maps/UEDPIE_0_Prototype.Prototype up for play (max tick rate 0) at 2015.12.03-10.57.36
[2015.12.03-02.57.36:398][180]LogActor:Warning: GameSession /Game/Maps/UEDPIE_0_Prototype.Prototype:PersistentLevel.GameSession_0 has natively added scene component(s), but none of them were set as the actor's RootComponent - picking one arbitrarily
[2015.12.03-02.57.36:398][180]LogActor:Warning: GameNetworkManager /Game/Maps/UEDPIE_0_Prototype.Prototype:PersistentLevel.GameNetworkManager_0 has natively added scene component(s), but none of them were set as the actor's RootComponent - picking one arbitrarily
[2015.12.03-02.57.36:398][180]LogWorld: Bringing up level for play took: 0.003891
[2015.12.03-02.57.36:474][180]PIE: Info Play in editor start time for /Game/Maps/UEDPIE_0_Prototype 0.819
[2015.12.03-02.57.36:475][180]LogBlueprintUserMessages: Late PlayInEditor Detection: Level '/Game/Maps/Prototype.Prototype:PersistentLevel' has LevelScriptBlueprint '/Game/Maps/Prototype.Prototype:PersistentLevel.Prototype' with GeneratedClass '/Game/Maps/Prototype.Prototype_C' with ClassGeneratedBy '/Game/Maps/Prototype.Prototype:PersistentLevel.Prototype'
[2015.12.03-02.57.36:554][181]LogRenderer: Reallocating scene render targets to support 1280x756 (Frame:10136).
[2015.12.03-02.57.48:032][695]LogBlueprintUserMessages: Early EndPlayMap Detection: Level '/Game/Maps/Prototype.Prototype:PersistentLevel' has LevelScriptBlueprint '/Game/Maps/Prototype.Prototype:PersistentLevel.Prototype' with GeneratedClass '/Game/Maps/Prototype.Prototype_C' with ClassGeneratedBy '/Game/Maps/Prototype.Prototype:PersistentLevel.Prototype'
[2015.12.03-02.57.48:134][695]LogBlueprintUserMessages: Late EndPlayMap Detection: Level '/Game/Maps/Prototype.Prototype:PersistentLevel' has LevelScriptBlueprint '/Game/Maps/Prototype.Prototype:PersistentLevel.Prototype' with GeneratedClass '/Game/Maps/Prototype.Prototype_C' with ClassGeneratedBy '/Game/Maps/Prototype.Prototype:PersistentLevel.Prototype'
[2015.12.03-02.57.48:181][695]LogParticles: Destroying 0 GPU particle simulations for FXSystem 0x000000007980B2E0
[2015.12.03-02.57.55:836][169]BlueprintLog: New page: Compile Prototype
[2015.12.03-02.57.55:893][169]LogActorComponent: UnregisterComponent: (/Engine/Transient.ProjectileMovement_GEN_VARIABLE) Not registered. Aborting.
[2015.12.03-02.57.55:893][169]LogActorComponent: UnregisterComponent: (/Engine/Transient.CharMoveComp) Not registered. Aborting.
[2015.12.03-02.57.55:931][169]BlueprintEditorCompileResults: Info [0502.97] Compile of Prototype successful! [in 95 ms]
[2015.12.03-02.57.58:331][334]LogBlueprintUserMessages: Early PlayInEditor Detection: Level '/Game/Maps/Prototype.Prototype:PersistentLevel' has LevelScriptBlueprint '/Game/Maps/Prototype.Prototype:PersistentLevel.Prototype' with GeneratedClass '/Game/Maps/Prototype.Prototype_C' with ClassGeneratedBy '/Game/Maps/Prototype.Prototype:PersistentLevel.Prototype'
[2015.12.03-02.57.58:331][334]LogPlayLevel: PlayLevel: No blueprints needed recompiling
[2015.12.03-02.57.58:332][334]PIE: New page: PIE session: Prototype (3 Dec 2015 6:57:58 pm)
[2015.12.03-02.57.58:332][334]LogPlayLevel: Creating play world package: /Game/Maps/UEDPIE_0_Prototype
[2015.12.03-02.57.58:341][334]LogPlayLevel: PIE: StaticDuplicateObject took: (0.008837s)
[2015.12.03-02.57.58:342][334]LogAIModule: Creating AISystem for world Prototype
[2015.12.03-02.57.58:342][334]LogPlayLevel: PIE: World Init took: (0.001396s)
[2015.12.03-02.57.58:342][334]LogPlayLevel: PIE: Created PIE world by copying editor world from /Game/Maps/Prototype.Prototype to /Game/Maps/UEDPIE_0_Prototype.Prototype (0.010615s)
[2015.12.03-02.57.58:393][334]LogInit: XAudio2 using 'Speakers (High Definition Audio Device)' : 2 channels at 44.1 kHz using 16 bits per sample (channel mask 0x3)
[2015.12.03-02.57.58:398][334]LogInit: FAudioDevice initialized.
[2015.12.03-02.57.58:446][334]LogWorld: Game class is 'GameMode_Default_C'
[2015.12.03-02.57.58:450][334]LogWorld: Bringing World /Game/Maps/UEDPIE_0_Prototype.Prototype up for play (max tick rate 0) at 2015.12.03-10.57.58
[2015.12.03-02.57.58:450][334]LogActor:Warning: GameSession /Game/Maps/UEDPIE_0_Prototype.Prototype:PersistentLevel.GameSession_1 has natively added scene component(s), but none of them were set as the actor's RootComponent - picking one arbitrarily
[2015.12.03-02.57.58:451][334]LogActor:Warning: GameNetworkManager /Game/Maps/UEDPIE_0_Prototype.Prototype:PersistentLevel.GameNetworkManager_1 has natively added scene component(s), but none of them were set as the actor's RootComponent - picking one arbitrarily
[2015.12.03-02.57.58:451][334]LogWorld: Bringing up level for play took: 0.003332
[2015.12.03-02.57.58:456][334]LogPlayerManagement:Error: Failed to Create Player: A local player already exists for controller ID 0,
[2015.12.03-02.57.58:506][334]PIE: Info Play in editor start time for /Game/Maps/UEDPIE_0_Prototype 0.85
[2015.12.03-02.57.58:506][334]LogBlueprintUserMessages: Late PlayInEditor Detection: Level '/Game/Maps/Prototype.Prototype:PersistentLevel' has LevelScriptBlueprint '/Game/Maps/Prototype.Prototype:PersistentLevel.Prototype' with GeneratedClass '/Game/Maps/Prototype.Prototype_C' with ClassGeneratedBy '/Game/Maps/Prototype.Prototype:PersistentLevel.Prototype'
[2015.12.03-02.58.07:404][912]LogBlueprintUserMessages: Early EndPlayMap Detection: Level '/Game/Maps/Prototype.Prototype:PersistentLevel' has LevelScriptBlueprint '/Game/Maps/Prototype.Prototype:PersistentLevel.Prototype' with GeneratedClass '/Game/Maps/Prototype.Prototype_C' with ClassGeneratedBy '/Game/Maps/Prototype.Prototype:PersistentLevel.Prototype'
[2015.12.03-02.58.07:477][912]LogBlueprintUserMessages: Late EndPlayMap Detection: Level '/Game/Maps/Prototype.Prototype:PersistentLevel' has LevelScriptBlueprint '/Game/Maps/Prototype.Prototype:PersistentLevel.Prototype' with GeneratedClass '/Game/Maps/Prototype.Prototype_C' with ClassGeneratedBy '/Game/Maps/Prototype.Prototype:PersistentLevel.Prototype'
[2015.12.03-02.58.07:548][913]LogParticles: Destroying 0 GPU particle simulations for FXSystem 0x0000000052552B60
[2015.12.03-02.58.20:446][617]BlueprintLog: New page: Compile Cubeasaurus
[2015.12.03-02.58.20:582][617]LogActorComponent: UnregisterComponent: (/Engine/Transient.CharMoveComp) Not registered. Aborting.
[2015.12.03-02.58.20:629][617]BlueprintEditorCompileResults: Info [0527.66] Compile of Cubeasaurus successful! [in 183 ms]
[2015.12.03-03.00.52:993][454]LogActorComponent: UnregisterComponent: (/Engine/Transient.CharMoveComp) Not registered. Aborting.
[2015.12.03-03.00.55:953][455]Cmd: QUIT_EDITOR
[2015.12.03-03.00.56:213][455]LogExit: Preparing to exit.
[2015.12.03-03.00.56:738][455]LogExit: Editor shut down
[2015.12.03-03.00.56:738][455]LogExit: Transaction tracking system shut down
[2015.12.03-03.00.56:740][455]LogParticles: Destroying 0 GPU particle simulations for FXSystem 0x00000000161F9580
[2015.12.03-03.00.56:740][455]LogParticles: Destroying 0 GPU particle simulations for FXSystem 0x00000000369DF880
[2015.12.03-03.00.56:741][455]LogParticles: Destroying 0 GPU particle simulations for FXSystem 0x000000003687C2C0
[2015.12.03-03.00.56:741][455]LogParticles: Destroying 0 GPU particle simulations for FXSystem 0x0000000035CC44A0
[2015.12.03-03.00.56:741][455]LogParticles: Destroying 0 GPU particle simulations for FXSystem 0x000000003BF4E660
[2015.12.03-03.00.56:746][455]LogParticles: Destroying 0 GPU particle simulations for FXSystem 0x0000000078E65A80
[2015.12.03-03.00.57:045][455]LogExit: Object subsystem successfully closed.
[2015.12.03-03.00.57:057][455]LogD3D11RHI: Shutdown
[2015.12.03-03.00.57:057][455]LogD3D11RHI: CleanupD3DDevice
[2015.12.03-03.00.57:132][455]LogD3D11RHI: ~FD3D11DynamicRHI
[2015.12.03-03.00.57:150][455]LogModuleManager: Shutting down and abandoning module CookingStats (200)
[2015.12.03-03.00.57:150][455]LogModuleManager: Shutting down and abandoning module BlueprintGraph (199)
[2015.12.03-03.00.57:150][455]LogModuleManager: Shutting down and abandoning module CrashTracker (198)
[2015.12.03-03.00.57:150][455]LogModuleManager: Shutting down and abandoning module SceneOutliner (197)
[2015.12.03-03.00.57:150][455]LogModuleManager: Shutting down and abandoning module SuperSearch (196)
[2015.12.03-03.00.57:150][455]LogModuleManager: Shutting down and abandoning module WidgetCarousel (195)
[2015.12.03-03.00.57:150][455]LogModuleManager: Shutting down and abandoning module AddContentDialog (194)
[2015.12.03-03.00.57:151][455]LogModuleManager: Shutting down and abandoning module EditorWidgets (193)
[2015.12.03-03.00.57:151][455]LogModuleManager: Shutting down and abandoning module CollectionManager (192)
[2015.12.03-03.00.57:151][455]LogModuleManager: Shutting down and abandoning module StatsViewer (191)
[2015.12.03-03.00.57:151][455]LogModuleManager: Shutting down and abandoning module FoliageEdit (190)
[2015.12.03-03.00.57:152][455]LogModuleManager: Shutting down and abandoning module LandscapeEditor (189)
[2015.12.03-03.00.57:152][455]LogModuleManager: Shutting down and abandoning module ActorPickerMode (188)
[2015.12.03-03.00.57:152][455]LogModuleManager: Shutting down and abandoning module GeometryMode (187)
[2015.12.03-03.00.57:152][455]LogModuleManager: Shutting down and abandoning module TextureAlignMode (186)
[2015.12.03-03.00.57:152][455]LogModuleManager: Shutting down and abandoning module BspMode (185)
[2015.12.03-03.00.57:152][455]LogModuleManager: Shutting down and abandoning module PlacementMode (184)
[2015.12.03-03.00.57:152][455]LogModuleManager: Shutting down and abandoning module AutomationWorker (183)
[2015.12.03-03.00.57:152][455]LogModuleManager: Shutting down and abandoning module CharacterAI (182)
[2015.12.03-03.00.57:152][455]LogModuleManager: Shutting down and abandoning module SmartSnapping (181)
[2015.12.03-03.00.57:152][455]LogModuleManager: Shutting down and abandoning module ViewportSnapping (180)
[2015.12.03-03.00.57:152][455]LogModuleManager: Shutting down and abandoning module LogVisualizer (179)
[2015.12.03-03.00.57:152][455]LogModuleManager: Shutting down and abandoning module GameProjectGeneration (178)
[2015.12.03-03.00.57:152][455]LogModuleManager: Shutting down and abandoning module IntroTutorials (177)
[2015.12.03-03.00.57:152][455]LogModuleManager: Shutting down and abandoning module EditorLiveStreaming (176)
[2015.12.03-03.00.57:152][455]LogModuleManager: Shutting down and abandoning module IOSPlatformEditor (175)
[2015.12.03-03.00.57:152][455]LogModuleManager: Shutting down and abandoning module HTML5PlatformEditor (174)
[2015.12.03-03.00.57:152][455]LogModuleManager: Shutting down and abandoning module AndroidDeviceDetection (173)
[2015.12.03-03.00.57:861][455]LogModuleManager: Shutting down and abandoning module AndroidPlatformEditor (172)
[2015.12.03-03.00.57:861][455]LogModuleManager: Shutting down and abandoning module IOSRuntimeSettings (171)
[2015.12.03-03.00.57:861][455]LogModuleManager: Shutting down and abandoning module AndroidRuntimeSettings (170)
[2015.12.03-03.00.57:861][455]LogModuleManager: Shutting down and abandoning module MergeActors (169)
[2015.12.03-03.00.57:861][455]LogModuleManager: Shutting down and abandoning module SizeMap (168)
[2015.12.03-03.00.57:861][455]LogModuleManager: Shutting down and abandoning module TreeMap (167)
[2015.12.03-03.00.57:861][455]LogModuleManager: Shutting down and abandoning module ReferenceViewer (166)
[2015.12.03-03.00.57:861][455]LogModuleManager: Shutting down and abandoning module LocalizationService (165)
[2015.12.03-03.00.57:861][455]LogModuleManager: Shutting down and abandoning module LocalizationDashboard (164)
[2015.12.03-03.00.57:861][455]LogModuleManager: Shutting down and abandoning module HardwareTargeting (163)
[2015.12.03-03.00.57:861][455]LogModuleManager: Shutting down and abandoning module DeviceProfileEditor (162)
[2015.12.03-03.00.57:861][455]LogModuleManager: Shutting down and abandoning module UndoHistory (161)
[2015.12.03-03.00.57:861][455]LogModuleManager: Shutting down and abandoning module GameplayTagsEditor (160)
[2015.12.03-03.00.57:861][455]LogModuleManager: Shutting down and abandoning module UserFeedback (159)
[2015.12.03-03.00.57:861][455]LogModuleManager: Shutting down and abandoning module XmlParser (158)
[2015.12.03-03.00.57:861][455]LogModuleManager: Shutting down and abandoning module Blutility (157)
[2015.12.03-03.00.57:861][455]LogModuleManager: Shutting down and abandoning module ProjectTargetPlatformEditor (156)
[2015.12.03-03.00.57:862][455]LogModuleManager: Shutting down and abandoning module ProjectSettingsViewer (155)
[2015.12.03-03.00.57:862][455]LogModuleManager: Shutting down and abandoning module InputBindingEditor (154)
[2015.12.03-03.00.57:862][455]LogModuleManager: Shutting down and abandoning module EditorSettingsViewer (153)
[2015.12.03-03.00.57:862][455]LogModuleManager: Shutting down and abandoning module SettingsEditor (152)
[2015.12.03-03.00.57:862][455]LogModuleManager: Shutting down and abandoning module ProjectLauncher (151)
[2015.12.03-03.00.57:862][455]LogModuleManager: Shutting down and abandoning module SessionFrontend (150)
[2015.12.03-03.00.57:862][455]LogModuleManager: Shutting down and abandoning module ProfilerClient (149)
[2015.12.03-03.00.57:862][455]LogModuleManager: Shutting down and abandoning module TargetDeviceServices (148)
[2015.12.03-03.00.57:862][455]LogModuleManager: Shutting down and abandoning module DeviceManager (147)
[2015.12.03-03.00.57:862][455]LogModuleManager: Shutting down and abandoning module AutomationController (146)
[2015.12.03-03.00.57:862][455]LogModuleManager: Shutting down and abandoning module AutomationWindow (145)
[2015.12.03-03.00.57:862][455]LogModuleManager: Shutting down and abandoning module Layers (144)
[2015.12.03-03.00.57:862][455]LogModuleManager: Shutting down and abandoning module ComponentVisualizers (143)
[2015.12.03-03.00.57:862][455]LogModuleManager: Shutting down and abandoning module DetailCustomizations (142)
[2015.12.03-03.00.57:862][455]LogModuleManager: Shutting down and abandoning module PackagesDialog (141)
[2015.12.03-03.00.57:862][455]LogModuleManager: Shutting down and abandoning module Persona (140)
[2015.12.03-03.00.57:862][455]LogModuleManager: Shutting down and abandoning module Kismet (139)
[2015.12.03-03.00.57:862][455]LogModuleManager: Shutting down and abandoning module GraphEditor (138)
[2015.12.03-03.00.57:862][455]LogModuleManager: Shutting down and abandoning module ClassViewer (137)
[2015.12.03-03.00.57:862][455]LogModuleManager: Shutting down and abandoning module Toolbox (136)
[2015.12.03-03.00.57:862][455]LogModuleManager: Shutting down and abandoning module ModuleUI (135)
[2015.12.03-03.00.57:862][455]LogModuleManager: Shutting down and abandoning module MovieSceneTools (134)
[2015.12.03-03.00.57:863][455]LogModuleManager: Shutting down and abandoning module OutputLog (133)
[2015.12.03-03.00.57:863][455]LogModuleManager: Shutting down and abandoning module GammaUI (132)
[2015.12.03-03.00.57:863][455]LogModuleManager: Shutting down and abandoning module Documentation (131)
[2015.12.03-03.00.57:863][455]LogModuleManager: Shutting down and abandoning module GameLiveStreaming (130)
[2015.12.03-03.00.57:863][455]LogModuleManager: Shutting down and abandoning module StreamingPauseRendering (129)
[2015.12.03-03.00.57:863][455]LogModuleManager: Shutting down and abandoning module AnalyticsET (128)
[2015.12.03-03.00.57:863][455]LogModuleManager: Shutting down and abandoning module Analytics (127)
[2015.12.03-03.00.57:863][455]LogModuleManager: Shutting down and abandoning module AITestSuite (126)
[2015.12.03-03.00.57:863][455]LogModuleManager: Shutting down and abandoning module GameplayDebugger (125)
[2015.12.03-03.00.57:863][455]LogModuleManager: Shutting down and abandoning module AIModule (124)
[2015.12.03-03.00.57:863][455]LogModuleManager: Shutting down and abandoning module ProfilerService (123)
[2015.12.03-03.00.57:975][455]LogModuleManager: Shutting down and abandoning module TaskGraph (122)
[2015.12.03-03.00.57:975][455]LogModuleManager: Shutting down and abandoning module SlateRemote (121)
[2015.12.03-03.00.57:975][455]LogModuleManager: Shutting down and abandoning module SteamVRController (120)
[2015.12.03-03.00.57:975][455]LogModuleManager: Shutting down and abandoning module SteamVR (119)
[2015.12.03-03.00.57:975][455]LogModuleManager: Shutting down and abandoning module ProceduralMeshComponent (118)
[2015.12.03-03.00.57:975][455]LogModuleManager: Shutting down and abandoning module OculusLibrary (117)
[2015.12.03-03.00.57:975][455]LogModuleManager: Shutting down and abandoning module OculusInput (116)
[2015.12.03-03.00.57:975][455]LogModuleManager: Shutting down and abandoning module LeapMotionController (115)
[2015.12.03-03.00.57:980][455]LogModuleManager: Shutting down and abandoning module CustomMeshComponent (114)
[2015.12.03-03.00.57:980][455]LogModuleManager: Shutting down and abandoning module CableComponent (113)
[2015.12.03-03.00.57:980][455]LogModuleManager: Shutting down and abandoning module ArchVisCharacter (112)
[2015.12.03-03.00.57:980][455]LogModuleManager: Shutting down and abandoning module MessagingDebugger (111)
[2015.12.03-03.00.57:980][455]LogModuleManager: Shutting down and abandoning module MediaPlayerEditor (110)
[2015.12.03-03.00.57:980][455]LogModuleManager: Shutting down and abandoning module HTML5Networking (109)
[2015.12.03-03.00.57:980][455]LogModuleManager: Shutting down and abandoning module SpeedTreeImporter (108)
[2015.12.03-03.00.57:980][455]LogModuleManager: Shutting down and abandoning module PluginBrowser (107)
[2015.12.03-03.00.57:980][455]LogModuleManager: Shutting down and abandoning module EpicSurvey (106)
[2015.12.03-03.00.57:980][455]LogModuleManager: Shutting down and abandoning module DesktopPlatform (105)
[2015.12.03-03.00.57:980][455]LogModuleManager: Shutting down and abandoning module VisualStudioSourceCodeAccess (104)
[2015.12.03-03.00.57:980][455]LogModuleManager: Shutting down and abandoning module UObjectPlugin (103)
[2015.12.03-03.00.57:980][455]LogModuleManager: Shutting down and abandoning module SubversionSourceControl (102)
[2015.12.03-03.00.57:980][455]LogModuleManager: Shutting down and abandoning module PerforceSourceControl (101)
[2015.12.03-03.00.57:980][455]LogModuleManager: Shutting down and abandoning module SourceControl (100)
[2015.12.03-03.00.57:980][455]LogModuleManager: Shutting down and abandoning module GitSourceControl (99)
[2015.12.03-03.00.57:980][455]LogModuleManager: Shutting down and abandoning module LightPropagationVolumeEditor (98)
[2015.12.03-03.00.57:980][455]LogModuleManager: Shutting down and abandoning module PaperTiledImporter (97)
[2015.12.03-03.00.57:980][455]LogModuleManager: Shutting down and abandoning module PaperSpriteSheetImporter (96)
[2015.12.03-03.00.57:980][455]LogModuleManager: Shutting down and abandoning module MeshPaint (95)
[2015.12.03-03.00.57:980][455]LogModuleManager: Shutting down and abandoning module SlateReflector (94)
[2015.12.03-03.00.57:980][455]LogModuleManager: Shutting down and abandoning module HotReload (93)
[2015.12.03-03.00.57:980][455]LogModuleManager: Shutting down and abandoning module MainFrame (92)
[2015.12.03-03.00.57:980][455]LogModuleManager: Shutting down and abandoning module LevelEditor (91)
[2015.12.03-03.00.57:981][455]LogModuleManager: Shutting down and abandoning module DirectoryWatcher (90)
[2015.12.03-03.00.57:982][455]LogModuleManager: Shutting down and abandoning module AssetRegistry (89)
[2015.12.03-03.00.58:070][455]LogModuleManager: Shutting down and abandoning module ContentBrowser (88)
[2015.12.03-03.00.58:071][455]LogModuleManager: Shutting down and abandoning module Paper2DEditor (87)
[2015.12.03-03.00.58:071][455]LogModuleManager: Shutting down and abandoning module UdpMessaging (86)
[2015.12.03-03.00.58:171][455]LogModuleManager: Shutting down and abandoning module LightPropagationVolumeRuntime (85)
[2015.12.03-03.00.58:171][455]LogModuleManager: Shutting down and abandoning module Paper2D (84)
[2015.12.03-03.00.58:171][455]LogModuleManager: Shutting down and abandoning module WindowsMoviePlayer (83)
[2015.12.03-03.00.58:174][455]LogModuleManager: Shutting down and abandoning module Media (82)
[2015.12.03-03.00.58:174][455]LogModuleManager: Shutting down and abandoning module WmfMedia (81)
[2015.12.03-03.00.58:174][455]LogModuleManager: Shutting down and abandoning module OnlineBlueprintSupport (80)
[2015.12.03-03.00.58:174][455]LogModuleManager: Shutting down and abandoning module GameplayTasksEditor (79)
[2015.12.03-03.00.58:174][455]LogModuleManager: Shutting down and abandoning module PropertyEditor (78)
[2015.12.03-03.00.58:175][455]LogModuleManager: Shutting down and abandoning module BehaviorTreeEditor (77)
[2015.12.03-03.00.58:175][455]LogModuleManager: Shutting down and abandoning module FunctionalTesting (76)
[2015.12.03-03.00.58:175][455]LogModuleManager: Shutting down and abandoning module CollisionAnalyzer (75)
[2015.12.03-03.00.58:175][455]LogModuleManager: Shutting down and abandoning module WorkspaceMenuStructure (74)
[2015.12.03-03.00.58:175][455]LogModuleManager: Shutting down and abandoning module MessageLog (73)
[2015.12.03-03.00.58:175][455]LogModuleManager: Shutting down and abandoning module Sequencer (72)
[2015.12.03-03.00.58:175][455]LogModuleManager: Shutting down and abandoning module AssetTools (71)
[2015.12.03-03.00.58:175][455]LogModuleManager: Shutting down and abandoning module UMGEditor (70)
[2015.12.03-03.00.58:175][455]LogModuleManager: Shutting down and abandoning module UMG (69)
[2015.12.03-03.00.58:175][455]LogModuleManager: Shutting down and abandoning module Slate (68)
[2015.12.03-03.00.58:175][455]LogModuleManager: Shutting down and abandoning module EditorStyle (67)
[2015.12.03-03.00.58:177][455]LogModuleManager: Shutting down and abandoning module SessionServices (66)
[2015.12.03-03.00.58:177][455]LogModuleManager: Shutting down and abandoning module SourceCodeAccess (65)
[2015.12.03-03.00.58:177][455]LogModuleManager: Shutting down and abandoning module HeadMountedDisplay (64)
[2015.12.03-03.00.58:177][455]LogModuleManager: Shutting down and abandoning module XAudio2 (63)
[2015.12.03-03.00.58:177][455]LogModuleManager: Shutting down and abandoning module Networking (61)
[2015.12.03-03.00.58:177][455]LogModuleManager: Shutting down and abandoning module Core (60)
[2015.12.03-03.00.58:177][455]LogModuleManager: Shutting down and abandoning module KismetCompiler (59)
[2015.12.03-03.00.58:177][455]LogModuleManager: Shutting down and abandoning module PhysXFormats (58)
[2015.12.03-03.00.58:177][455]LogModuleManager: Shutting down and abandoning module MeshUtilities (57)
[2015.12.03-03.00.58:177][455]LogModuleManager: Shutting down and abandoning module DerivedDataCache (56)
[2015.12.03-03.00.58:211][455]LogDerivedDataCache: Shutdown
[2015.12.03-03.00.58:211][455]LogModuleManager: Shutting down and abandoning module ShaderFormatOpenGL (55)
[2015.12.03-03.00.58:211][455]LogModuleManager: Shutting down and abandoning module ShaderFormatD3D (54)
[2015.12.03-03.00.58:211][455]LogModuleManager: Shutting down and abandoning module MetalShaderFormat (53)
[2015.12.03-03.00.58:211][455]LogModuleManager: Shutting down and abandoning module TextureFormatUncompressed (52)
[2015.12.03-03.00.58:211][455]LogModuleManager: Shutting down and abandoning module TextureFormatPVR (51)
[2015.12.03-03.00.58:211][455]LogModuleManager: Shutting down and abandoning module TextureFormatIntelISPCTexComp (50)
[2015.12.03-03.00.58:211][455]LogModuleManager: Shutting down and abandoning module TextureFormatDXT (49)
[2015.12.03-03.00.58:211][455]LogModuleManager: Shutting down and abandoning module ImageWrapper (48)
[2015.12.03-03.00.58:211][455]LogModuleManager: Shutting down and abandoning module TextureFormatASTC (47)
[2015.12.03-03.00.58:211][455]LogModuleManager: Shutting down and abandoning module TextureFormatAndroid (46)
[2015.12.03-03.00.58:211][455]LogModuleManager: Shutting down and abandoning module AudioFormatOpus (45)
[2015.12.03-03.00.58:211][455]LogModuleManager: Shutting down and abandoning module AudioFormatOgg (44)
[2015.12.03-03.00.58:211][455]LogModuleManager: Shutting down and abandoning module AudioFormatADPCM (43)
[2015.12.03-03.00.58:211][455]LogModuleManager: Shutting down and abandoning module LinuxTargetPlatform (42)
[2015.12.03-03.00.58:211][455]LogModuleManager: Shutting down and abandoning module LinuxServerTargetPlatform (41)
[2015.12.03-03.00.58:211][455]LogModuleManager: Shutting down and abandoning module LinuxNoEditorTargetPlatform (40)
[2015.12.03-03.00.58:211][455]LogModuleManager: Shutting down and abandoning module Messaging (39)
[2015.12.03-03.00.58:211][455]LogModuleManager: Shutting down and abandoning module IOSTargetPlatform (38)
[2015.12.03-03.00.58:211][455]LogModuleManager: Shutting down and abandoning module HTML5TargetPlatform (37)
