[2015.12.04-13.24.09:901][  0]Log file open, 12/04/15 21:24:09
[2015.12.04-13.24.09:901][  0]LogInit:Display: Running engine for game: ProjectDino
[2015.12.04-13.24.09:901][  0]LogPlatformFile: Not using cached read wrapper
[2015.12.04-13.24.09:901][  0]LogInit:Display: RandInit(-1336461709) SRandInit(-1336461708).
[2015.12.04-13.24.09:901][  0]LogTaskGraph: Started task graph with 4 named threads and 7 total threads.
[2015.12.04-13.24.09:901][  0]LogStats: Stats thread started at 0.076204
[2015.12.04-13.24.09:901][  0]LogInit: Version: 4.10.0-2758231+++depot+UE4-Releases+4.10
[2015.12.04-13.24.09:901][  0]LogInit: API Version: 2758231
[2015.12.04-13.24.09:901][  0]LogInit: Compiled (64-bit): Nov  7 2015 05:13:45
[2015.12.04-13.24.09:901][  0]LogInit: Compiled with Visual C++: 19.00.23026.00
[2015.12.04-13.24.09:901][  0]LogInit: Build Configuration: Development
[2015.12.04-13.24.09:901][  0]LogInit: Branch Name: ++depot+UE4-Releases+4.10
[2015.12.04-13.24.09:901][  0]LogInit: Command line:  
[2015.12.04-13.24.09:901][  0]LogInit: Base directory: C:/Program Files/Epic Games/4.10/Engine/Binaries/Win64/
[2015.12.04-13.24.09:901][  0]LogInit: Rocket: 1
[2015.12.04-13.24.09:911][  0]LogInit: Using libcurl 7.41.0
[2015.12.04-13.24.09:911][  0]LogInit:  - built for x86_64-pc-win32
[2015.12.04-13.24.09:911][  0]LogInit:  - supports SSL with WinSSL
[2015.12.04-13.24.09:911][  0]LogInit:  - other features:
[2015.12.04-13.24.09:911][  0]LogInit:      CURL_VERSION_SSL
[2015.12.04-13.24.09:911][  0]LogInit:      CURL_VERSION_IPV6
[2015.12.04-13.24.09:911][  0]LogInit:      CURL_VERSION_ASYNCHDNS
[2015.12.04-13.24.09:911][  0]LogInit:      CURL_VERSION_LARGEFILE
[2015.12.04-13.24.09:911][  0]LogInit:      CURL_VERSION_IDN
[2015.12.04-13.24.09:911][  0]LogInit:  CurlRequestOptions (configurable via config and command line):
[2015.12.04-13.24.09:911][  0]LogInit:  - bVerifyPeer = true  - Libcurl will verify peer certificate
[2015.12.04-13.24.09:911][  0]LogInit:  - bUseHttpProxy = false  - Libcurl will NOT use HTTP proxy
[2015.12.04-13.24.09:911][  0]LogInit:  - bDontReuseConnections = false  - Libcurl will reuse connections
[2015.12.04-13.24.09:911][  0]LogInit:  - CertBundlePath = nullptr  - Libcurl will use whatever was configured at build time.
[2015.12.04-13.24.09:922][  0]LogInit: Presizing for 0 objects not considered by GC, pre-allocating 0 bytes.
[2015.12.04-13.24.09:933][  0]LogInit: Object subsystem initialized
[2015.12.04-13.24.09:934][  0]LogInit: Selected Device Profile: [Windows]
[2015.12.04-13.24.09:934][  0]LogInit: Applying CVar settings loaded from the selected device profile: [Windows]
[2015.12.04-13.24.09:947][  0]LogInit: Computer: OWNER-PC
[2015.12.04-13.24.09:947][  0]LogInit: User: Owner
[2015.12.04-13.24.09:947][  0]LogInit: CPU Page size=4096, Cores=4
[2015.12.04-13.24.09:947][  0]LogInit: High frequency timer resolution =2.732470 MHz
[2015.12.04-13.24.09:947][  0]LogMemory: Memory total: Physical=12.0GB (12GB approx)
[2015.12.04-13.24.09:947][  0]LogMemory: Platform Memory Stats for Windows
[2015.12.04-13.24.09:947][  0]LogMemory: Process Physical Memory: 57.47 MB used, 57.47 MB peak
[2015.12.04-13.24.09:947][  0]LogMemory: Process Virtual Memory: 57.63 MB used, 57.63 MB peak
[2015.12.04-13.24.09:947][  0]LogMemory: Physical Memory: 3338.68 MB used, 12283.49 MB total
[2015.12.04-13.24.09:947][  0]LogMemory: Virtual Memory: 350.52 MB used, 8388608.00 MB total
[2015.12.04-13.24.09:987][  0]LogTextLocalizationManager: No specific translations for ('en-AU') exist, so ('en') translations will be used.
[2015.12.04-13.24.10:643][  0]LogD3D11RHI: Found D3D11 adapter 0: NVIDIA GeForce GTX 750 Ti (Feature Level 11_0)
[2015.12.04-13.24.10:643][  0]LogD3D11RHI: Adapter has 1993MB of dedicated video memory, 0MB of dedicated system memory, and 2048MB of shared system memory, 1 output[s]
[2015.12.04-13.24.10:643][  0]LogD3D11RHI: Chosen D3D11 Adapter Id = 0
[2015.12.04-13.24.10:648][  0]LogD3D11RHI: !Direct3DDevice
[2015.12.04-13.24.10:648][  0]LogRHI: Texture pool is 1361 MB (70% of 1945 MB)
[2015.12.04-13.24.10:666][  0]LogD3D11RHI: Async texture creation enabled
[2015.12.04-13.24.11:391][  0]LogShaderCompilers: Guid format shader working directory is -21 characters bigger than the processId version (../../../../../../Users/Owner/Documents/Unreal Projects/ProjectDino/Intermediate/Shaders/WorkingDirectory/6256/).
[2015.12.04-13.24.11:391][  0]LogShaderCompilers: Cleaned the shader compiler working directory 'C:/Users/Owner/AppData/Local/Temp/UnrealShaderWorkingDir/8A24C183417A3BA2544435A83F7F693D/'.
[2015.12.04-13.24.11:391][  0]LogShaderCompilers:Display: Using Local Shader Compiler.
[2015.12.04-13.24.12:807][  0]LogTemp:Display: Loaded TP AllDesktopTargetPlatform
[2015.12.04-13.24.12:812][  0]LogTemp:Display: Loaded TP WindowsClientTargetPlatform
[2015.12.04-13.24.12:818][  0]LogTemp:Display: Loaded TP WindowsNoEditorTargetPlatform
[2015.12.04-13.24.12:823][  0]LogTemp:Display: Loaded TP WindowsServerTargetPlatform
[2015.12.04-13.24.12:829][  0]LogTemp:Display: Loaded TP WindowsTargetPlatform
[2015.12.04-13.24.12:833][  0]LogTemp:Display: Loaded TP AndroidTargetPlatform
[2015.12.04-13.24.12:836][  0]LogTemp:Display: Loaded TP Android_ASTCTargetPlatform
[2015.12.04-13.24.12:840][  0]LogTemp:Display: Loaded TP Android_ATCTargetPlatform
[2015.12.04-13.24.12:844][  0]LogTemp:Display: Loaded TP Android_DXTTargetPlatform
[2015.12.04-13.24.12:847][  0]LogTemp:Display: Loaded TP Android_ETC1TargetPlatform
[2015.12.04-13.24.12:851][  0]LogTemp:Display: Loaded TP Android_ETC2TargetPlatform
[2015.12.04-13.24.12:859][  0]LogTemp:Display: Loaded TP Android_MultiTargetPlatform
[2015.12.04-13.24.12:859][  0]LogTemp:Display: Loaded TP Android_PVRTCTargetPlatform
[2015.12.04-13.24.12:860][  0]LogTemp:Display: Loaded TP HTML5TargetPlatform
[2015.12.04-13.24.12:877][  0]LogTemp:Display: Loaded TP IOSTargetPlatform
[2015.12.04-13.24.12:881][  0]LogTemp:Display: Loaded TP LinuxNoEditorTargetPlatform
[2015.12.04-13.24.12:886][  0]LogTemp:Display: Loaded TP LinuxServerTargetPlatform
[2015.12.04-13.24.12:891][  0]LogTemp:Display: Loaded TP LinuxTargetPlatform
[2015.12.04-13.24.12:891][  0]LogTargetPlatformManager:Display: Building Assets For Windows
[2015.12.04-13.24.12:989][  0]LogDerivedDataCache:Display: Max Cache Size: 512 MB
[2015.12.04-13.24.13:052][  0]LogDerivedDataCache: Loaded boot cache 0.06s 41MB C:/Users/Owner/AppData/Local/UnrealEngine/4.10/DerivedDataCache/Boot.ddc.
[2015.12.04-13.24.13:052][  0]LogDerivedDataCache:Display: Loaded Boot cache: C:/Users/Owner/AppData/Local/UnrealEngine/4.10/DerivedDataCache/Boot.ddc
[2015.12.04-13.24.13:052][  0]LogDerivedDataCache: FDerivedDataBackendGraph:  Pak pak cache file ../../../../../../Users/Owner/Documents/Unreal Projects/ProjectDino/DerivedDataCache/DDC.ddp not found, will not use a pak cache.
[2015.12.04-13.24.13:052][  0]LogDerivedDataCache: Unable to find inner node Pak for hierarchical cache Hierarchy.
[2015.12.04-13.24.13:052][  0]LogDerivedDataCache: FDerivedDataBackendGraph:  CompressedPak pak cache file ../../../../../../Users/Owner/Documents/Unreal Projects/ProjectDino/DerivedDataCache/Compressed.ddp not found, will not use a pak cache.
[2015.12.04-13.24.13:052][  0]LogDerivedDataCache: Unable to find inner node CompressedPak for hierarchical cache Hierarchy.
[2015.12.04-13.24.13:147][  0]LogDerivedDataCache:Display: Pak cache opened for reading ../../../Engine/DerivedDataCache/Compressed.ddp.
[2015.12.04-13.24.13:159][  0]LogDerivedDataCache: Using Local data cache path C:/Users/Owner/AppData/Local/UnrealEngine/Common/DerivedDataCache: Writable
[2015.12.04-13.24.13:462][  0]LogInit: Selected Device Profile: [Windows]
[2015.12.04-13.24.13:463][  0]LogContentStreaming: Texture pool size is 0.000000MB
[2015.12.04-13.24.13:520][  0]LogMeshUtilities: No automatic mesh reduction module available
[2015.12.04-13.24.13:520][  0]LogMeshUtilities: No automatic mesh merging module available
[2015.12.04-13.24.14:062][  0]LogInit: WinSock: version 1.1 (2.2), MaxSocks=32767, MaxUdp=65467
[2015.12.04-13.24.15:310][  0]UdpMessaging: Initializing bridge on interface 0.0.0.0:0 to multicast group 230.0.0.1:6666.
[2015.12.04-13.24.15:422][  0]LogAssetRegistry: FAssetRegistry took 0.0104 seconds to start up
[2015.12.04-13.24.15:665][  0]SourceControl: Info Source control is disabled
[2015.12.04-13.24.15:666][  0]SourceControl: Info Source control is disabled
[2015.12.04-13.24.15:679][  0]SourceControl: Info Source control is disabled
[2015.12.04-13.24.15:692][  0]SourceControl: Info Source control is disabled
[2015.12.04-13.24.16:019][  0]LogObj: 28634 objects as part of root set at end of initial load.
[2015.12.04-13.24.16:019][  0]LogUObjectAllocator: 6099912 out of 0 bytes used by permanent object pool.
[2015.12.04-13.24.16:112][  0]LogEngine: Initializing Engine...
[2015.12.04-13.24.16:116][  0]LogHMD: Can't find Oculus library dev build: is proper Runtime installed? Version: 0.8.0.0
[2015.12.04-13.24.16:125][  0]LogHMD: SteamVR failed to initialize.  Err: 108
[2015.12.04-13.24.16:368][  0]LogAIModule: Creating AISystem for world NewWorld
[2015.12.04-13.24.16:375][  0]LogInit: XAudio2 using 'Speakers (High Definition Audio Device)' : 2 channels at 44.1 kHz using 16 bits per sample (channel mask 0x3)
[2015.12.04-13.24.16:387][  0]LogInit: FAudioDevice initialized.
[2015.12.04-13.24.16:418][  0]LogDerivedDataCache: Saved boot cache 0.03s 41MB C:/Users/Owner/AppData/Local/UnrealEngine/4.10/DerivedDataCache/Boot.ddc.
[2015.12.04-13.24.16:427][  0]LogInit: Texture streaming: Enabled
[2015.12.04-13.24.16:434][  0]LogAnalytics: Creating configured Analytics provider AnalyticsET
[2015.12.04-13.24.16:434][  0]LogAnalytics: [UEEditor.Rocket.Release] APIServer = http://et2.epicgames.com/ET2/. AppVersion = 4.10.0-2758231+++depot+UE4-Releases+4.10
[2015.12.04-13.24.16:434][  0]LogAnalytics: [UEEditor.Rocket.Release] SetUserId b1e705434c200a5e74bb2586ba0bc651|940afd638cf94ce9b4d8f38d9556b043|5d73f152-fa47-49e5-865a-fd1bc20a41b9
[2015.12.04-13.24.16:434][  0]LogAnalytics: [UEEditor.Rocket.Release] AnalyticsET::StartSession
[2015.12.04-13.24.16:454][  0]LogInit: Transaction tracking system initialized
[2015.12.04-13.24.16:504][  0]BlueprintLog: New page: Editor Load
[2015.12.04-13.24.16:625][  0]LocalizationService: Info Localization service is disabled
[2015.12.04-13.24.16:766][  0]LogConsoleResponse:Display: 
[2015.12.04-13.24.16:966][  0]LogCook:Display: Done creating registry. It took  0.00s.
[2015.12.04-13.24.17:083][  0]LogFileCache: Scanning file cache for directory 'C:/Users/Owner/Documents/Unreal Projects/ProjectDino/Content/' took 0.01s
[2015.12.04-13.24.17:083][  0]SourceControl: Info Source control is disabled
[2015.12.04-13.24.17:083][  0]Cmd: MAP LOAD FILE="../../../../../../Users/Owner/Documents/Unreal Projects/ProjectDino/Content/Maps/Prototype.umap" TEMPLATE=0 SHOWPROGRESS=1 FEATURELEVEL=3
[2015.12.04-13.24.17:084][  0]LightingResults: New page: Lighting Build
[2015.12.04-13.24.17:091][  0]MapCheck: New page: Map Check
[2015.12.04-13.24.17:091][  0]LightingResults: New page: Lighting Build
[2015.12.04-13.24.17:113][  0]LogParticles: Destroying 0 GPU particle simulations for FXSystem 0x00000000290FEAC0
[2015.12.04-13.24.18:309][  0]LogAIModule: Creating AISystem for world Prototype
[2015.12.04-13.24.18:321][  0]LogEditorServer: Finished looking for orphan Actors (0.000 secs)
[2015.12.04-13.24.18:321][  0]Cmd: MAP CHECKDEP NOCLEARLOG
[2015.12.04-13.24.18:400][  0]MapCheck: Info Map check complete: 0 Error(s), 0 Warning(s), took 78.683ms to complete.
[2015.12.04-13.24.18:400][  0]LogFileHelpers: Loading map 'Prototype' took 1.318
[2015.12.04-13.24.18:549][  0]LogCollectionManager: Loaded 0 collections in 0.006304 seconds
[2015.12.04-13.24.18:590][  0]LogFileCache: Scanning file cache for directory 'C:/Users/Owner/Documents/Unreal Projects/ProjectDino/Saved/Collections/' took 0.01s
[2015.12.04-13.24.18:590][  0]LogFileCache: Scanning file cache for directory 'C:/Users/Owner/Documents/Unreal Projects/ProjectDino/Content/Developers/Owner/Collections/' took 0.01s
[2015.12.04-13.24.18:590][  0]LogFileCache: Scanning file cache for directory 'C:/Users/Owner/Documents/Unreal Projects/ProjectDino/Content/Collections/' took 0.01s
[2015.12.04-13.24.18:590][  0]LogCollectionManager: Rebuilt the GUID cache for 0 collections in 0.000003 seconds
[2015.12.04-13.24.18:606][  0]LogContentBrowser: Native class hierarchy populated in 0.0151 seconds. Added 1893 classes and 338 folders.
[2015.12.04-13.24.18:619][  0]LogContentBrowser: Native class hierarchy updated for 'WidgetCarousel' in 0.0011 seconds. Added 0 classes and 0 folders.
[2015.12.04-13.24.18:705][  0]LogContentBrowser: Native class hierarchy updated for 'AddContentDialog' in 0.0005 seconds. Added 0 classes and 0 folders.
[2015.12.04-13.24.18:711][  0]LogContentBrowser: Native class hierarchy updated for 'SceneOutliner' in 0.0006 seconds. Added 1 classes and 2 folders.
[2015.12.04-13.24.18:808][  0]LogCrashTracker: Crashtracker disabled due to settings.
[2015.12.04-13.24.18:814][  0]LogUObjectGlobals:Warning: Failed to find object 'Class None.'
[2015.12.04-13.24.18:835][  0]LogLoad: Full Startup: 9.46 seconds (BP compile: 0.33 seconds)
[2015.12.04-13.24.18:846][  0]LogOcInput: Can't find Oculus library dev build: is proper Runtime installed? Version: 0.8.0.0
[2015.12.04-13.24.18:937][  0]LogContentStreaming: Texture pool size now 1000 MB
[2015.12.04-13.24.19:235][  0]LogRenderer: Reallocating scene render targets to support 1236x544 (Frame:2).
[2015.12.04-13.24.19:621][  5]LogAssetRegistry: Asset discovery search completed in 4.2100 seconds
[2015.12.04-13.24.19:621][  5]LogCollectionManager: Rebuilt the object cache for 0 collections in 0.000001 seconds (found 0 objects)
[2015.12.04-13.24.19:621][  5]LogCollectionManager: Fixed up redirectors for 0 collections in 0.000024 seconds (updated 0 objects)
[2015.12.04-13.24.21:348][145]LogBlueprintUserMessages: Early PlayInEditor Detection: Level '/Game/Maps/Prototype.Prototype:PersistentLevel' has LevelScriptBlueprint '/Game/Maps/Prototype.Prototype:PersistentLevel.Prototype' with GeneratedClass '/Game/Maps/Prototype.Prototype_C' with ClassGeneratedBy '/Game/Maps/Prototype.Prototype:PersistentLevel.Prototype'
[2015.12.04-13.24.21:348][145]LogPlayLevel: PlayLevel: No blueprints needed recompiling
[2015.12.04-13.24.21:348][145]PIE: New page: PIE session: Prototype (5 Dec 2015 5:24:21 am)
[2015.12.04-13.24.21:348][145]LogPlayLevel: Creating play world package: /Game/Maps/UEDPIE_0_Prototype
[2015.12.04-13.24.21:357][145]LogPlayLevel: PIE: StaticDuplicateObject took: (0.008919s)
[2015.12.04-13.24.21:358][145]LogAIModule: Creating AISystem for world Prototype
[2015.12.04-13.24.21:359][145]LogPlayLevel: PIE: World Init took: (0.001235s)
[2015.12.04-13.24.21:359][145]LogPlayLevel: PIE: Created PIE world by copying editor world from /Game/Maps/Prototype.Prototype to /Game/Maps/UEDPIE_0_Prototype.Prototype (0.010481s)
[2015.12.04-13.24.21:359][145]LogActorComponent: UnregisterComponent: (/Engine/Transient.CharMoveComp) Not registered. Aborting.
[2015.12.04-13.24.21:445][145]LogInit: XAudio2 using 'Speakers (High Definition Audio Device)' : 2 channels at 44.1 kHz using 16 bits per sample (channel mask 0x3)
[2015.12.04-13.24.21:450][145]LogInit: FAudioDevice initialized.
[2015.12.04-13.24.21:508][145]LogWorld: Game class is 'GameMode_Default_C'
[2015.12.04-13.24.21:513][145]LogWorld: Bringing World /Game/Maps/UEDPIE_0_Prototype.Prototype up for play (max tick rate 0) at 2015.12.04-21.24.21
[2015.12.04-13.24.21:513][145]LogActor:Warning: GameSession /Game/Maps/UEDPIE_0_Prototype.Prototype:PersistentLevel.GameSession_0 has natively added scene component(s), but none of them were set as the actor's RootComponent - picking one arbitrarily
[2015.12.04-13.24.21:513][145]LogActor:Warning: GameNetworkManager /Game/Maps/UEDPIE_0_Prototype.Prototype:PersistentLevel.GameNetworkManager_0 has natively added scene component(s), but none of them were set as the actor's RootComponent - picking one arbitrarily
[2015.12.04-13.24.21:514][145]LogWorld: Bringing up level for play took: 0.003789
[2015.12.04-13.24.21:519][145]LogScript:Warning: Attempted to get an item from array CallFunc_GetAllActorsOfClass_OutActors out of bounds [1/0]!
[2015.12.04-13.24.21:519][145]LogPlayerManagement:Error: Failed to Create Player: A local player already exists for controller ID 0,
[2015.12.04-13.24.21:522][145]LogBlueprintUserMessages: [Camera_Main_C_16] 1
[2015.12.04-13.24.21:522][145]LogBlueprintUserMessages: [Camera_Main_C_16] 2
[2015.12.04-13.24.21:554][145]PIE: Info Play in editor start time for /Game/Maps/UEDPIE_0_Prototype -0.182
[2015.12.04-13.24.21:555][145]LogBlueprintUserMessages: Late PlayInEditor Detection: Level '/Game/Maps/Prototype.Prototype:PersistentLevel' has LevelScriptBlueprint '/Game/Maps/Prototype.Prototype:PersistentLevel.Prototype' with GeneratedClass '/Game/Maps/Prototype.Prototype_C' with ClassGeneratedBy '/Game/Maps/Prototype.Prototype:PersistentLevel.Prototype'
[2015.12.04-13.24.21:587][146]LogRenderer: Reallocating scene render targets to support 1280x720 (Frame:54).
[2015.12.04-13.24.21:650][147]LogUnrealMath:Error: FMatrix::InverseFast(), trying to invert a NIL matrix, this results in NaNs! Use Inverse() instead.
[2015.12.04-13.24.26:358][147]LogOutputDevice:Warning: === Handled error: ===

Ensure condition failed: false [File:d:\buildfarm\buildmachine_++depot+ue4-releases+4.10\engine\source\runtime\core\public\math\UnrealMatrix.h] [Line: 266]
FMatrix::InverseFast(), trying to invert a NIL matrix, this results in NaNs! Use Inverse() instead.
Stack: 
UE4Editor-Core.dll!FWindowsPlatformStackWalk::StackWalkAndDump() [d:\buildfarm\buildmachine_++depot+ue4-releases+4.10\engine\source\runtime\core\private\windows\windowsplatformstackwalk.cpp:175]
UE4Editor-Core.dll!FDebug::EnsureFailed() [d:\buildfarm\buildmachine_++depot+ue4-releases+4.10\engine\source\runtime\core\private\misc\outputdevice.cpp:276]
UE4Editor-Core.dll!FDebug::OptionallyLogFormattedEnsureMessageReturningFalse() [d:\buildfarm\buildmachine_++depot+ue4-releases+4.10\engine\source\runtime\core\private\misc\outputdevice.cpp:385]
UE4Editor-Engine.dll!FMatrix::InverseFast() [d:\buildfarm\buildmachine_++depot+ue4-releases+4.10\engine\source\runtime\core\public\math\unrealmatrix.h:266]
UE4Editor-Engine.dll!UKismetMathLibrary::MinimumAreaRectangle() [d:\buildfarm\buildmachine_++depot+ue4-releases+4.10\engine\source\runtime\engine\private\kismetmathlibrary.cpp:2114]
UE4Editor-Engine.dll!UKismetMathLibrary::execMinimumAreaRectangle() [d:\buildfarm\buildmachine_++depot+ue4-releases+4.10\engine\source\runtime\engine\classes\kismet\kismetmathlibrary.h:61]
UE4Editor-CoreUObject.dll!UFunction::Invoke() [d:\buildfarm\buildmachine_++depot+ue4-releases+4.10\engine\source\runtime\coreuobject\private\uobject\class.cpp:4198]
UE4Editor-CoreUObject.dll!UObject::CallFunction() [d:\buildfarm\buildmachine_++depot+ue4-releases+4.10\engine\source\runtime\coreuobject\private\uobject\scriptcore.cpp:484]
UE4Editor-CoreUObject.dll!UObject::ProcessContextOpcode() [d:\buildfarm\buildmachine_++depot+ue4-releases+4.10\engine\source\runtime\coreuobject\private\uobject\scriptcore.cpp:1755]
UE4Editor-CoreUObject.dll!UObject::ProcessInternal() [d:\buildfarm\buildmachine_++depot+ue4-releases+4.10\engine\source\runtime\coreuobject\private\uobject\scriptcore.cpp:698]
UE4Editor-CoreUObject.dll!UObject::CallFunction() [d:\buildfarm\buildmachine_++depot+ue4-releases+4.10\engine\source\runtime\coreuobject\private\uobject\scriptcore.cpp:608]
UE4Editor-CoreUObject.dll!UObject::execVirtualFunction() [d:\buildfarm\buildmachine_++depot+ue4-releases+4.10\engine\source\runtime\coreuobject\private\uobject\scriptcore.cpp:1842]
UE4Editor-CoreUObject.dll!UObject::ProcessInternal() [d:\buildfarm\buildmachine_++depot+ue4-releases+4.10\engine\source\runtime\coreuobject\private\uobject\scriptcore.cpp:698]
UE4Editor-CoreUObject.dll!UFunction::Invoke() [d:\buildfarm\buildmachine_++depot+ue4-releases+4.10\engine\source\runtime\coreuobject\private\uobject\class.cpp:4198]
UE4Editor-CoreUObject.dll!UObject::ProcessEvent() [d:\buildfarm\buildmachine_++depot+ue4-releases+4.10\engine\source\runtime\coreuobject\private\uobject\scriptcore.cpp:1053]
UE4Editor-Engine.dll!AActor::ProcessEvent() [d:\buildfarm\buildmachine_++depot+ue4-releases+4.10\engine\source\runtime\engine\private\actor.cpp:580]
UE4Editor-Engine.dll!FTimerUnifiedDelegate::Execute() [d:\buildfarm\buildmachine_++depot+ue4-releases+4.10\engine\source\runtime\engine\public\timermanager.h:44]
UE4Editor-Engine.dll!FTimerManager::Tick() [d:\buildfarm\buildmachine_++depot+ue4-releases+4.10\engine\source\runtime\engine\private\timermanager.cpp:439]
UE4Editor-Engine.dll!UWorld::Tick() [d:\buildfarm\buildmachine_++depot+ue4-releases+4.10\engine\source\runtime\engine\private\leveltick.cpp:1212]
UE4Editor-UnrealEd.dll!UEditorEngine::Tick() [d:\buildfarm\buildmachine_++depot+ue4-releases+4.10\engine\source\editor\unrealed\private\editorengine.cpp:1347]
UE4Editor-UnrealEd.dll!UUnrealEdEngine::Tick() [d:\buildfarm\buildmachine_++depot+ue4-releases+4.10\engine\source\editor\unrealed\private\unrealedengine.cpp:361]
UE4Editor.exe!FEngineLoop::Tick() [d:\buildfarm\buildmachine_++depot+ue4-releases+4.10\engine\source\runtime\launch\private\launchengineloop.cpp:2427]
UE4Editor.exe!GuardedMain() [d:\buildfarm\buildmachine_++depot+ue4-releases+4.10\engine\source\runtime\launch\private\launch.cpp:142]
UE4Editor.exe!GuardedMainWrapper() [d:\buildfarm\buildmachine_++depot+ue4-releases+4.10\engine\source\runtime\launch\private\windows\launchwindows.cpp:126]
UE4Editor.exe!WinMain() [d:\buildfarm\buildmachine_++depot+ue4-releases+4.10\engine\source\runtime\launch\private\windows\launchwindows.cpp:200]
UE4Editor.exe!__scrt_common_main_seh() [f:\dd\vctools\crt\vcstartup\src\startup\exe_common.inl:264]
kernel32.dll
ntdll.dll
ntdll.dll

[2015.12.04-13.24.26:746][147]LogUnrealMath:Error: FMatrix::InverseFast(), trying to invert a NIL matrix, this results in NaNs! Use Inverse() instead.
[2015.12.04-13.24.26:862][148]LogBlueprintUserMessages: Early EndPlayMap Detection: Level '/Game/Maps/Prototype.Prototype:PersistentLevel' has LevelScriptBlueprint '/Game/Maps/Prototype.Prototype:PersistentLevel.Prototype' with GeneratedClass '/Game/Maps/Prototype.Prototype_C' with ClassGeneratedBy '/Game/Maps/Prototype.Prototype:PersistentLevel.Prototype'
[2015.12.04-13.24.26:945][148]LogBlueprintUserMessages: Late EndPlayMap Detection: Level '/Game/Maps/Prototype.Prototype:PersistentLevel' has LevelScriptBlueprint '/Game/Maps/Prototype.Prototype:PersistentLevel.Prototype' with GeneratedClass '/Game/Maps/Prototype.Prototype_C' with ClassGeneratedBy '/Game/Maps/Prototype.Prototype:PersistentLevel.Prototype'
[2015.12.04-13.24.26:979][148]LogParticles: Destroying 0 GPU particle simulations for FXSystem 0x000000003B027880
[2015.12.04-13.24.28:782][284]LogBlueprintUserMessages: Early PlayInEditor Detection: Level '/Game/Maps/Prototype.Prototype:PersistentLevel' has LevelScriptBlueprint '/Game/Maps/Prototype.Prototype:PersistentLevel.Prototype' with GeneratedClass '/Game/Maps/Prototype.Prototype_C' with ClassGeneratedBy '/Game/Maps/Prototype.Prototype:PersistentLevel.Prototype'
[2015.12.04-13.24.28:782][284]LogPlayLevel: PlayLevel: No blueprints needed recompiling
[2015.12.04-13.24.28:782][284]PIE: New page: PIE session: Prototype (5 Dec 2015 5:24:28 am)
[2015.12.04-13.24.28:782][284]LogPlayLevel: Creating play world package: /Game/Maps/UEDPIE_0_Prototype
[2015.12.04-13.24.28:789][284]LogPlayLevel: PIE: StaticDuplicateObject took: (0.006660s)
[2015.12.04-13.24.28:790][284]LogAIModule: Creating AISystem for world Prototype
[2015.12.04-13.24.28:790][284]LogPlayLevel: PIE: World Init took: (0.001088s)
[2015.12.04-13.24.28:790][284]LogPlayLevel: PIE: Created PIE world by copying editor world from /Game/Maps/Prototype.Prototype to /Game/Maps/UEDPIE_0_Prototype.Prototype (0.008024s)
[2015.12.04-13.24.28:823][284]LogInit: XAudio2 using 'Speakers (High Definition Audio Device)' : 2 channels at 44.1 kHz using 16 bits per sample (channel mask 0x3)
[2015.12.04-13.24.28:827][284]LogInit: FAudioDevice initialized.
[2015.12.04-13.24.28:869][284]LogWorld: Game class is 'GameMode_Default_C'
[2015.12.04-13.24.28:875][284]LogWorld: Bringing World /Game/Maps/UEDPIE_0_Prototype.Prototype up for play (max tick rate 0) at 2015.12.04-21.24.28
[2015.12.04-13.24.28:875][284]LogActor:Warning: GameSession /Game/Maps/UEDPIE_0_Prototype.Prototype:PersistentLevel.GameSession_1 has natively added scene component(s), but none of them were set as the actor's RootComponent - picking one arbitrarily
[2015.12.04-13.24.28:875][284]LogActor:Warning: GameNetworkManager /Game/Maps/UEDPIE_0_Prototype.Prototype:PersistentLevel.GameNetworkManager_1 has natively added scene component(s), but none of them were set as the actor's RootComponent - picking one arbitrarily
[2015.12.04-13.24.28:876][284]LogWorld: Bringing up level for play took: 0.004416
[2015.12.04-13.24.28:881][284]LogScript:Warning: Attempted to get an item from array CallFunc_GetAllActorsOfClass_OutActors out of bounds [1/0]!
[2015.12.04-13.24.28:881][284]LogPlayerManagement:Error: Failed to Create Player: A local player already exists for controller ID 0,
[2015.12.04-13.24.28:883][284]LogBlueprintUserMessages: [Camera_Main_C_16] 1
[2015.12.04-13.24.28:883][284]LogBlueprintUserMessages: [Camera_Main_C_16] 2
[2015.12.04-13.24.28:917][284]PIE: Info Play in editor start time for /Game/Maps/UEDPIE_0_Prototype -0.82
[2015.12.04-13.24.28:917][284]LogBlueprintUserMessages: Late PlayInEditor Detection: Level '/Game/Maps/Prototype.Prototype:PersistentLevel' has LevelScriptBlueprint '/Game/Maps/Prototype.Prototype:PersistentLevel.Prototype' with GeneratedClass '/Game/Maps/Prototype.Prototype_C' with ClassGeneratedBy '/Game/Maps/Prototype.Prototype:PersistentLevel.Prototype'
[2015.12.04-13.24.29:044][291]LogUnrealMath:Error: FMatrix::InverseFast(), trying to invert a NIL matrix, this results in NaNs! Use Inverse() instead.
[2015.12.04-13.24.29:044][291]LogUnrealMath:Error: FMatrix::InverseFast(), trying to invert a NIL matrix, this results in NaNs! Use Inverse() instead.
[2015.12.04-13.24.29:346][312]LogUnrealMath:Error: FMatrix::InverseFast(), trying to invert a NIL matrix, this results in NaNs! Use Inverse() instead.
[2015.12.04-13.24.29:346][312]LogUnrealMath:Error: FMatrix::InverseFast(), trying to invert a NIL matrix, this results in NaNs! Use Inverse() instead.
[2015.12.04-13.24.29:641][332]LogUnrealMath:Error: FMatrix::InverseFast(), trying to invert a NIL matrix, this results in NaNs! Use Inverse() instead.
[2015.12.04-13.24.29:641][332]LogUnrealMath:Error: FMatrix::InverseFast(), trying to invert a NIL matrix, this results in NaNs! Use Inverse() instead.
[2015.12.04-13.24.29:939][358]LogUnrealMath:Error: FMatrix::InverseFast(), trying to invert a NIL matrix, this results in NaNs! Use Inverse() instead.
[2015.12.04-13.24.29:939][358]LogUnrealMath:Error: FMatrix::InverseFast(), trying to invert a NIL matrix, this results in NaNs! Use Inverse() instead.
[2015.12.04-13.24.30:249][382]LogUnrealMath:Error: FMatrix::InverseFast(), trying to invert a NIL matrix, this results in NaNs! Use Inverse() instead.
[2015.12.04-13.24.30:249][382]LogUnrealMath:Error: FMatrix::InverseFast(), trying to invert a NIL matrix, this results in NaNs! Use Inverse() instead.
[2015.12.04-13.24.30:552][408]LogUnrealMath:Error: FMatrix::InverseFast(), trying to invert a NIL matrix, this results in NaNs! Use Inverse() instead.
[2015.12.04-13.24.30:552][408]LogUnrealMath:Error: FMatrix::InverseFast(), trying to invert a NIL matrix, this results in NaNs! Use Inverse() instead.
[2015.12.04-13.24.30:842][435]LogUnrealMath:Error: FMatrix::InverseFast(), trying to invert a NIL matrix, this results in NaNs! Use Inverse() instead.
[2015.12.04-13.24.30:842][435]LogUnrealMath:Error: FMatrix::InverseFast(), trying to invert a NIL matrix, this results in NaNs! Use Inverse() instead.
[2015.12.04-13.24.30:948][441]LogBlueprintUserMessages: Early EndPlayMap Detection: Level '/Game/Maps/Prototype.Prototype:PersistentLevel' has LevelScriptBlueprint '/Game/Maps/Prototype.Prototype:PersistentLevel.Prototype' with GeneratedClass '/Game/Maps/Prototype.Prototype_C' with ClassGeneratedBy '/Game/Maps/Prototype.Prototype:PersistentLevel.Prototype'
[2015.12.04-13.24.31:017][441]LogBlueprintUserMessages: Late EndPlayMap Detection: Level '/Game/Maps/Prototype.Prototype:PersistentLevel' has LevelScriptBlueprint '/Game/Maps/Prototype.Prototype:PersistentLevel.Prototype' with GeneratedClass '/Game/Maps/Prototype.Prototype_C' with ClassGeneratedBy '/Game/Maps/Prototype.Prototype:PersistentLevel.Prototype'
[2015.12.04-13.24.31:060][442]LogParticles: Destroying 0 GPU particle simulations for FXSystem 0x000000001739DDA0
[2015.12.04-13.24.33:823][685]Cmd: QUIT_EDITOR
[2015.12.04-13.24.34:135][685]LogExit: Preparing to exit.
[2015.12.04-13.24.34:409][685]LogExit: Editor shut down
[2015.12.04-13.24.34:409][685]LogExit: Transaction tracking system shut down
[2015.12.04-13.24.34:412][685]LogParticles: Destroying 0 GPU particle simulations for FXSystem 0x00000000179859E0
[2015.12.04-13.24.34:412][685]LogParticles: Destroying 0 GPU particle simulations for FXSystem 0x0000000035C8F880
[2015.12.04-13.24.34:412][685]LogParticles: Destroying 0 GPU particle simulations for FXSystem 0x0000000017A9C900
[2015.12.04-13.24.34:412][685]LogParticles: Destroying 0 GPU particle simulations for FXSystem 0x000000003CA6BD80
[2015.12.04-13.24.34:692][685]LogExit: Object subsystem successfully closed.
[2015.12.04-13.24.34:709][685]LogD3D11RHI: Shutdown
[2015.12.04-13.24.34:709][685]LogD3D11RHI: CleanupD3DDevice
[2015.12.04-13.24.34:766][685]LogD3D11RHI: ~FD3D11DynamicRHI
[2015.12.04-13.24.34:790][685]LogModuleManager: Shutting down and abandoning module CrashTracker (198)
[2015.12.04-13.24.34:790][685]LogModuleManager: Shutting down and abandoning module SceneOutliner (197)
[2015.12.04-13.24.34:790][685]LogModuleManager: Shutting down and abandoning module SuperSearch (196)
[2015.12.04-13.24.34:790][685]LogModuleManager: Shutting down and abandoning module WidgetCarousel (195)
[2015.12.04-13.24.34:790][685]LogModuleManager: Shutting down and abandoning module AddContentDialog (194)
[2015.12.04-13.24.34:792][685]LogModuleManager: Shutting down and abandoning module EditorWidgets (193)
[2015.12.04-13.24.34:792][685]LogModuleManager: Shutting down and abandoning module CollectionManager (192)
[2015.12.04-13.24.34:792][685]LogModuleManager: Shutting down and abandoning module StatsViewer (191)
[2015.12.04-13.24.34:792][685]LogModuleManager: Shutting down and abandoning module FoliageEdit (190)
[2015.12.04-13.24.34:792][685]LogModuleManager: Shutting down and abandoning module LandscapeEditor (189)
[2015.12.04-13.24.34:792][685]LogModuleManager: Shutting down and abandoning module ActorPickerMode (188)
[2015.12.04-13.24.34:792][685]LogModuleManager: Shutting down and abandoning module GeometryMode (187)
[2015.12.04-13.24.34:792][685]LogModuleManager: Shutting down and abandoning module TextureAlignMode (186)
[2015.12.04-13.24.34:792][685]LogModuleManager: Shutting down and abandoning module BspMode (185)
[2015.12.04-13.24.34:792][685]LogModuleManager: Shutting down and abandoning module PlacementMode (184)
[2015.12.04-13.24.34:792][685]LogModuleManager: Shutting down and abandoning module AutomationWorker (183)
[2015.12.04-13.24.34:792][685]LogModuleManager: Shutting down and abandoning module CharacterAI (182)
[2015.12.04-13.24.34:792][685]LogModuleManager: Shutting down and abandoning module SmartSnapping (181)
[2015.12.04-13.24.34:792][685]LogModuleManager: Shutting down and abandoning module ViewportSnapping (180)
[2015.12.04-13.24.34:792][685]LogModuleManager: Shutting down and abandoning module LogVisualizer (179)
[2015.12.04-13.24.34:792][685]LogModuleManager: Shutting down and abandoning module GameProjectGeneration (178)
[2015.12.04-13.24.34:792][685]LogModuleManager: Shutting down and abandoning module IntroTutorials (177)
[2015.12.04-13.24.34:793][685]LogModuleManager: Shutting down and abandoning module EditorLiveStreaming (176)
[2015.12.04-13.24.34:793][685]LogModuleManager: Shutting down and abandoning module IOSPlatformEditor (175)
[2015.12.04-13.24.34:793][685]LogModuleManager: Shutting down and abandoning module HTML5PlatformEditor (174)
[2015.12.04-13.24.34:793][685]LogModuleManager: Shutting down and abandoning module AndroidDeviceDetection (173)
[2015.12.04-13.24.35:688][685]LogModuleManager: Shutting down and abandoning module AndroidPlatformEditor (172)
[2015.12.04-13.24.35:688][685]LogModuleManager: Shutting down and abandoning module IOSRuntimeSettings (171)
[2015.12.04-13.24.35:688][685]LogModuleManager: Shutting down and abandoning module AndroidRuntimeSettings (170)
[2015.12.04-13.24.35:688][685]LogModuleManager: Shutting down and abandoning module MergeActors (169)
[2015.12.04-13.24.35:688][685]LogModuleManager: Shutting down and abandoning module SizeMap (168)
[2015.12.04-13.24.35:688][685]LogModuleManager: Shutting down and abandoning module TreeMap (167)
[2015.12.04-13.24.35:688][685]LogModuleManager: Shutting down and abandoning module ReferenceViewer (166)
[2015.12.04-13.24.35:688][685]LogModuleManager: Shutting down and abandoning module LocalizationService (165)
[2015.12.04-13.24.35:688][685]LogModuleManager: Shutting down and abandoning module LocalizationDashboard (164)
[2015.12.04-13.24.35:688][685]LogModuleManager: Shutting down and abandoning module HardwareTargeting (163)
[2015.12.04-13.24.35:688][685]LogModuleManager: Shutting down and abandoning module DeviceProfileEditor (162)
[2015.12.04-13.24.35:688][685]LogModuleManager: Shutting down and abandoning module UndoHistory (161)
[2015.12.04-13.24.35:688][685]LogModuleManager: Shutting down and abandoning module GameplayTagsEditor (160)
[2015.12.04-13.24.35:688][685]LogModuleManager: Shutting down and abandoning module UserFeedback (159)
[2015.12.04-13.24.35:688][685]LogModuleManager: Shutting down and abandoning module XmlParser (158)
[2015.12.04-13.24.35:688][685]LogModuleManager: Shutting down and abandoning module Blutility (157)
[2015.12.04-13.24.35:688][685]LogModuleManager: Shutting down and abandoning module ProjectTargetPlatformEditor (156)
[2015.12.04-13.24.35:688][685]LogModuleManager: Shutting down and abandoning module ProjectSettingsViewer (155)
[2015.12.04-13.24.35:688][685]LogModuleManager: Shutting down and abandoning module InputBindingEditor (154)
[2015.12.04-13.24.35:689][685]LogModuleManager: Shutting down and abandoning module EditorSettingsViewer (153)
[2015.12.04-13.24.35:689][685]LogModuleManager: Shutting down and abandoning module SettingsEditor (152)
[2015.12.04-13.24.35:689][685]LogModuleManager: Shutting down and abandoning module ProjectLauncher (151)
[2015.12.04-13.24.35:689][685]LogModuleManager: Shutting down and abandoning module SessionFrontend (150)
[2015.12.04-13.24.35:689][685]LogModuleManager: Shutting down and abandoning module ProfilerClient (149)
[2015.12.04-13.24.35:689][685]LogModuleManager: Shutting down and abandoning module TargetDeviceServices (148)
[2015.12.04-13.24.35:689][685]LogModuleManager: Shutting down and abandoning module DeviceManager (147)
[2015.12.04-13.24.35:689][685]LogModuleManager: Shutting down and abandoning module AutomationController (146)
[2015.12.04-13.24.35:689][685]LogModuleManager: Shutting down and abandoning module AutomationWindow (145)
[2015.12.04-13.24.35:689][685]LogModuleManager: Shutting down and abandoning module Layers (144)
[2015.12.04-13.24.35:689][685]LogModuleManager: Shutting down and abandoning module ComponentVisualizers (143)
[2015.12.04-13.24.35:689][685]LogModuleManager: Shutting down and abandoning module DetailCustomizations (142)
[2015.12.04-13.24.35:689][685]LogModuleManager: Shutting down and abandoning module PackagesDialog (141)
[2015.12.04-13.24.35:689][685]LogModuleManager: Shutting down and abandoning module Persona (140)
[2015.12.04-13.24.35:689][685]LogModuleManager: Shutting down and abandoning module Kismet (139)
[2015.12.04-13.24.35:689][685]LogModuleManager: Shutting down and abandoning module GraphEditor (138)
[2015.12.04-13.24.35:689][685]LogModuleManager: Shutting down and abandoning module ClassViewer (137)
[2015.12.04-13.24.35:689][685]LogModuleManager: Shutting down and abandoning module Toolbox (136)
[2015.12.04-13.24.35:689][685]LogModuleManager: Shutting down and abandoning module ModuleUI (135)
[2015.12.04-13.24.35:689][685]LogModuleManager: Shutting down and abandoning module MovieSceneTools (134)
[2015.12.04-13.24.35:689][685]LogModuleManager: Shutting down and abandoning module OutputLog (133)
[2015.12.04-13.24.35:689][685]LogModuleManager: Shutting down and abandoning module GammaUI (132)
[2015.12.04-13.24.35:689][685]LogModuleManager: Shutting down and abandoning module Documentation (131)
[2015.12.04-13.24.35:689][685]LogModuleManager: Shutting down and abandoning module GameLiveStreaming (130)
[2015.12.04-13.24.35:689][685]LogModuleManager: Shutting down and abandoning module StreamingPauseRendering (129)
[2015.12.04-13.24.35:689][685]LogModuleManager: Shutting down and abandoning module AnalyticsET (128)
[2015.12.04-13.24.35:689][685]LogModuleManager: Shutting down and abandoning module Analytics (127)
[2015.12.04-13.24.35:689][685]LogModuleManager: Shutting down and abandoning module AITestSuite (126)
[2015.12.04-13.24.35:689][685]LogModuleManager: Shutting down and abandoning module GameplayDebugger (125)
[2015.12.04-13.24.35:689][685]LogModuleManager: Shutting down and abandoning module AIModule (124)
[2015.12.04-13.24.35:689][685]LogModuleManager: Shutting down and abandoning module ProfilerService (123)
[2015.12.04-13.24.35:880][685]LogModuleManager: Shutting down and abandoning module TaskGraph (122)
[2015.12.04-13.24.35:880][685]LogModuleManager: Shutting down and abandoning module SlateRemote (121)
[2015.12.04-13.24.35:880][685]LogModuleManager: Shutting down and abandoning module SteamVRController (120)
[2015.12.04-13.24.35:880][685]LogModuleManager: Shutting down and abandoning module SteamVR (119)
[2015.12.04-13.24.35:880][685]LogModuleManager: Shutting down and abandoning module ProceduralMeshComponent (118)
[2015.12.04-13.24.35:880][685]LogModuleManager: Shutting down and abandoning module OculusLibrary (117)
[2015.12.04-13.24.35:880][685]LogModuleManager: Shutting down and abandoning module OculusInput (116)
[2015.12.04-13.24.35:880][685]LogModuleManager: Shutting down and abandoning module LeapMotionController (115)
[2015.12.04-13.24.35:889][685]LogModuleManager: Shutting down and abandoning module CustomMeshComponent (114)
[2015.12.04-13.24.35:889][685]LogModuleManager: Shutting down and abandoning module CableComponent (113)
[2015.12.04-13.24.35:889][685]LogModuleManager: Shutting down and abandoning module ArchVisCharacter (112)
[2015.12.04-13.24.35:889][685]LogModuleManager: Shutting down and abandoning module MessagingDebugger (111)
[2015.12.04-13.24.35:889][685]LogModuleManager: Shutting down and abandoning module MediaPlayerEditor (110)
[2015.12.04-13.24.35:889][685]LogModuleManager: Shutting down and abandoning module HTML5Networking (109)
[2015.12.04-13.24.35:889][685]LogModuleManager: Shutting down and abandoning module SpeedTreeImporter (108)
[2015.12.04-13.24.35:889][685]LogModuleManager: Shutting down and abandoning module PluginBrowser (107)
[2015.12.04-13.24.35:889][685]LogModuleManager: Shutting down and abandoning module EpicSurvey (106)
[2015.12.04-13.24.35:889][685]LogModuleManager: Shutting down and abandoning module DesktopPlatform (105)
[2015.12.04-13.24.35:889][685]LogModuleManager: Shutting down and abandoning module VisualStudioSourceCodeAccess (104)
[2015.12.04-13.24.35:889][685]LogModuleManager: Shutting down and abandoning module UObjectPlugin (103)
[2015.12.04-13.24.35:889][685]LogModuleManager: Shutting down and abandoning module SubversionSourceControl (102)
[2015.12.04-13.24.35:889][685]LogModuleManager: Shutting down and abandoning module PerforceSourceControl (101)
[2015.12.04-13.24.35:889][685]LogModuleManager: Shutting down and abandoning module SourceControl (100)
[2015.12.04-13.24.35:890][685]LogModuleManager: Shutting down and abandoning module GitSourceControl (99)
[2015.12.04-13.24.35:890][685]LogModuleManager: Shutting down and abandoning module LightPropagationVolumeEditor (98)
[2015.12.04-13.24.35:890][685]LogModuleManager: Shutting down and abandoning module PaperTiledImporter (97)
[2015.12.04-13.24.35:890][685]LogModuleManager: Shutting down and abandoning module PaperSpriteSheetImporter (96)
[2015.12.04-13.24.35:890][685]LogModuleManager: Shutting down and abandoning module MeshPaint (95)
[2015.12.04-13.24.35:890][685]LogModuleManager: Shutting down and abandoning module SlateReflector (94)
[2015.12.04-13.24.35:890][685]LogModuleManager: Shutting down and abandoning module HotReload (93)
[2015.12.04-13.24.35:890][685]LogModuleManager: Shutting down and abandoning module MainFrame (92)
[2015.12.04-13.24.35:890][685]LogModuleManager: Shutting down and abandoning module LevelEditor (91)
[2015.12.04-13.24.35:891][685]LogModuleManager: Shutting down and abandoning module DirectoryWatcher (90)
[2015.12.04-13.24.35:891][685]LogModuleManager: Shutting down and abandoning module AssetRegistry (89)
[2015.12.04-13.24.35:970][685]LogModuleManager: Shutting down and abandoning module ContentBrowser (88)
[2015.12.04-13.24.35:971][685]LogModuleManager: Shutting down and abandoning module Paper2DEditor (87)
[2015.12.04-13.24.35:971][685]LogModuleManager: Shutting down and abandoning module UdpMessaging (86)
[2015.12.04-13.24.36:071][685]LogModuleManager: Shutting down and abandoning module LightPropagationVolumeRuntime (85)
[2015.12.04-13.24.36:071][685]LogModuleManager: Shutting down and abandoning module Paper2D (84)
[2015.12.04-13.24.36:071][685]LogModuleManager: Shutting down and abandoning module WindowsMoviePlayer (83)
[2015.12.04-13.24.36:074][685]LogModuleManager: Shutting down and abandoning module Media (82)
[2015.12.04-13.24.36:074][685]LogModuleManager: Shutting down and abandoning module WmfMedia (81)
[2015.12.04-13.24.36:074][685]LogModuleManager: Shutting down and abandoning module OnlineBlueprintSupport (80)
[2015.12.04-13.24.36:074][685]LogModuleManager: Shutting down and abandoning module GameplayTasksEditor (79)
[2015.12.04-13.24.36:074][685]LogModuleManager: Shutting down and abandoning module PropertyEditor (78)
[2015.12.04-13.24.36:074][685]LogModuleManager: Shutting down and abandoning module BehaviorTreeEditor (77)
[2015.12.04-13.24.36:074][685]LogModuleManager: Shutting down and abandoning module FunctionalTesting (76)
[2015.12.04-13.24.36:074][685]LogModuleManager: Shutting down and abandoning module CollisionAnalyzer (75)
[2015.12.04-13.24.36:074][685]LogModuleManager: Shutting down and abandoning module WorkspaceMenuStructure (74)
[2015.12.04-13.24.36:074][685]LogModuleManager: Shutting down and abandoning module MessageLog (73)
[2015.12.04-13.24.36:074][685]LogModuleManager: Shutting down and abandoning module Sequencer (72)
[2015.12.04-13.24.36:074][685]LogModuleManager: Shutting down and abandoning module AssetTools (71)
[2015.12.04-13.24.36:075][685]LogModuleManager: Shutting down and abandoning module UMGEditor (70)
[2015.12.04-13.24.36:075][685]LogModuleManager: Shutting down and abandoning module UMG (69)
[2015.12.04-13.24.36:075][685]LogModuleManager: Shutting down and abandoning module Slate (68)
[2015.12.04-13.24.36:075][685]LogModuleManager: Shutting down and abandoning module EditorStyle (67)
[2015.12.04-13.24.36:077][685]LogModuleManager: Shutting down and abandoning module SessionServices (66)
[2015.12.04-13.24.36:077][685]LogModuleManager: Shutting down and abandoning module SourceCodeAccess (65)
[2015.12.04-13.24.36:077][685]LogModuleManager: Shutting down and abandoning module HeadMountedDisplay (64)
[2015.12.04-13.24.36:077][685]LogModuleManager: Shutting down and abandoning module XAudio2 (63)
[2015.12.04-13.24.36:077][685]LogModuleManager: Shutting down and abandoning module Networking (61)
[2015.12.04-13.24.36:077][685]LogModuleManager: Shutting down and abandoning module Core (60)
[2015.12.04-13.24.36:077][685]LogModuleManager: Shutting down and abandoning module KismetCompiler (59)
[2015.12.04-13.24.36:077][685]LogModuleManager: Shutting down and abandoning module PhysXFormats (58)
[2015.12.04-13.24.36:077][685]LogModuleManager: Shutting down and abandoning module MeshUtilities (57)
[2015.12.04-13.24.36:077][685]LogModuleManager: Shutting down and abandoning module DerivedDataCache (56)
[2015.12.04-13.24.36:151][685]LogDerivedDataCache: Shutdown
[2015.12.04-13.24.36:151][685]LogModuleManager: Shutting down and abandoning module ShaderFormatOpenGL (55)
[2015.12.04-13.24.36:151][685]LogModuleManager: Shutting down and abandoning module ShaderFormatD3D (54)
[2015.12.04-13.24.36:151][685]LogModuleManager: Shutting down and abandoning module MetalShaderFormat (53)
[2015.12.04-13.24.36:151][685]LogModuleManager: Shutting down and abandoning module TextureFormatUncompressed (52)
[2015.12.04-13.24.36:151][685]LogModuleManager: Shutting down and abandoning module TextureFormatPVR (51)
[2015.12.04-13.24.36:151][685]LogModuleManager: Shutting down and abandoning module TextureFormatIntelISPCTexComp (50)
[2015.12.04-13.24.36:151][685]LogModuleManager: Shutting down and abandoning module TextureFormatDXT (49)
[2015.12.04-13.24.36:151][685]LogModuleManager: Shutting down and abandoning module ImageWrapper (48)
[2015.12.04-13.24.36:151][685]LogModuleManager: Shutting down and abandoning module TextureFormatASTC (47)
[2015.12.04-13.24.36:151][685]LogModuleManager: Shutting down and abandoning module TextureFormatAndroid (46)
[2015.12.04-13.24.36:151][685]LogModuleManager: Shutting down and abandoning module AudioFormatOpus (45)
[2015.12.04-13.24.36:151][685]LogModuleManager: Shutting down and abandoning module AudioFormatOgg (44)
[2015.12.04-13.24.36:151][685]LogModuleManager: Shutting down and abandoning module AudioFormatADPCM (43)
[2015.12.04-13.24.36:151][685]LogModuleManager: Shutting down and abandoning module LinuxTargetPlatform (42)
[2015.12.04-13.24.36:151][685]LogModuleManager: Shutting down and abandoning module LinuxServerTargetPlatform (41)
[2015.12.04-13.24.36:151][685]LogModuleManager: Shutting down and abandoning module LinuxNoEditorTargetPlatform (40)
[2015.12.04-13.24.36:151][685]LogModuleManager: Shutting down and abandoning module Messaging (39)
[2015.12.04-13.24.36:151][685]LogModuleManager: Shutting down and abandoning module IOSTargetPlatform (38)
[2015.12.04-13.24.36:151][685]LogModuleManager: Shutting down and abandoning module HTML5TargetPlatform (37)
[2015.12.04-13.24.36:151][685]LogModuleManager: Shutting down and abandoning module Android_PVRTCTargetPlatform (36)
[2015.12.04-13.24.36:151][685]LogModuleManager: Shutting down and abandoning module Android_MultiTargetPlatform (35)
[2015.12.04-13.24.36:151][685]LogModuleManager: Shutting down and abandoning module Android_ETC2TargetPlatform (34)
[2015.12.04-13.24.36:151][685]LogModuleManager: Shutting down and abandoning module Android_ETC1TargetPlatform (33)
[2015.12.04-13.24.36:151][685]LogModuleManager: Shutting down and abandoning module Android_DXTTargetPlatform (32)
[2015.12.04-13.24.36:151][685]LogModuleManager: Shutting down and abandoning module Android_ATCTargetPlatform (31)
[2015.12.04-13.24.36:151][685]LogModuleManager: Shutting down and abandoning module Android_ASTCTargetPlatform (30)
[2015.12.04-13.24.36:151][685]LogModuleManager: Shutting down and abandoning module AndroidTargetPlatform (29)
[2015.12.04-13.24.36:151][685]LogModuleManager: Shutting down and abandoning module WindowsTargetPlatform (28)
[2015.12.04-13.24.36:151][685]LogModuleManager: Shutting down and abandoning module WindowsServerTargetPlatform (27)
[2015.12.04-13.24.36:151][685]LogModuleManager: Shutting down and abandoning module WindowsNoEditorTargetPlatform (26)
[2015.12.04-13.24.36:151][685]LogModuleManager: Shutting down and abandoning module WindowsClientTargetPlatform (25)
[2015.12.04-13.24.36:151][685]LogModuleManager: Shutting down and abandoning module AllDesktopTargetPlatform (24)
[2015.12.04-13.24.36:151][685]LogModuleManager: Shutting down and abandoning module TargetPlatform (23)
[2015.12.04-13.24.36:151][685]LogModuleManager: Shutting down and abandoning module InputCore (22)
[2015.12.04-13.24.36:151][685]LogModuleManager: Shutting down and abandoning module Settings (21)
[2015.12.04-13.24.36:151][685]LogModuleManager: Shutting down and abandoning module OnlineSubsystem (19)
[2015.12.04-13.24.36:151][685]LogModuleManager: Shutting down and abandoning module HTTP (18)
[2015.12.04-13.24.38:652][685]LogModuleManager: Shutting down and abandoning module XMPP (17)
[2015.12.04-13.24.38:652][685]LogModuleManager: Shutting down and abandoning module OculusRift (16)
[2015.12.04-13.24.38:652][685]LogModuleManager: Shutting down and abandoning module ExampleDeviceProfileSelector (15)
[2015.12.04-13.24.38:652][685]LogModuleManager: Shutting down and abandoning module TextureCompressor (14)
[2015.12.04-13.24.38:652][685]LogModuleManager: Shutting down and abandoning module ShaderCore (13)
[2015.12.04-13.24.38:652][685]LogModuleManager: Shutting down and abandoning module Landscape (12)
[2015.12.04-13.24.38:652][685]LogModuleManager: Shutting down and abandoning module SlateRHIRenderer (11)
[2015.12.04-13.24.38:653][685]LogModuleManager: Shutting down and abandoning module OpenGLDrv (10)
[2015.12.04-13.24.38:653][685]LogModuleManager: Shutting down and abandoning module D3D11RHI (9)
[2015.12.04-13.24.38:653][685]LogModuleManager: Shutting down and abandoning module AnimGraphRuntime (8)
[2015.12.04-13.24.38:653][685]LogModuleManager: Shutting down and abandoning module Renderer (7)
[2015.12.04-13.24.38:653][685]LogModuleManager: Shutting down and abandoning module Engine (6)
[2015.12.04-13.24.38:653][685]LogModuleManager: Shutting down and abandoning module CoreUObject (5)
[2015.12.04-13.24.38:653][685]LogModuleManager: Shutting down and abandoning module NetworkFile (4)
[2015.12.04-13.24.38:653][685]LogModuleManager: Shutting down and abandoning module StreamingFile (3)
[2015.12.04-13.24.38:653][685]LogModuleManager: Shutting down and abandoning module SandboxFile (2)
[2015.12.04-13.24.38:653][685]LogModuleManager: Shutting down and abandoning module PakFile (1)
[2015.12.04-13.24.38:655][685]LogExit: Exiting.
[2015.12.04-13.24.38:656][685]Log file closed, 12/04/15 21:24:38
