[2015.12.09-03.06.58:819][  0]Log file open, 12/09/15 11:06:58
[2015.12.09-03.06.58:819][  0]LogInit:Display: Running engine for game: ProjectDino
[2015.12.09-03.06.58:819][  0]LogPlatformFile: Not using cached read wrapper
[2015.12.09-03.06.58:819][  0]LogInit:Display: RandInit(2010326174) SRandInit(2010326176).
[2015.12.09-03.06.58:819][  0]LogTaskGraph: Started task graph with 4 named threads and 7 total threads.
[2015.12.09-03.06.58:819][  0]LogStats: Stats thread started at 0.082405
[2015.12.09-03.06.58:819][  0]LogInit: Version: 4.10.0-2758231+++depot+UE4-Releases+4.10
[2015.12.09-03.06.58:819][  0]LogInit: API Version: 2758231
[2015.12.09-03.06.58:819][  0]LogInit: Compiled (64-bit): Nov  7 2015 05:13:45
[2015.12.09-03.06.58:819][  0]LogInit: Compiled with Visual C++: 19.00.23026.00
[2015.12.09-03.06.58:819][  0]LogInit: Build Configuration: Development
[2015.12.09-03.06.58:819][  0]LogInit: Branch Name: ++depot+UE4-Releases+4.10
[2015.12.09-03.06.58:819][  0]LogInit: Command line:  
[2015.12.09-03.06.58:819][  0]LogInit: Base directory: C:/Program Files/Epic Games/4.10/Engine/Binaries/Win64/
[2015.12.09-03.06.58:819][  0]LogInit: Rocket: 1
[2015.12.09-03.06.58:838][  0]LogInit: Using libcurl 7.41.0
[2015.12.09-03.06.58:838][  0]LogInit:  - built for x86_64-pc-win32
[2015.12.09-03.06.58:838][  0]LogInit:  - supports SSL with WinSSL
[2015.12.09-03.06.58:838][  0]LogInit:  - other features:
[2015.12.09-03.06.58:838][  0]LogInit:      CURL_VERSION_SSL
[2015.12.09-03.06.58:838][  0]LogInit:      CURL_VERSION_IPV6
[2015.12.09-03.06.58:838][  0]LogInit:      CURL_VERSION_ASYNCHDNS
[2015.12.09-03.06.58:838][  0]LogInit:      CURL_VERSION_LARGEFILE
[2015.12.09-03.06.58:838][  0]LogInit:      CURL_VERSION_IDN
[2015.12.09-03.06.58:838][  0]LogInit:  CurlRequestOptions (configurable via config and command line):
[2015.12.09-03.06.58:838][  0]LogInit:  - bVerifyPeer = true  - Libcurl will verify peer certificate
[2015.12.09-03.06.58:838][  0]LogInit:  - bUseHttpProxy = false  - Libcurl will NOT use HTTP proxy
[2015.12.09-03.06.58:838][  0]LogInit:  - bDontReuseConnections = false  - Libcurl will reuse connections
[2015.12.09-03.06.58:838][  0]LogInit:  - CertBundlePath = nullptr  - Libcurl will use whatever was configured at build time.
[2015.12.09-03.06.58:846][  0]LogInit: Presizing for 0 objects not considered by GC, pre-allocating 0 bytes.
[2015.12.09-03.06.58:857][  0]LogInit: Object subsystem initialized
[2015.12.09-03.06.58:858][  0]LogInit: Selected Device Profile: [Windows]
[2015.12.09-03.06.58:858][  0]LogInit: Applying CVar settings loaded from the selected device profile: [Windows]
[2015.12.09-03.06.58:873][  0]LogInit: Computer: OWNER-PC
[2015.12.09-03.06.58:873][  0]LogInit: User: Owner
[2015.12.09-03.06.58:873][  0]LogInit: CPU Page size=4096, Cores=4
[2015.12.09-03.06.58:873][  0]LogInit: High frequency timer resolution =2.732460 MHz
[2015.12.09-03.06.58:873][  0]LogMemory: Memory total: Physical=12.0GB (12GB approx)
[2015.12.09-03.06.58:873][  0]LogMemory: Platform Memory Stats for Windows
[2015.12.09-03.06.58:873][  0]LogMemory: Process Physical Memory: 57.01 MB used, 57.01 MB peak
[2015.12.09-03.06.58:874][  0]LogMemory: Process Virtual Memory: 57.57 MB used, 57.57 MB peak
[2015.12.09-03.06.58:874][  0]LogMemory: Physical Memory: 3472.78 MB used, 12283.49 MB total
[2015.12.09-03.06.58:874][  0]LogMemory: Virtual Memory: 350.59 MB used, 8388608.00 MB total
[2015.12.09-03.06.58:915][  0]LogTextLocalizationManager: No specific translations for ('en-AU') exist, so ('en') translations will be used.
[2015.12.09-03.06.59:514][  0]LogD3D11RHI: Found D3D11 adapter 0: NVIDIA GeForce GTX 750 Ti (Feature Level 11_0)
[2015.12.09-03.06.59:514][  0]LogD3D11RHI: Adapter has 1993MB of dedicated video memory, 0MB of dedicated system memory, and 2048MB of shared system memory, 1 output[s]
[2015.12.09-03.06.59:514][  0]LogD3D11RHI: Chosen D3D11 Adapter Id = 0
[2015.12.09-03.06.59:522][  0]LogD3D11RHI: !Direct3DDevice
[2015.12.09-03.06.59:522][  0]LogRHI: Texture pool is 1361 MB (70% of 1945 MB)
[2015.12.09-03.06.59:543][  0]LogD3D11RHI: Async texture creation enabled
[2015.12.09-03.07.00:623][  0]LogShaderCompilers: Guid format shader working directory is -32 characters bigger than the processId version (../../../../../../Users/Owner/Desktop/ProjectDino/ProjectDino/Game/ProjectDino/Intermediate/Shaders/WorkingDirectory/5368/).
[2015.12.09-03.07.00:623][  0]LogShaderCompilers: Cleaned the shader compiler working directory 'C:/Users/Owner/AppData/Local/Temp/UnrealShaderWorkingDir/C1A5C9974B8D134D2F470ABFFCF4D580/'.
[2015.12.09-03.07.00:623][  0]LogShaderCompilers:Display: Using Local Shader Compiler.
[2015.12.09-03.07.02:316][  0]LogTemp:Display: Loaded TP AllDesktopTargetPlatform
[2015.12.09-03.07.02:324][  0]LogTemp:Display: Loaded TP WindowsClientTargetPlatform
[2015.12.09-03.07.02:332][  0]LogTemp:Display: Loaded TP WindowsNoEditorTargetPlatform
[2015.12.09-03.07.02:339][  0]LogTemp:Display: Loaded TP WindowsServerTargetPlatform
[2015.12.09-03.07.02:345][  0]LogTemp:Display: Loaded TP WindowsTargetPlatform
[2015.12.09-03.07.02:352][  0]LogTemp:Display: Loaded TP AndroidTargetPlatform
[2015.12.09-03.07.02:357][  0]LogTemp:Display: Loaded TP Android_ASTCTargetPlatform
[2015.12.09-03.07.02:362][  0]LogTemp:Display: Loaded TP Android_ATCTargetPlatform
[2015.12.09-03.07.02:369][  0]LogTemp:Display: Loaded TP Android_DXTTargetPlatform
[2015.12.09-03.07.02:373][  0]LogTemp:Display: Loaded TP Android_ETC1TargetPlatform
[2015.12.09-03.07.02:377][  0]LogTemp:Display: Loaded TP Android_ETC2TargetPlatform
[2015.12.09-03.07.02:385][  0]LogTemp:Display: Loaded TP Android_MultiTargetPlatform
[2015.12.09-03.07.02:385][  0]LogTemp:Display: Loaded TP Android_PVRTCTargetPlatform
[2015.12.09-03.07.02:386][  0]LogTemp:Display: Loaded TP HTML5TargetPlatform
[2015.12.09-03.07.02:408][  0]LogTemp:Display: Loaded TP IOSTargetPlatform
[2015.12.09-03.07.02:413][  0]LogTemp:Display: Loaded TP LinuxNoEditorTargetPlatform
[2015.12.09-03.07.02:420][  0]LogTemp:Display: Loaded TP LinuxServerTargetPlatform
[2015.12.09-03.07.02:424][  0]LogTemp:Display: Loaded TP LinuxTargetPlatform
[2015.12.09-03.07.02:424][  0]LogTargetPlatformManager:Display: Building Assets For Windows
[2015.12.09-03.07.02:530][  0]LogDerivedDataCache:Display: Max Cache Size: 512 MB
[2015.12.09-03.07.02:592][  0]LogDerivedDataCache: Loaded boot cache 0.06s 41MB C:/Users/Owner/AppData/Local/UnrealEngine/4.10/DerivedDataCache/Boot.ddc.
[2015.12.09-03.07.02:592][  0]LogDerivedDataCache:Display: Loaded Boot cache: C:/Users/Owner/AppData/Local/UnrealEngine/4.10/DerivedDataCache/Boot.ddc
[2015.12.09-03.07.02:592][  0]LogDerivedDataCache: FDerivedDataBackendGraph:  Pak pak cache file ../../../../../../Users/Owner/Desktop/ProjectDino/ProjectDino/Game/ProjectDino/DerivedDataCache/DDC.ddp not found, will not use a pak cache.
[2015.12.09-03.07.02:592][  0]LogDerivedDataCache: Unable to find inner node Pak for hierarchical cache Hierarchy.
[2015.12.09-03.07.02:592][  0]LogDerivedDataCache: FDerivedDataBackendGraph:  CompressedPak pak cache file ../../../../../../Users/Owner/Desktop/ProjectDino/ProjectDino/Game/ProjectDino/DerivedDataCache/Compressed.ddp not found, will not use a pak cache.
[2015.12.09-03.07.02:592][  0]LogDerivedDataCache: Unable to find inner node CompressedPak for hierarchical cache Hierarchy.
[2015.12.09-03.07.02:719][  0]LogDerivedDataCache:Display: Pak cache opened for reading ../../../Engine/DerivedDataCache/Compressed.ddp.
[2015.12.09-03.07.02:730][  0]LogDerivedDataCache: Using Local data cache path C:/Users/Owner/AppData/Local/UnrealEngine/Common/DerivedDataCache: Writable
[2015.12.09-03.07.03:004][  0]LogInit: Selected Device Profile: [Windows]
[2015.12.09-03.07.03:004][  0]LogContentStreaming: Texture pool size is 0.000000MB
[2015.12.09-03.07.03:080][  0]LogMeshUtilities: No automatic mesh reduction module available
[2015.12.09-03.07.03:080][  0]LogMeshUtilities: No automatic mesh merging module available
[2015.12.09-03.07.03:720][  0]LogInit: WinSock: version 1.1 (2.2), MaxSocks=32767, MaxUdp=65467
[2015.12.09-03.07.05:019][  0]UdpMessaging: Initializing bridge on interface 0.0.0.0:0 to multicast group 230.0.0.1:6666.
[2015.12.09-03.07.05:130][  0]LogAssetRegistry: FAssetRegistry took 0.0105 seconds to start up
[2015.12.09-03.07.05:456][  0]SourceControl: Info Source control is disabled
[2015.12.09-03.07.06:625][  0]LogObj: 28634 objects as part of root set at end of initial load.
[2015.12.09-03.07.06:625][  0]LogUObjectAllocator: 6099912 out of 0 bytes used by permanent object pool.
[2015.12.09-03.07.06:719][  0]LogEngine: Initializing Engine...
[2015.12.09-03.07.06:722][  0]LogHMD: Can't find Oculus library dev build: is proper Runtime installed? Version: 0.8.0.0
[2015.12.09-03.07.06:742][  0]LogHMD: SteamVR failed to initialize.  Err: 108
[2015.12.09-03.07.06:959][  0]LogAIModule: Creating AISystem for world NewWorld
[2015.12.09-03.07.06:967][  0]LogInit: XAudio2 using 'Speakers (High Definition Audio Device)' : 2 channels at 44.1 kHz using 16 bits per sample (channel mask 0x3)
[2015.12.09-03.07.06:973][  0]LogInit: FAudioDevice initialized.
[2015.12.09-03.07.07:005][  0]LogDerivedDataCache: Saved boot cache 0.03s 41MB C:/Users/Owner/AppData/Local/UnrealEngine/4.10/DerivedDataCache/Boot.ddc.
[2015.12.09-03.07.07:016][  0]LogInit: Texture streaming: Enabled
[2015.12.09-03.07.07:025][  0]LogAnalytics: Creating configured Analytics provider AnalyticsET
[2015.12.09-03.07.07:025][  0]LogAnalytics: [UEEditor.Rocket.Release] APIServer = http://et2.epicgames.com/ET2/. AppVersion = 4.10.0-2758231+++depot+UE4-Releases+4.10
[2015.12.09-03.07.07:025][  0]LogAnalytics: [UEEditor.Rocket.Release] SetUserId b1e705434c200a5e74bb2586ba0bc651|940afd638cf94ce9b4d8f38d9556b043|5d73f152-fa47-49e5-865a-fd1bc20a41b9
[2015.12.09-03.07.07:025][  0]LogAnalytics: [UEEditor.Rocket.Release] AnalyticsET::StartSession
[2015.12.09-03.07.07:050][  0]LogInit: Transaction tracking system initialized
[2015.12.09-03.07.07:093][  0]BlueprintLog: New page: Editor Load
[2015.12.09-03.07.07:216][  0]LocalizationService: Info Localization service is disabled
[2015.12.09-03.07.07:352][  0]LogConsoleResponse:Display: 
[2015.12.09-03.07.07:579][  0]LogCook:Display: Done creating registry. It took  0.00s.
[2015.12.09-03.07.07:936][  0]LogFileCache: Scanning file cache for directory 'C:/Users/Owner/Desktop/ProjectDino/ProjectDino/Game/ProjectDino/Content/' took 0.01s
[2015.12.09-03.07.07:936][  0]Cmd: MAP LOAD FILE="../../../../../../Users/Owner/Desktop/ProjectDino/ProjectDino/Game/ProjectDino/Content/Maps/Prototype.umap" TEMPLATE=0 SHOWPROGRESS=1 FEATURELEVEL=3
[2015.12.09-03.07.07:940][  0]LightingResults: New page: Lighting Build
[2015.12.09-03.07.07:960][  0]MapCheck: New page: Map Check
[2015.12.09-03.07.07:961][  0]LightingResults: New page: Lighting Build
[2015.12.09-03.07.08:007][  0]LogParticles: Destroying 0 GPU particle simulations for FXSystem 0x00000000294FEAC0
[2015.12.09-03.07.10:006][  0]LogAIModule: Creating AISystem for world Prototype
[2015.12.09-03.07.10:018][  0]LogEditorServer: Finished looking for orphan Actors (0.000 secs)
[2015.12.09-03.07.10:019][  0]Cmd: MAP CHECKDEP NOCLEARLOG
[2015.12.09-03.07.10:097][  0]MapCheck: Info Map check complete: 0 Error(s), 0 Warning(s), took 77.591ms to complete.
[2015.12.09-03.07.10:097][  0]LogFileHelpers: Loading map 'Prototype' took 2.161
[2015.12.09-03.07.10:283][  0]LogCollectionManager: Loaded 0 collections in 0.005094 seconds
[2015.12.09-03.07.10:348][  0]LogFileCache: Scanning file cache for directory 'C:/Users/Owner/Desktop/ProjectDino/ProjectDino/Game/ProjectDino/Saved/Collections/' took 0.01s
[2015.12.09-03.07.10:348][  0]LogFileCache: Scanning file cache for directory 'C:/Users/Owner/Desktop/ProjectDino/ProjectDino/Game/ProjectDino/Content/Developers/Owner/Collections/' took 0.01s
[2015.12.09-03.07.10:348][  0]LogFileCache: Scanning file cache for directory 'C:/Users/Owner/Desktop/ProjectDino/ProjectDino/Game/ProjectDino/Content/Collections/' took 0.01s
[2015.12.09-03.07.10:348][  0]LogCollectionManager: Rebuilt the GUID cache for 0 collections in 0.000003 seconds
[2015.12.09-03.07.10:373][  0]LogContentBrowser: Native class hierarchy populated in 0.0248 seconds. Added 1893 classes and 338 folders.
[2015.12.09-03.07.10:392][  0]LogContentBrowser: Native class hierarchy updated for 'WidgetCarousel' in 0.0006 seconds. Added 0 classes and 0 folders.
[2015.12.09-03.07.10:502][  0]LogContentBrowser: Native class hierarchy updated for 'AddContentDialog' in 0.0005 seconds. Added 0 classes and 0 folders.
[2015.12.09-03.07.10:510][  0]LogContentBrowser: Native class hierarchy updated for 'SceneOutliner' in 0.0008 seconds. Added 1 classes and 2 folders.
[2015.12.09-03.07.10:658][  0]LogCrashTracker: Crashtracker disabled due to settings.
[2015.12.09-03.07.10:665][  0]LogUObjectGlobals:Warning: Failed to find object 'Class None.'
[2015.12.09-03.07.10:691][  0]LogLoad: Full Startup: 12.41 seconds (BP compile: 0.70 seconds)
[2015.12.09-03.07.11:033][  0]LogOcInput: Can't find Oculus library dev build: is proper Runtime installed? Version: 0.8.0.0
[2015.12.09-03.07.11:318][  0]SourceControl: Info On branch master
[2015.12.09-03.07.11:318][  0]SourceControl: Info Your branch is up-to-date with 'origin/master'.
[2015.12.09-03.07.11:318][  0]SourceControl: Info Changes not staged for commit:
[2015.12.09-03.07.11:318][  0]SourceControl: Info   (use "git add <file>..." to update what will be committed)
[2015.12.09-03.07.11:318][  0]SourceControl: Info   (use "git checkout -- <file>..." to discard changes in working directory)
[2015.12.09-03.07.11:319][  0]SourceControl: Info 	modified:   Game/ProjectDino/Saved/Config/Windows/Editor.ini
[2015.12.09-03.07.11:319][  0]SourceControl: Info 	modified:   Game/ProjectDino/Saved/Config/Windows/EditorPerProjectUserSettings.ini
[2015.12.09-03.07.11:319][  0]SourceControl: Info 	modified:   Game/ProjectDino/Saved/Config/Windows/Engine.ini
[2015.12.09-03.07.11:319][  0]SourceControl: Info 	modified:   Game/ProjectDino/Saved/Logs/ProjectDino.log
[2015.12.09-03.07.11:319][  0]SourceControl: Info 	modified:   Game/ProjectDino/Saved/Logs/ProjectDino_2.log
[2015.12.09-03.07.11:319][  0]SourceControl: Info Untracked files:
[2015.12.09-03.07.11:319][  0]SourceControl: Info   (use "git add <file>..." to include in what will be committed)
[2015.12.09-03.07.11:319][  0]SourceControl: Info 	Game/ProjectDino/Saved/Logs/ProjectDino-backup-2015.12.09-11.01.31.log
[2015.12.09-03.07.11:319][  0]SourceControl: Info 	Game/ProjectDino/Saved/Logs/ProjectDino_2-backup-2015.12.09-11.06.58.log
[2015.12.09-03.07.11:319][  0]SourceControl: Info no changes added to commit (use "git add" and/or "git commit -a")
[2015.12.09-03.07.11:319][  0]LogContentStreaming: Texture pool size now 1000 MB
[2015.12.09-03.07.11:733][  0]LogRenderer: Reallocating scene render targets to support 1236x544 (Frame:2).
[2015.12.09-03.07.15:206][ 11]LogAssetRegistry: Asset discovery search completed in 10.0861 seconds
[2015.12.09-03.07.15:206][ 11]LogCollectionManager: Rebuilt the object cache for 0 collections in 0.000001 seconds (found 0 objects)
[2015.12.09-03.07.15:206][ 11]LogCollectionManager: Fixed up redirectors for 0 collections in 0.000029 seconds (updated 0 objects)
[2015.12.09-03.07.15:521][ 12]LogActorComponent: UnregisterComponent: (/Engine/Transient.CharMoveComp) Not registered. Aborting.
[2015.12.09-03.07.16:501][ 13]Cmd: QUIT_EDITOR
[2015.12.09-03.07.17:040][ 13]LogExit: Preparing to exit.
[2015.12.09-03.07.18:378][ 13]LogExit: Editor shut down
[2015.12.09-03.07.18:379][ 13]LogExit: Transaction tracking system shut down
[2015.12.09-03.07.18:417][ 13]LogParticles: Destroying 0 GPU particle simulations for FXSystem 0x0000000017FEBA60
[2015.12.09-03.07.18:417][ 13]LogParticles: Destroying 0 GPU particle simulations for FXSystem 0x00000000352E7880
[2015.12.09-03.07.18:417][ 13]LogParticles: Destroying 0 GPU particle simulations for FXSystem 0x000000003653E980
[2015.12.09-03.07.18:417][ 13]LogParticles: Destroying 0 GPU particle simulations for FXSystem 0x000000003A97E0C0
[2015.12.09-03.07.19:321][ 13]LogExit: Object subsystem successfully closed.
[2015.12.09-03.07.19:522][ 13]LogD3D11RHI: Shutdown
[2015.12.09-03.07.19:522][ 13]LogD3D11RHI: CleanupD3DDevice
[2015.12.09-03.07.19:607][ 13]LogD3D11RHI: ~FD3D11DynamicRHI
[2015.12.09-03.07.20:168][ 13]LogModuleManager: Shutting down and abandoning module CrashTracker (198)
[2015.12.09-03.07.20:168][ 13]LogModuleManager: Shutting down and abandoning module SceneOutliner (197)
[2015.12.09-03.07.20:168][ 13]LogModuleManager: Shutting down and abandoning module SuperSearch (196)
[2015.12.09-03.07.20:168][ 13]LogModuleManager: Shutting down and abandoning module WidgetCarousel (195)
[2015.12.09-03.07.20:168][ 13]LogModuleManager: Shutting down and abandoning module AddContentDialog (194)
[2015.12.09-03.07.20:169][ 13]LogModuleManager: Shutting down and abandoning module EditorWidgets (193)
[2015.12.09-03.07.20:170][ 13]LogModuleManager: Shutting down and abandoning module CollectionManager (192)
[2015.12.09-03.07.20:170][ 13]LogModuleManager: Shutting down and abandoning module StatsViewer (191)
[2015.12.09-03.07.20:170][ 13]LogModuleManager: Shutting down and abandoning module FoliageEdit (190)
[2015.12.09-03.07.20:170][ 13]LogModuleManager: Shutting down and abandoning module LandscapeEditor (189)
[2015.12.09-03.07.20:186][ 13]LogModuleManager: Shutting down and abandoning module ActorPickerMode (188)
[2015.12.09-03.07.20:186][ 13]LogModuleManager: Shutting down and abandoning module GeometryMode (187)
[2015.12.09-03.07.20:187][ 13]LogModuleManager: Shutting down and abandoning module TextureAlignMode (186)
[2015.12.09-03.07.20:187][ 13]LogModuleManager: Shutting down and abandoning module BspMode (185)
[2015.12.09-03.07.20:187][ 13]LogModuleManager: Shutting down and abandoning module PlacementMode (184)
[2015.12.09-03.07.20:187][ 13]LogModuleManager: Shutting down and abandoning module AutomationWorker (183)
[2015.12.09-03.07.20:187][ 13]LogModuleManager: Shutting down and abandoning module CharacterAI (182)
[2015.12.09-03.07.20:187][ 13]LogModuleManager: Shutting down and abandoning module SmartSnapping (181)
[2015.12.09-03.07.20:187][ 13]LogModuleManager: Shutting down and abandoning module ViewportSnapping (180)
[2015.12.09-03.07.20:187][ 13]LogModuleManager: Shutting down and abandoning module LogVisualizer (179)
[2015.12.09-03.07.20:208][ 13]LogModuleManager: Shutting down and abandoning module GameProjectGeneration (178)
[2015.12.09-03.07.20:267][ 13]LogModuleManager: Shutting down and abandoning module IntroTutorials (177)
[2015.12.09-03.07.20:267][ 13]LogModuleManager: Shutting down and abandoning module EditorLiveStreaming (176)
[2015.12.09-03.07.20:267][ 13]LogModuleManager: Shutting down and abandoning module IOSPlatformEditor (175)
[2015.12.09-03.07.20:267][ 13]LogModuleManager: Shutting down and abandoning module HTML5PlatformEditor (174)
[2015.12.09-03.07.20:267][ 13]LogModuleManager: Shutting down and abandoning module AndroidDeviceDetection (173)
[2015.12.09-03.07.20:280][ 13]LogModuleManager: Shutting down and abandoning module AndroidPlatformEditor (172)
[2015.12.09-03.07.20:280][ 13]LogModuleManager: Shutting down and abandoning module IOSRuntimeSettings (171)
[2015.12.09-03.07.20:280][ 13]LogModuleManager: Shutting down and abandoning module AndroidRuntimeSettings (170)
[2015.12.09-03.07.20:280][ 13]LogModuleManager: Shutting down and abandoning module MergeActors (169)
[2015.12.09-03.07.20:280][ 13]LogModuleManager: Shutting down and abandoning module SizeMap (168)
[2015.12.09-03.07.20:280][ 13]LogModuleManager: Shutting down and abandoning module TreeMap (167)
[2015.12.09-03.07.20:280][ 13]LogModuleManager: Shutting down and abandoning module ReferenceViewer (166)
[2015.12.09-03.07.20:280][ 13]LogModuleManager: Shutting down and abandoning module LocalizationService (165)
[2015.12.09-03.07.20:280][ 13]LogModuleManager: Shutting down and abandoning module LocalizationDashboard (164)
[2015.12.09-03.07.20:308][ 13]LogModuleManager: Shutting down and abandoning module HardwareTargeting (163)
[2015.12.09-03.07.20:308][ 13]LogModuleManager: Shutting down and abandoning module DeviceProfileEditor (162)
[2015.12.09-03.07.20:308][ 13]LogModuleManager: Shutting down and abandoning module UndoHistory (161)
[2015.12.09-03.07.20:308][ 13]LogModuleManager: Shutting down and abandoning module GameplayTagsEditor (160)
[2015.12.09-03.07.20:308][ 13]LogModuleManager: Shutting down and abandoning module UserFeedback (159)
[2015.12.09-03.07.20:308][ 13]LogModuleManager: Shutting down and abandoning module XmlParser (158)
[2015.12.09-03.07.20:308][ 13]LogModuleManager: Shutting down and abandoning module Blutility (157)
[2015.12.09-03.07.20:308][ 13]LogModuleManager: Shutting down and abandoning module ProjectTargetPlatformEditor (156)
[2015.12.09-03.07.20:308][ 13]LogModuleManager: Shutting down and abandoning module ProjectSettingsViewer (155)
[2015.12.09-03.07.20:308][ 13]LogModuleManager: Shutting down and abandoning module InputBindingEditor (154)
[2015.12.09-03.07.20:308][ 13]LogModuleManager: Shutting down and abandoning module EditorSettingsViewer (153)
[2015.12.09-03.07.20:308][ 13]LogModuleManager: Shutting down and abandoning module SettingsEditor (152)
[2015.12.09-03.07.20:308][ 13]LogModuleManager: Shutting down and abandoning module ProjectLauncher (151)
[2015.12.09-03.07.20:313][ 13]LogModuleManager: Shutting down and abandoning module SessionFrontend (150)
[2015.12.09-03.07.20:313][ 13]LogModuleManager: Shutting down and abandoning module ProfilerClient (149)
[2015.12.09-03.07.20:317][ 13]LogModuleManager: Shutting down and abandoning module TargetDeviceServices (148)
[2015.12.09-03.07.20:317][ 13]LogModuleManager: Shutting down and abandoning module DeviceManager (147)
[2015.12.09-03.07.20:317][ 13]LogModuleManager: Shutting down and abandoning module AutomationController (146)
[2015.12.09-03.07.20:317][ 13]LogModuleManager: Shutting down and abandoning module AutomationWindow (145)
[2015.12.09-03.07.20:335][ 13]LogModuleManager: Shutting down and abandoning module Layers (144)
[2015.12.09-03.07.20:374][ 13]LogModuleManager: Shutting down and abandoning module ComponentVisualizers (143)
[2015.12.09-03.07.20:374][ 13]LogModuleManager: Shutting down and abandoning module DetailCustomizations (142)
[2015.12.09-03.07.20:374][ 13]LogModuleManager: Shutting down and abandoning module PackagesDialog (141)
[2015.12.09-03.07.20:374][ 13]LogModuleManager: Shutting down and abandoning module Persona (140)
[2015.12.09-03.07.20:390][ 13]LogModuleManager: Shutting down and abandoning module Kismet (139)
[2015.12.09-03.07.20:390][ 13]LogModuleManager: Shutting down and abandoning module GraphEditor (138)
[2015.12.09-03.07.20:391][ 13]LogModuleManager: Shutting down and abandoning module ClassViewer (137)
[2015.12.09-03.07.20:391][ 13]LogModuleManager: Shutting down and abandoning module Toolbox (136)
[2015.12.09-03.07.20:391][ 13]LogModuleManager: Shutting down and abandoning module ModuleUI (135)
[2015.12.09-03.07.20:401][ 13]LogModuleManager: Shutting down and abandoning module MovieSceneTools (134)
[2015.12.09-03.07.20:406][ 13]LogModuleManager: Shutting down and abandoning module OutputLog (133)
[2015.12.09-03.07.20:407][ 13]LogModuleManager: Shutting down and abandoning module GammaUI (132)
[2015.12.09-03.07.20:422][ 13]LogModuleManager: Shutting down and abandoning module Documentation (131)
[2015.12.09-03.07.20:422][ 13]LogModuleManager: Shutting down and abandoning module GameLiveStreaming (130)
[2015.12.09-03.07.20:423][ 13]LogModuleManager: Shutting down and abandoning module StreamingPauseRendering (129)
[2015.12.09-03.07.20:423][ 13]LogModuleManager: Shutting down and abandoning module AnalyticsET (128)
[2015.12.09-03.07.20:423][ 13]LogModuleManager: Shutting down and abandoning module Analytics (127)
[2015.12.09-03.07.20:423][ 13]LogModuleManager: Shutting down and abandoning module AITestSuite (126)
[2015.12.09-03.07.20:424][ 13]LogModuleManager: Shutting down and abandoning module GameplayDebugger (125)
[2015.12.09-03.07.20:424][ 13]LogModuleManager: Shutting down and abandoning module AIModule (124)
[2015.12.09-03.07.20:424][ 13]LogModuleManager: Shutting down and abandoning module ProfilerService (123)
[2015.12.09-03.07.20:644][ 13]LogModuleManager: Shutting down and abandoning module TaskGraph (122)
[2015.12.09-03.07.20:667][ 13]LogModuleManager: Shutting down and abandoning module SlateRemote (121)
[2015.12.09-03.07.20:667][ 13]LogModuleManager: Shutting down and abandoning module SteamVRController (120)
[2015.12.09-03.07.20:667][ 13]LogModuleManager: Shutting down and abandoning module SteamVR (119)
[2015.12.09-03.07.20:667][ 13]LogModuleManager: Shutting down and abandoning module ProceduralMeshComponent (118)
[2015.12.09-03.07.20:667][ 13]LogModuleManager: Shutting down and abandoning module OculusLibrary (117)
[2015.12.09-03.07.20:667][ 13]LogModuleManager: Shutting down and abandoning module OculusInput (116)
[2015.12.09-03.07.20:667][ 13]LogModuleManager: Shutting down and abandoning module LeapMotionController (115)
[2015.12.09-03.07.20:676][ 13]LogModuleManager: Shutting down and abandoning module CustomMeshComponent (114)
[2015.12.09-03.07.20:676][ 13]LogModuleManager: Shutting down and abandoning module CableComponent (113)
[2015.12.09-03.07.20:676][ 13]LogModuleManager: Shutting down and abandoning module ArchVisCharacter (112)
[2015.12.09-03.07.20:676][ 13]LogModuleManager: Shutting down and abandoning module MessagingDebugger (111)
[2015.12.09-03.07.20:735][ 13]LogModuleManager: Shutting down and abandoning module MediaPlayerEditor (110)
[2015.12.09-03.07.20:745][ 13]LogModuleManager: Shutting down and abandoning module HTML5Networking (109)
[2015.12.09-03.07.20:745][ 13]LogModuleManager: Shutting down and abandoning module SpeedTreeImporter (108)
[2015.12.09-03.07.20:745][ 13]LogModuleManager: Shutting down and abandoning module PluginBrowser (107)
[2015.12.09-03.07.20:753][ 13]LogModuleManager: Shutting down and abandoning module EpicSurvey (106)
[2015.12.09-03.07.20:753][ 13]LogModuleManager: Shutting down and abandoning module DesktopPlatform (105)
[2015.12.09-03.07.20:753][ 13]LogModuleManager: Shutting down and abandoning module VisualStudioSourceCodeAccess (104)
[2015.12.09-03.07.20:753][ 13]LogModuleManager: Shutting down and abandoning module UObjectPlugin (103)
[2015.12.09-03.07.20:753][ 13]LogModuleManager: Shutting down and abandoning module SubversionSourceControl (102)
[2015.12.09-03.07.20:753][ 13]LogModuleManager: Shutting down and abandoning module PerforceSourceControl (101)
[2015.12.09-03.07.20:753][ 13]LogModuleManager: Shutting down and abandoning module SourceControl (100)
[2015.12.09-03.07.20:756][ 13]LogModuleManager: Shutting down and abandoning module GitSourceControl (99)
[2015.12.09-03.07.20:756][ 13]LogModuleManager: Shutting down and abandoning module LightPropagationVolumeEditor (98)
[2015.12.09-03.07.20:756][ 13]LogModuleManager: Shutting down and abandoning module PaperTiledImporter (97)
[2015.12.09-03.07.20:756][ 13]LogModuleManager: Shutting down and abandoning module PaperSpriteSheetImporter (96)
[2015.12.09-03.07.20:756][ 13]LogModuleManager: Shutting down and abandoning module MeshPaint (95)
[2015.12.09-03.07.20:756][ 13]LogModuleManager: Shutting down and abandoning module SlateReflector (94)
[2015.12.09-03.07.20:762][ 13]LogModuleManager: Shutting down and abandoning module HotReload (93)
[2015.12.09-03.07.20:762][ 13]LogModuleManager: Shutting down and abandoning module MainFrame (92)
[2015.12.09-03.07.20:762][ 13]LogModuleManager: Shutting down and abandoning module LevelEditor (91)
[2015.12.09-03.07.20:776][ 13]LogModuleManager: Shutting down and abandoning module DirectoryWatcher (90)
[2015.12.09-03.07.20:777][ 13]LogModuleManager: Shutting down and abandoning module AssetRegistry (89)
[2015.12.09-03.07.20:916][ 13]LogModuleManager: Shutting down and abandoning module ContentBrowser (88)
[2015.12.09-03.07.20:917][ 13]LogModuleManager: Shutting down and abandoning module Paper2DEditor (87)
[2015.12.09-03.07.20:952][ 13]LogModuleManager: Shutting down and abandoning module UdpMessaging (86)
[2015.12.09-03.07.21:052][ 13]LogModuleManager: Shutting down and abandoning module LightPropagationVolumeRuntime (85)
[2015.12.09-03.07.21:052][ 13]LogModuleManager: Shutting down and abandoning module Paper2D (84)
[2015.12.09-03.07.21:052][ 13]LogModuleManager: Shutting down and abandoning module WindowsMoviePlayer (83)
[2015.12.09-03.07.21:055][ 13]LogModuleManager: Shutting down and abandoning module Media (82)
[2015.12.09-03.07.21:056][ 13]LogModuleManager: Shutting down and abandoning module WmfMedia (81)
[2015.12.09-03.07.21:056][ 13]LogModuleManager: Shutting down and abandoning module OnlineBlueprintSupport (80)
[2015.12.09-03.07.21:056][ 13]LogModuleManager: Shutting down and abandoning module GameplayTasksEditor (79)
[2015.12.09-03.07.21:056][ 13]LogModuleManager: Shutting down and abandoning module PropertyEditor (78)
[2015.12.09-03.07.21:056][ 13]LogModuleManager: Shutting down and abandoning module BehaviorTreeEditor (77)
[2015.12.09-03.07.21:114][ 13]LogModuleManager: Shutting down and abandoning module FunctionalTesting (76)
[2015.12.09-03.07.21:115][ 13]LogModuleManager: Shutting down and abandoning module CollisionAnalyzer (75)
[2015.12.09-03.07.21:115][ 13]LogModuleManager: Shutting down and abandoning module WorkspaceMenuStructure (74)
[2015.12.09-03.07.21:115][ 13]LogModuleManager: Shutting down and abandoning module MessageLog (73)
[2015.12.09-03.07.21:115][ 13]LogModuleManager: Shutting down and abandoning module Sequencer (72)
[2015.12.09-03.07.21:120][ 13]LogModuleManager: Shutting down and abandoning module AssetTools (71)
[2015.12.09-03.07.21:301][ 13]LogModuleManager: Shutting down and abandoning module UMGEditor (70)
[2015.12.09-03.07.21:317][ 13]LogModuleManager: Shutting down and abandoning module UMG (69)
[2015.12.09-03.07.21:317][ 13]LogModuleManager: Shutting down and abandoning module Slate (68)
[2015.12.09-03.07.21:317][ 13]LogModuleManager: Shutting down and abandoning module EditorStyle (67)
[2015.12.09-03.07.21:321][ 13]LogModuleManager: Shutting down and abandoning module SessionServices (66)
[2015.12.09-03.07.21:321][ 13]LogModuleManager: Shutting down and abandoning module SourceCodeAccess (65)
[2015.12.09-03.07.21:321][ 13]LogModuleManager: Shutting down and abandoning module HeadMountedDisplay (64)
[2015.12.09-03.07.21:321][ 13]LogModuleManager: Shutting down and abandoning module XAudio2 (63)
[2015.12.09-03.07.21:321][ 13]LogModuleManager: Shutting down and abandoning module Networking (61)
[2015.12.09-03.07.21:321][ 13]LogModuleManager: Shutting down and abandoning module Core (60)
[2015.12.09-03.07.21:321][ 13]LogModuleManager: Shutting down and abandoning module KismetCompiler (59)
[2015.12.09-03.07.21:321][ 13]LogModuleManager: Shutting down and abandoning module PhysXFormats (58)
[2015.12.09-03.07.21:321][ 13]LogModuleManager: Shutting down and abandoning module MeshUtilities (57)
[2015.12.09-03.07.21:352][ 13]LogModuleManager: Shutting down and abandoning module DerivedDataCache (56)
[2015.12.09-03.07.21:774][ 13]LogDerivedDataCache: Shutdown
[2015.12.09-03.07.21:775][ 13]LogModuleManager: Shutting down and abandoning module ShaderFormatOpenGL (55)
[2015.12.09-03.07.21:817][ 13]LogModuleManager: Shutting down and abandoning module ShaderFormatD3D (54)
[2015.12.09-03.07.21:817][ 13]LogModuleManager: Shutting down and abandoning module MetalShaderFormat (53)
[2015.12.09-03.07.21:876][ 13]LogModuleManager: Shutting down and abandoning module TextureFormatUncompressed (52)
[2015.12.09-03.07.21:876][ 13]LogModuleManager: Shutting down and abandoning module TextureFormatPVR (51)
[2015.12.09-03.07.21:876][ 13]LogModuleManager: Shutting down and abandoning module TextureFormatIntelISPCTexComp (50)
[2015.12.09-03.07.21:876][ 13]LogModuleManager: Shutting down and abandoning module TextureFormatDXT (49)
[2015.12.09-03.07.21:876][ 13]LogModuleManager: Shutting down and abandoning module ImageWrapper (48)
[2015.12.09-03.07.21:876][ 13]LogModuleManager: Shutting down and abandoning module TextureFormatASTC (47)
[2015.12.09-03.07.21:876][ 13]LogModuleManager: Shutting down and abandoning module TextureFormatAndroid (46)
[2015.12.09-03.07.21:876][ 13]LogModuleManager: Shutting down and abandoning module AudioFormatOpus (45)
[2015.12.09-03.07.21:876][ 13]LogModuleManager: Shutting down and abandoning module AudioFormatOgg (44)
[2015.12.09-03.07.21:876][ 13]LogModuleManager: Shutting down and abandoning module AudioFormatADPCM (43)
[2015.12.09-03.07.21:876][ 13]LogModuleManager: Shutting down and abandoning module LinuxTargetPlatform (42)
[2015.12.09-03.07.21:876][ 13]LogModuleManager: Shutting down and abandoning module LinuxServerTargetPlatform (41)
[2015.12.09-03.07.21:876][ 13]LogModuleManager: Shutting down and abandoning module LinuxNoEditorTargetPlatform (40)
[2015.12.09-03.07.21:876][ 13]LogModuleManager: Shutting down and abandoning module Messaging (39)
[2015.12.09-03.07.21:876][ 13]LogModuleManager: Shutting down and abandoning module IOSTargetPlatform (38)
[2015.12.09-03.07.21:876][ 13]LogModuleManager: Shutting down and abandoning module HTML5TargetPlatform (37)
[2015.12.09-03.07.21:876][ 13]LogModuleManager: Shutting down and abandoning module Android_PVRTCTargetPlatform (36)
[2015.12.09-03.07.21:876][ 13]LogModuleManager: Shutting down and abandoning module Android_MultiTargetPlatform (35)
[2015.12.09-03.07.21:876][ 13]LogModuleManager: Shutting down and abandoning module Android_ETC2TargetPlatform (34)
[2015.12.09-03.07.21:876][ 13]LogModuleManager: Shutting down and abandoning module Android_ETC1TargetPlatform (33)
[2015.12.09-03.07.21:876][ 13]LogModuleManager: Shutting down and abandoning module Android_DXTTargetPlatform (32)
[2015.12.09-03.07.21:876][ 13]LogModuleManager: Shutting down and abandoning module Android_ATCTargetPlatform (31)
[2015.12.09-03.07.21:876][ 13]LogModuleManager: Shutting down and abandoning module Android_ASTCTargetPlatform (30)
[2015.12.09-03.07.21:876][ 13]LogModuleManager: Shutting down and abandoning module AndroidTargetPlatform (29)
[2015.12.09-03.07.21:877][ 13]LogModuleManager: Shutting down and abandoning module WindowsTargetPlatform (28)
[2015.12.09-03.07.21:877][ 13]LogModuleManager: Shutting down and abandoning module WindowsServerTargetPlatform (27)
[2015.12.09-03.07.21:877][ 13]LogModuleManager: Shutting down and abandoning module WindowsNoEditorTargetPlatform (26)
[2015.12.09-03.07.21:877][ 13]LogModuleManager: Shutting down and abandoning module WindowsClientTargetPlatform (25)
[2015.12.09-03.07.21:877][ 13]LogModuleManager: Shutting down and abandoning module AllDesktopTargetPlatform (24)
[2015.12.09-03.07.21:877][ 13]LogModuleManager: Shutting down and abandoning module TargetPlatform (23)
[2015.12.09-03.07.21:877][ 13]LogModuleManager: Shutting down and abandoning module InputCore (22)
[2015.12.09-03.07.21:877][ 13]LogModuleManager: Shutting down and abandoning module Settings (21)
[2015.12.09-03.07.21:877][ 13]LogModuleManager: Shutting down and abandoning module OnlineSubsystem (19)
[2015.12.09-03.07.21:877][ 13]LogModuleManager: Shutting down and abandoning module HTTP (18)
[2015.12.09-03.07.24:377][ 13]LogModuleManager: Shutting down and abandoning module XMPP (17)
[2015.12.09-03.07.24:453][ 13]LogModuleManager: Shutting down and abandoning module OculusRift (16)
[2015.12.09-03.07.24:466][ 13]LogModuleManager: Shutting down and abandoning module ExampleDeviceProfileSelector (15)
[2015.12.09-03.07.24:466][ 13]LogModuleManager: Shutting down and abandoning module TextureCompressor (14)
[2015.12.09-03.07.24:466][ 13]LogModuleManager: Shutting down and abandoning module ShaderCore (13)
[2015.12.09-03.07.24:466][ 13]LogModuleManager: Shutting down and abandoning module Landscape (12)
[2015.12.09-03.07.24:466][ 13]LogModuleManager: Shutting down and abandoning module SlateRHIRenderer (11)
[2015.12.09-03.07.24:472][ 13]LogModuleManager: Shutting down and abandoning module OpenGLDrv (10)
[2015.12.09-03.07.24:478][ 13]LogModuleManager: Shutting down and abandoning module D3D11RHI (9)
[2015.12.09-03.07.24:478][ 13]LogModuleManager: Shutting down and abandoning module AnimGraphRuntime (8)
[2015.12.09-03.07.24:484][ 13]LogModuleManager: Shutting down and abandoning module Renderer (7)
[2015.12.09-03.07.24:484][ 13]LogModuleManager: Shutting down and abandoning module Engine (6)
[2015.12.09-03.07.24:485][ 13]LogModuleManager: Shutting down and abandoning module CoreUObject (5)
[2015.12.09-03.07.24:485][ 13]LogModuleManager: Shutting down and abandoning module NetworkFile (4)
[2015.12.09-03.07.24:497][ 13]LogModuleManager: Shutting down and abandoning module StreamingFile (3)
[2015.12.09-03.07.24:497][ 13]LogModuleManager: Shutting down and abandoning module SandboxFile (2)
[2015.12.09-03.07.24:497][ 13]LogModuleManager: Shutting down and abandoning module PakFile (1)
[2015.12.09-03.07.24:499][ 13]LogExit: Exiting.
[2015.12.09-03.07.24:501][ 13]Log file closed, 12/09/15 11:07:24
