[2015.12.01-09.17.40:736][  0]Log file open, 12/01/15 17:17:40
[2015.12.01-09.17.40:736][  0]LogInit:Display: Running engine for game: ProjectDino
[2015.12.01-09.17.40:736][  0]LogPlatformFile: Not using cached read wrapper
[2015.12.01-09.17.40:736][  0]LogInit:Display: RandInit(-1374460390) SRandInit(-1374460389).
[2015.12.01-09.17.40:736][  0]LogTaskGraph: Started task graph with 4 named threads and 7 total threads.
[2015.12.01-09.17.40:736][  0]LogStats: Stats thread started at 0.395448
[2015.12.01-09.17.40:736][  0]LogInit: Version: 4.10.0-2758231+++depot+UE4-Releases+4.10
[2015.12.01-09.17.40:736][  0]LogInit: API Version: 2758231
[2015.12.01-09.17.40:736][  0]LogInit: Compiled (64-bit): Nov  7 2015 05:13:45
[2015.12.01-09.17.40:736][  0]LogInit: Compiled with Visual C++: 19.00.23026.00
[2015.12.01-09.17.40:736][  0]LogInit: Build Configuration: Development
[2015.12.01-09.17.40:736][  0]LogInit: Branch Name: ++depot+UE4-Releases+4.10
[2015.12.01-09.17.40:736][  0]LogInit: Command line:  
[2015.12.01-09.17.40:736][  0]LogInit: Base directory: C:/Program Files/Epic Games/4.10/Engine/Binaries/Win64/
[2015.12.01-09.17.40:736][  0]LogInit: Rocket: 1
[2015.12.01-09.17.40:757][  0]LogInit: Using libcurl 7.41.0
[2015.12.01-09.17.40:757][  0]LogInit:  - built for x86_64-pc-win32
[2015.12.01-09.17.40:757][  0]LogInit:  - supports SSL with WinSSL
[2015.12.01-09.17.40:757][  0]LogInit:  - other features:
[2015.12.01-09.17.40:757][  0]LogInit:      CURL_VERSION_SSL
[2015.12.01-09.17.40:757][  0]LogInit:      CURL_VERSION_IPV6
[2015.12.01-09.17.40:757][  0]LogInit:      CURL_VERSION_ASYNCHDNS
[2015.12.01-09.17.40:757][  0]LogInit:      CURL_VERSION_LARGEFILE
[2015.12.01-09.17.40:757][  0]LogInit:      CURL_VERSION_IDN
[2015.12.01-09.17.40:758][  0]LogInit:  CurlRequestOptions (configurable via config and command line):
[2015.12.01-09.17.40:758][  0]LogInit:  - bVerifyPeer = true  - Libcurl will verify peer certificate
[2015.12.01-09.17.40:758][  0]LogInit:  - bUseHttpProxy = false  - Libcurl will NOT use HTTP proxy
[2015.12.01-09.17.40:758][  0]LogInit:  - bDontReuseConnections = false  - Libcurl will reuse connections
[2015.12.01-09.17.40:758][  0]LogInit:  - CertBundlePath = nullptr  - Libcurl will use whatever was configured at build time.
[2015.12.01-09.17.40:765][  0]LogInit: Presizing for 0 objects not considered by GC, pre-allocating 0 bytes.
[2015.12.01-09.17.40:773][  0]LogInit: Object subsystem initialized
[2015.12.01-09.17.40:774][  0]LogInit: Selected Device Profile: [Windows]
[2015.12.01-09.17.40:774][  0]LogInit: Applying CVar settings loaded from the selected device profile: [Windows]
[2015.12.01-09.17.40:813][  0]LogInit: Computer: OWNER-PC
[2015.12.01-09.17.40:813][  0]LogInit: User: Owner
[2015.12.01-09.17.40:813][  0]LogInit: CPU Page size=4096, Cores=4
[2015.12.01-09.17.40:813][  0]LogInit: High frequency timer resolution =2.732470 MHz
[2015.12.01-09.17.40:813][  0]LogMemory: Memory total: Physical=12.0GB (12GB approx)
[2015.12.01-09.17.40:813][  0]LogMemory: Platform Memory Stats for Windows
[2015.12.01-09.17.40:813][  0]LogMemory: Process Physical Memory: 57.40 MB used, 57.40 MB peak
[2015.12.01-09.17.40:813][  0]LogMemory: Process Virtual Memory: 57.61 MB used, 57.61 MB peak
[2015.12.01-09.17.40:813][  0]LogMemory: Physical Memory: 3596.59 MB used, 12283.49 MB total
[2015.12.01-09.17.40:813][  0]LogMemory: Virtual Memory: 350.52 MB used, 8388608.00 MB total
[2015.12.01-09.17.41:222][  0]LogTextLocalizationManager: No specific translations for ('en-AU') exist, so ('en') translations will be used.
[2015.12.01-09.17.41:924][  0]LogD3D11RHI: Found D3D11 adapter 0: NVIDIA GeForce GTX 750 Ti (Feature Level 11_0)
[2015.12.01-09.17.41:924][  0]LogD3D11RHI: Adapter has 1993MB of dedicated video memory, 0MB of dedicated system memory, and 2048MB of shared system memory, 1 output[s]
[2015.12.01-09.17.41:924][  0]LogD3D11RHI: Chosen D3D11 Adapter Id = 0
[2015.12.01-09.17.41:930][  0]LogD3D11RHI: !Direct3DDevice
[2015.12.01-09.17.41:931][  0]LogRHI: Texture pool is 1361 MB (70% of 1945 MB)
[2015.12.01-09.17.41:941][  0]LogD3D11RHI: Async texture creation enabled
[2015.12.01-09.17.42:512][  0]LogShaderCompilers: Guid format shader working directory is -21 characters bigger than the processId version (../../../../../../Users/Owner/Documents/Unreal Projects/ProjectDino/Intermediate/Shaders/WorkingDirectory/5828/).
[2015.12.01-09.17.42:512][  0]LogShaderCompilers: Cleaned the shader compiler working directory 'C:/Users/Owner/AppData/Local/Temp/UnrealShaderWorkingDir/E02402254474B971283FF1A0AB6FF3DB/'.
[2015.12.01-09.17.42:512][  0]LogShaderCompilers:Display: Using Local Shader Compiler.
[2015.12.01-09.17.49:711][  0]LogTemp:Display: Loaded TP AllDesktopTargetPlatform
[2015.12.01-09.17.49:717][  0]LogTemp:Display: Loaded TP WindowsClientTargetPlatform
[2015.12.01-09.17.49:723][  0]LogTemp:Display: Loaded TP WindowsNoEditorTargetPlatform
[2015.12.01-09.17.49:729][  0]LogTemp:Display: Loaded TP WindowsServerTargetPlatform
[2015.12.01-09.17.49:742][  0]LogTemp:Display: Loaded TP WindowsTargetPlatform
[2015.12.01-09.17.49:765][  0]LogTemp:Display: Loaded TP AndroidTargetPlatform
[2015.12.01-09.17.49:769][  0]LogTemp:Display: Loaded TP Android_ASTCTargetPlatform
[2015.12.01-09.17.49:773][  0]LogTemp:Display: Loaded TP Android_ATCTargetPlatform
[2015.12.01-09.17.49:777][  0]LogTemp:Display: Loaded TP Android_DXTTargetPlatform
[2015.12.01-09.17.49:782][  0]LogTemp:Display: Loaded TP Android_ETC1TargetPlatform
[2015.12.01-09.17.49:787][  0]LogTemp:Display: Loaded TP Android_ETC2TargetPlatform
[2015.12.01-09.17.49:797][  0]LogTemp:Display: Loaded TP Android_MultiTargetPlatform
[2015.12.01-09.17.49:797][  0]LogTemp:Display: Loaded TP Android_PVRTCTargetPlatform
[2015.12.01-09.17.49:845][  0]LogTemp:Display: Loaded TP HTML5TargetPlatform
[2015.12.01-09.17.49:941][  0]LogTemp:Display: Loaded TP IOSTargetPlatform
[2015.12.01-09.17.49:946][  0]LogTemp:Display: Loaded TP LinuxNoEditorTargetPlatform
[2015.12.01-09.17.49:950][  0]LogTemp:Display: Loaded TP LinuxServerTargetPlatform
[2015.12.01-09.17.49:996][  0]LogTemp:Display: Loaded TP LinuxTargetPlatform
[2015.12.01-09.17.49:996][  0]LogTargetPlatformManager:Display: Building Assets For Windows
[2015.12.01-09.17.50:583][  0]LogDerivedDataCache:Display: Max Cache Size: 512 MB
[2015.12.01-09.17.51:130][  0]LogDerivedDataCache: Loaded boot cache 0.53s 41MB C:/Users/Owner/AppData/Local/UnrealEngine/4.10/DerivedDataCache/Boot.ddc.
[2015.12.01-09.17.51:131][  0]LogDerivedDataCache:Display: Loaded Boot cache: C:/Users/Owner/AppData/Local/UnrealEngine/4.10/DerivedDataCache/Boot.ddc
[2015.12.01-09.17.51:131][  0]LogDerivedDataCache: FDerivedDataBackendGraph:  Pak pak cache file ../../../../../../Users/Owner/Documents/Unreal Projects/ProjectDino/DerivedDataCache/DDC.ddp not found, will not use a pak cache.
[2015.12.01-09.17.51:131][  0]LogDerivedDataCache: Unable to find inner node Pak for hierarchical cache Hierarchy.
[2015.12.01-09.17.51:131][  0]LogDerivedDataCache: FDerivedDataBackendGraph:  CompressedPak pak cache file ../../../../../../Users/Owner/Documents/Unreal Projects/ProjectDino/DerivedDataCache/Compressed.ddp not found, will not use a pak cache.
[2015.12.01-09.17.51:131][  0]LogDerivedDataCache: Unable to find inner node CompressedPak for hierarchical cache Hierarchy.
[2015.12.01-09.17.51:261][  0]LogDerivedDataCache:Display: Pak cache opened for reading ../../../Engine/DerivedDataCache/Compressed.ddp.
[2015.12.01-09.17.51:288][  0]LogDerivedDataCache: Using Local data cache path C:/Users/Owner/AppData/Local/UnrealEngine/Common/DerivedDataCache: Writable
[2015.12.01-09.17.59:297][  0]LogInit: Selected Device Profile: [Windows]
[2015.12.01-09.17.59:298][  0]LogContentStreaming: Texture pool size is 0.000000MB
[2015.12.01-09.17.59:426][  0]LogMeshUtilities: No automatic mesh reduction module available
[2015.12.01-09.17.59:426][  0]LogMeshUtilities: No automatic mesh merging module available
[2015.12.01-09.18.00:066][  0]LogInit: WinSock: version 1.1 (2.2), MaxSocks=32767, MaxUdp=65467
[2015.12.01-09.18.26:954][  0]UdpMessaging: Initializing bridge on interface 0.0.0.0:0 to multicast group 230.0.0.1:6666.
[2015.12.01-09.18.27:526][  0]LogAssetRegistry: FAssetRegistry took 0.0100 seconds to start up
[2015.12.01-09.18.28:068][  0]SourceControl: Info Source control is disabled
[2015.12.01-09.18.28:068][  0]SourceControl: Info Source control is disabled
[2015.12.01-09.18.28:115][  0]SourceControl: Info Source control is disabled
[2015.12.01-09.18.28:208][  0]SourceControl: Info Source control is disabled
[2015.12.01-09.18.29:909][  0]LogObj: 28633 objects as part of root set at end of initial load.
[2015.12.01-09.18.29:909][  0]LogUObjectAllocator: 6099752 out of 0 bytes used by permanent object pool.
[2015.12.01-09.18.30:214][  0]LogEngine: Initializing Engine...
[2015.12.01-09.18.30:216][  0]LogHMD: Can't find Oculus library dev build: is proper Runtime installed? Version: 0.8.0.0
[2015.12.01-09.18.31:357][  0]LogHMD: SteamVR failed to initialize.  Err: 108
[2015.12.01-09.18.31:588][  0]LogAIModule: Creating AISystem for world NewWorld
[2015.12.01-09.18.31:618][  0]LogInit: XAudio2 using 'Speakers (High Definition Audio Device)' : 2 channels at 44.1 kHz using 16 bits per sample (channel mask 0x3)
[2015.12.01-09.18.31:646][  0]LogInit: FAudioDevice initialized.
[2015.12.01-09.18.31:675][  0]LogDerivedDataCache: Saved boot cache 0.03s 41MB C:/Users/Owner/AppData/Local/UnrealEngine/4.10/DerivedDataCache/Boot.ddc.
[2015.12.01-09.18.31:684][  0]LogInit: Texture streaming: Enabled
[2015.12.01-09.18.31:734][  0]LogAnalytics: Creating configured Analytics provider AnalyticsET
[2015.12.01-09.18.31:734][  0]LogAnalytics: [UEEditor.Rocket.Release] APIServer = http://et2.epicgames.com/ET2/. AppVersion = 4.10.0-2758231+++depot+UE4-Releases+4.10
[2015.12.01-09.18.31:734][  0]LogAnalytics: [UEEditor.Rocket.Release] SetUserId b1e705434c200a5e74bb2586ba0bc651|940afd638cf94ce9b4d8f38d9556b043|5d73f152-fa47-49e5-865a-fd1bc20a41b9
[2015.12.01-09.18.31:734][  0]LogAnalytics: [UEEditor.Rocket.Release] AnalyticsET::StartSession
[2015.12.01-09.18.31:861][  0]LogInit: Transaction tracking system initialized
[2015.12.01-09.18.32:158][  0]BlueprintLog: New page: Editor Load
[2015.12.01-09.18.33:008][  0]LocalizationService: Info Localization service is disabled
[2015.12.01-09.18.33:785][  0]LogConsoleResponse:Display: 
[2015.12.01-09.18.34:881][  0]LogCook:Display: Done creating registry. It took  0.00s.
[2015.12.01-09.18.36:148][  0]LogFileCache: Scanning file cache for directory 'C:/Users/Owner/Documents/Unreal Projects/ProjectDino/Content/' took 0.03s
[2015.12.01-09.18.36:205][  0]SourceControl: Info Source control is disabled
[2015.12.01-09.18.36:205][  0]Cmd: MAP LOAD FILE="../../../Engine/Content/Maps/Templates/Template_Default.umap" TEMPLATE=1 SHOWPROGRESS=1 FEATURELEVEL=3
[2015.12.01-09.18.36:248][  0]LightingResults: New page: Lighting Build
[2015.12.01-09.18.36:254][  0]MapCheck: New page: Map Check
[2015.12.01-09.18.36:254][  0]LightingResults: New page: Lighting Build
[2015.12.01-09.18.36:275][  0]LogParticles: Destroying 0 GPU particle simulations for FXSystem 0x00000000299CEAC0
[2015.12.01-09.18.37:430][  0]LogAIModule: Creating AISystem for world Untitled_1
[2015.12.01-09.18.37:444][  0]LogEditorServer: Finished looking for orphan Actors (0.000 secs)
[2015.12.01-09.18.37:458][  0]Cmd: MAP CHECKDEP NOCLEARLOG
[2015.12.01-09.18.37:535][  0]MapCheck: Info Map check complete: 0 Error(s), 0 Warning(s), took 77.298ms to complete.
[2015.12.01-09.18.37:535][  0]LogFileHelpers: Loading map 'Template_Default' took 1.329
[2015.12.01-09.18.38:118][  0]LogCollectionManager: Loaded 0 collections in 0.023635 seconds
[2015.12.01-09.18.38:163][  0]LogFileCache: Scanning file cache for directory 'C:/Users/Owner/Documents/Unreal Projects/ProjectDino/Saved/Collections/' took 0.01s
[2015.12.01-09.18.38:163][  0]LogFileCache: Scanning file cache for directory 'C:/Users/Owner/Documents/Unreal Projects/ProjectDino/Content/Developers/Owner/Collections/' took 0.01s
[2015.12.01-09.18.38:163][  0]LogFileCache: Scanning file cache for directory 'C:/Users/Owner/Documents/Unreal Projects/ProjectDino/Content/Collections/' took 0.01s
[2015.12.01-09.18.38:163][  0]LogCollectionManager: Rebuilt the GUID cache for 0 collections in 0.000003 seconds
[2015.12.01-09.18.38:181][  0]LogContentBrowser: Native class hierarchy populated in 0.0174 seconds. Added 1893 classes and 338 folders.
[2015.12.01-09.18.38:195][  0]LogContentBrowser: Native class hierarchy updated for 'WidgetCarousel' in 0.0009 seconds. Added 0 classes and 0 folders.
[2015.12.01-09.18.40:088][  0]LogContentBrowser: Native class hierarchy updated for 'AddContentDialog' in 0.0008 seconds. Added 0 classes and 0 folders.
[2015.12.01-09.18.40:109][  0]LogContentBrowser: Native class hierarchy updated for 'SceneOutliner' in 0.0005 seconds. Added 1 classes and 2 folders.
[2015.12.01-09.18.40:393][  0]LogCrashTracker: Crashtracker disabled due to settings.
[2015.12.01-09.18.40:399][  0]LogUObjectGlobals:Warning: Failed to find object 'Class None.'
[2015.12.01-09.18.40:420][  0]LogLoad: Full Startup: 60.94 seconds (BP compile: 0.20 seconds)
[2015.12.01-09.18.40:433][  0]LogOcInput: Can't find Oculus library dev build: is proper Runtime installed? Version: 0.8.0.0
[2015.12.01-09.18.40:759][  0]LogContentStreaming: Texture pool size now 1000 MB
[2015.12.01-09.18.41:082][  0]LogRenderer: Reallocating scene render targets to support 1236x544 (Frame:2).
[2015.12.01-09.18.41:613][  4]LogAssetRegistry: Asset discovery search completed in 14.0963 seconds
[2015.12.01-09.18.41:613][  4]LogCollectionManager: Rebuilt the object cache for 0 collections in 0.000001 seconds (found 0 objects)
[2015.12.01-09.18.41:613][  4]LogCollectionManager: Fixed up redirectors for 0 collections in 0.000047 seconds (updated 0 objects)
[2015.12.01-09.18.52:555][974]LogAIModule: Creating AISystem for world Prototype
[2015.12.01-09.18.52:557][974]LogMaterial:Warning: Material /Engine/BasicShapes/BasicShapeMaterial.BasicShapeMaterial needed to have new flag set bUsedWithSkeletalMesh !
[2015.12.01-09.18.52:616][974]LogMaterial: Missing cached shader map for material BasicShapeMaterial, compiling. 
[2015.12.01-09.18.52:676][974]MapCheck:Warning: Warning BasicShapeMaterial Material /Engine/BasicShapes/BasicShapeMaterial.BasicShapeMaterial was missing the usage flag bUsedWithSkeletalMesh. If the material asset is not re-saved, it may not render correctly when run outside the editor. Fix
[2015.12.01-09.18.52:736][974]LogMaterial: 0.000181 seconds spent updating 1 materials, 1 interfaces, 0 instances, 0 with static permutations.
[2015.12.01-09.18.52:792][974]Cmd: MAP LOAD FILE="../../../../../../Users/Owner/Documents/Unreal Projects/ProjectDino/Content/Maps/Prototype.umap" TEMPLATE=0 SHOWPROGRESS=1 FEATURELEVEL=3
[2015.12.01-09.18.52:792][974]LightingResults: New page: Lighting Build
[2015.12.01-09.18.52:823][974]LoadErrors: New page: Loading map: Prototype.umap
[2015.12.01-09.18.52:824][974]MapCheck: New page: Map Check
[2015.12.01-09.18.52:824][974]LightingResults: New page: Lighting Build
[2015.12.01-09.18.52:843][974]LogParticles: Destroying 0 GPU particle simulations for FXSystem 0x00000000189734C0
[2015.12.01-09.18.53:082][974]LogEditorServer: Finished looking for orphan Actors (0.000 secs)
[2015.12.01-09.18.53:174][974]Cmd: MAP CHECKDEP NOCLEARLOG
[2015.12.01-09.18.53:248][974]MapCheck: Info Map check complete: 0 Error(s), 0 Warning(s), took 73.728ms to complete.
[2015.12.01-09.18.53:248][974]LogFileHelpers: Loading map 'Prototype' took 0.457
[2015.12.01-09.19.01:010][293]LogBlueprintUserMessages: Early PlayInEditor Detection: Level '/Game/Maps/Prototype.Prototype:PersistentLevel' has LevelScriptBlueprint '/Game/Maps/Prototype.Prototype:PersistentLevel.Prototype' with GeneratedClass '/Game/Maps/Prototype.Prototype_C' with ClassGeneratedBy '/Game/Maps/Prototype.Prototype:PersistentLevel.Prototype'
[2015.12.01-09.19.01:010][293]LogPlayLevel: PlayLevel: No blueprints needed recompiling
[2015.12.01-09.19.01:011][293]PIE: New page: PIE session: Prototype (2 Dec 2015 1:19:01 am)
[2015.12.01-09.19.01:012][293]LogPlayLevel: Creating play world package: /Game/Maps/UEDPIE_0_Prototype
[2015.12.01-09.19.01:045][293]LogPlayLevel: PIE: StaticDuplicateObject took: (0.033193s)
[2015.12.01-09.19.01:047][293]LogAIModule: Creating AISystem for world Prototype
[2015.12.01-09.19.01:048][293]LogPlayLevel: PIE: World Init took: (0.003125s)
[2015.12.01-09.19.01:049][293]LogPlayLevel: PIE: Created PIE world by copying editor world from /Game/Maps/Prototype.Prototype to /Game/Maps/UEDPIE_0_Prototype.Prototype (0.037637s)
[2015.12.01-09.19.01:049][293]LogActorComponent: UnregisterComponent: (/Engine/Transient.CharMoveComp) Not registered. Aborting.
[2015.12.01-09.19.01:050][293]LogActorComponent: UnregisterComponent: (/Engine/Transient.RotatingMovement_GEN_VARIABLE) Not registered. Aborting.
[2015.12.01-09.19.01:098][293]LogInit: XAudio2 using 'Speakers (High Definition Audio Device)' : 2 channels at 44.1 kHz using 16 bits per sample (channel mask 0x3)
[2015.12.01-09.19.01:117][293]LogInit: FAudioDevice initialized.
[2015.12.01-09.19.01:260][293]LogWorld: Game class is 'GameMode_Default_C'
[2015.12.01-09.19.01:270][293]LogWorld: Bringing World /Game/Maps/UEDPIE_0_Prototype.Prototype up for play (max tick rate 0) at 2015.12.01-17.19.01
[2015.12.01-09.19.01:270][293]LogActor:Warning: GameSession /Game/Maps/UEDPIE_0_Prototype.Prototype:PersistentLevel.GameSession_0 has natively added scene component(s), but none of them were set as the actor's RootComponent - picking one arbitrarily
[2015.12.01-09.19.01:271][293]LogActor:Warning: GameNetworkManager /Game/Maps/UEDPIE_0_Prototype.Prototype:PersistentLevel.GameNetworkManager_0 has natively added scene component(s), but none of them were set as the actor's RootComponent - picking one arbitrarily
[2015.12.01-09.19.01:274][293]LogWorld: Bringing up level for play took: 0.010755
[2015.12.01-09.19.22:433][293]LogOutputDevice:Warning: === Handled error: ===

Ensure condition failed: MyNavData [File:D:\BuildFarm\buildmachine_++depot+UE4-Releases+4.10\Engine\Source\Runtime\AIModule\Private\Navigation\PathFollowingComponent.cpp] [Line: 511]

Stack: 
UE4Editor-Core.dll!FWindowsPlatformStackWalk::StackWalkAndDump() [d:\buildfarm\buildmachine_++depot+ue4-releases+4.10\engine\source\runtime\core\private\windows\windowsplatformstackwalk.cpp:175]
UE4Editor-Core.dll!FDebug::EnsureFailed() [d:\buildfarm\buildmachine_++depot+ue4-releases+4.10\engine\source\runtime\core\private\misc\outputdevice.cpp:276]
UE4Editor-Core.dll!FDebug::OptionallyLogFormattedEnsureMessageReturningFalse() [d:\buildfarm\buildmachine_++depot+ue4-releases+4.10\engine\source\runtime\core\private\misc\outputdevice.cpp:385]
UE4Editor-AIModule.dll!UPathFollowingComponent::RecacheNavigationData() [d:\buildfarm\buildmachine_++depot+ue4-releases+4.10\engine\source\runtime\aimodule\private\navigation\pathfollowingcomponent.cpp:511]
UE4Editor-AIModule.dll!TBaseUObjectMethodDelegateInstance<0,UPathFollowingComponent,void __cdecl(void)>::ExecuteIfSafe() [d:\buildfarm\buildmachine_++depot+ue4-releases+4.10\engine\source\runtime\core\public\delegates\delegateinstancesimpl_variadics.inl:772]
UE4Editor-Engine.dll!TBaseMulticastDelegate<void>::Broadcast() [d:\buildfarm\buildmachine_++depot+ue4-releases+4.10\engine\source\runtime\core\public\delegates\delegatesignatureimpl_variadics.inl:809]
UE4Editor-Engine.dll!UNavigationSystem::OnWorldInitDone() [d:\buildfarm\buildmachine_++depot+ue4-releases+4.10\engine\source\runtime\engine\private\ai\navigation\navigationsystem.cpp:719]
UE4Editor-Engine.dll!UNavigationSystem::InitializeForWorld() [d:\buildfarm\buildmachine_++depot+ue4-releases+4.10\engine\source\runtime\engine\private\ai\navigation\navigationsystem.cpp:2252]
UE4Editor-Engine.dll!UGameInstance::StartPIEGameInstance() [d:\buildfarm\buildmachine_++depot+ue4-releases+4.10\engine\source\runtime\engine\private\gameinstance.cpp:251]
UE4Editor-UnrealEd.dll!UEditorEngine::CreatePIEGameInstance() [d:\buildfarm\buildmachine_++depot+ue4-releases+4.10\engine\source\editor\unrealed\private\playlevel.cpp:3012]
UE4Editor-UnrealEd.dll!UEditorEngine::PlayInEditor() [d:\buildfarm\buildmachine_++depot+ue4-releases+4.10\engine\source\editor\unrealed\private\playlevel.cpp:2259]
UE4Editor-UnrealEd.dll!UEditorEngine::StartQueuedPlayMapRequest() [d:\buildfarm\buildmachine_++depot+ue4-releases+4.10\engine\source\editor\unrealed\private\playlevel.cpp:1048]
UE4Editor-UnrealEd.dll!UEditorEngine::Tick() [d:\buildfarm\buildmachine_++depot+ue4-releases+4.10\engine\source\editor\unrealed\private\editorengine.cpp:1244]
UE4Editor-UnrealEd.dll!UUnrealEdEngine::Tick() [d:\buildfarm\buildmachine_++depot+ue4-releases+4.10\engine\source\editor\unrealed\private\unrealedengine.cpp:361]
UE4Editor.exe!FEngineLoop::Tick() [d:\buildfarm\buildmachine_++depot+ue4-releases+4.10\engine\source\runtime\launch\private\launchengineloop.cpp:2427]
UE4Editor.exe!GuardedMain() [d:\buildfarm\buildmachine_++depot+ue4-releases+4.10\engine\source\runtime\launch\private\launch.cpp:142]
UE4Editor.exe!GuardedMainWrapper() [d:\buildfarm\buildmachine_++depot+ue4-releases+4.10\engine\source\runtime\launch\private\windows\launchwindows.cpp:126]
UE4Editor.exe!WinMain() [d:\buildfarm\buildmachine_++depot+ue4-releases+4.10\engine\source\runtime\launch\private\windows\launchwindows.cpp:200]
UE4Editor.exe!__scrt_common_main_seh() [f:\dd\vctools\crt\vcstartup\src\startup\exe_common.inl:264]
kernel32.dll
ntdll.dll
ntdll.dll

[2015.12.01-09.19.28:026][293]PIE: Info Play in editor start time for /Game/Maps/UEDPIE_0_Prototype 26.053
[2015.12.01-09.19.28:026][293]LogBlueprintUserMessages: Late PlayInEditor Detection: Level '/Game/Maps/Prototype.Prototype:PersistentLevel' has LevelScriptBlueprint '/Game/Maps/Prototype.Prototype:PersistentLevel.Prototype' with GeneratedClass '/Game/Maps/Prototype.Prototype_C' with ClassGeneratedBy '/Game/Maps/Prototype.Prototype:PersistentLevel.Prototype'
[2015.12.01-09.19.50:991][199]LogBlueprintUserMessages: Early EndPlayMap Detection: Level '/Game/Maps/Prototype.Prototype:PersistentLevel' has LevelScriptBlueprint '/Game/Maps/Prototype.Prototype:PersistentLevel.Prototype' with GeneratedClass '/Game/Maps/Prototype.Prototype_C' with ClassGeneratedBy '/Game/Maps/Prototype.Prototype:PersistentLevel.Prototype'
[2015.12.01-09.19.51:070][199]LogBlueprintUserMessages: Late EndPlayMap Detection: Level '/Game/Maps/Prototype.Prototype:PersistentLevel' has LevelScriptBlueprint '/Game/Maps/Prototype.Prototype:PersistentLevel.Prototype' with GeneratedClass '/Game/Maps/Prototype.Prototype_C' with ClassGeneratedBy '/Game/Maps/Prototype.Prototype:PersistentLevel.Prototype'
[2015.12.01-09.19.51:125][199]LogParticles: Destroying 0 GPU particle simulations for FXSystem 0x0000000016249800
[2015.12.01-09.19.54:378][418]LogLinker:Warning: Asset '../../../Engine/Content/ArtTools/RenderToTexture/Macros/RenderToTextureMacros.uasset' has been saved with empty engine version. The asset will be loaded but may be incompatible.
[2015.12.01-09.19.55:405][418]LogContentBrowser: Native class hierarchy updated for 'BlueprintGraph' in 0.0011 seconds. Added 107 classes and 0 folders.
[2015.12.01-09.20.11:261][ 53]LogActorComponent: UnregisterComponent: (/Engine/Transient.CharMoveComp) Not registered. Aborting.
[2015.12.01-09.20.11:261][ 53]LogActorComponent: UnregisterComponent: (/Engine/Transient.RotatingMovement_GEN_VARIABLE) Not registered. Aborting.
[2015.12.01-09.20.14:504][204]LogActorComponent: UnregisterComponent: (/Engine/Transient.CharacterMovementComponent_0) Not registered. Aborting.
[2015.12.01-09.20.14:504][204]LogActorComponent: UnregisterComponent: (/Engine/Transient.RotatingMovementComponent_0) Not registered. Aborting.
[2015.12.01-09.20.16:163][294]BlueprintLog: New page: Compile Cubeasaurus
[2015.12.01-09.20.16:192][294]LogUObjectGlobals:Warning: Guid is in use by CapsuleComponent /Game/Maps/Prototype.Prototype:PersistentLevel.Cubeasaurus_C_4.CollisionCylinder and CapsuleComponent /Game/Maps/Prototype.Prototype:PersistentLevel.Cubeasaurus_C_0.CollisionCylinder, which should never happen in the editor but could happen at runtime with duplicate level loading or PIE
[2015.12.01-09.20.16:192][294]LogUObjectGlobals:Warning: Guid is in use by ArrowComponent /Game/Maps/Prototype.Prototype:PersistentLevel.Cubeasaurus_C_4.Arrow and ArrowComponent /Game/Maps/Prototype.Prototype:PersistentLevel.Cubeasaurus_C_0.Arrow, which should never happen in the editor but could happen at runtime with duplicate level loading or PIE
[2015.12.01-09.20.16:192][294]LogUObjectGlobals:Warning: Guid is in use by CharacterMovementComponent /Game/Maps/Prototype.Prototype:PersistentLevel.Cubeasaurus_C_4.CharMoveComp and CharacterMovementComponent /Game/Maps/Prototype.Prototype:PersistentLevel.Cubeasaurus_C_0.CharMoveComp, which should never happen in the editor but could happen at runtime with duplicate level loading or PIE
[2015.12.01-09.20.16:193][294]LogUObjectGlobals:Warning: Guid is in use by SkeletalMeshComponent /Game/Maps/Prototype.Prototype:PersistentLevel.Cubeasaurus_C_4.CharacterMesh0 and SkeletalMeshComponent /Game/Maps/Prototype.Prototype:PersistentLevel.Cubeasaurus_C_0.CharacterMesh0, which should never happen in the editor but could happen at runtime with duplicate level loading or PIE
[2015.12.01-09.20.16:256][294]LogActorComponent: UnregisterComponent: (/Engine/Transient.CharacterMovementComponent_1) Not registered. Aborting.
[2015.12.01-09.20.16:257][294]LogActorComponent: UnregisterComponent: (/Engine/Transient.RotatingMovementComponent_1) Not registered. Aborting.
[2015.12.01-09.20.16:300][294]BlueprintEditorCompileResults: Info [0156.82] Compile of Cubeasaurus successful! [in 136 ms]
[2015.12.01-09.20.18:849][446]LogBlueprintUserMessages: Early PlayInEditor Detection: Level '/Game/Maps/Prototype.Prototype:PersistentLevel' has LevelScriptBlueprint '/Game/Maps/Prototype.Prototype:PersistentLevel.Prototype' with GeneratedClass '/Game/Maps/Prototype.Prototype_C' with ClassGeneratedBy '/Game/Maps/Prototype.Prototype:PersistentLevel.Prototype'
[2015.12.01-09.20.18:849][446]LogPlayLevel: PlayLevel: No blueprints needed recompiling
[2015.12.01-09.20.18:849][446]PIE: New page: PIE session: Prototype (2 Dec 2015 1:20:18 am)
[2015.12.01-09.20.18:849][446]LogPlayLevel: Creating play world package: /Game/Maps/UEDPIE_0_Prototype
[2015.12.01-09.20.18:854][446]LogPlayLevel: PIE: StaticDuplicateObject took: (0.004258s)
[2015.12.01-09.20.18:854][446]LogAIModule: Creating AISystem for world Prototype
[2015.12.01-09.20.18:854][446]LogPlayLevel: PIE: World Init took: (0.000816s)
[2015.12.01-09.20.18:855][446]LogPlayLevel: PIE: Created PIE world by copying editor world from /Game/Maps/Prototype.Prototype to /Game/Maps/UEDPIE_0_Prototype.Prototype (0.005298s)
[2015.12.01-09.20.18:855][446]LogActorComponent: UnregisterComponent: (/Engine/Transient.CharMoveComp) Not registered. Aborting.
[2015.12.01-09.20.18:855][446]LogActorComponent: UnregisterComponent: (/Engine/Transient.RotatingMovement_GEN_VARIABLE) Not registered. Aborting.
[2015.12.01-09.20.18:915][446]LogInit: XAudio2 using 'Speakers (High Definition Audio Device)' : 2 channels at 44.1 kHz using 16 bits per sample (channel mask 0x3)
[2015.12.01-09.20.18:923][446]LogInit: FAudioDevice initialized.
[2015.12.01-09.20.18:971][446]LogWorld: Game class is 'GameMode_Default_C'
[2015.12.01-09.20.18:976][446]LogWorld: Bringing World /Game/Maps/UEDPIE_0_Prototype.Prototype up for play (max tick rate 0) at 2015.12.01-17.20.18
[2015.12.01-09.20.18:976][446]LogActor:Warning: GameSession /Game/Maps/UEDPIE_0_Prototype.Prototype:PersistentLevel.GameSession_1 has natively added scene component(s), but none of them were set as the actor's RootComponent - picking one arbitrarily
[2015.12.01-09.20.18:976][446]LogActor:Warning: GameNetworkManager /Game/Maps/UEDPIE_0_Prototype.Prototype:PersistentLevel.GameNetworkManager_1 has natively added scene component(s), but none of them were set as the actor's RootComponent - picking one arbitrarily
[2015.12.01-09.20.18:977][446]LogWorld: Bringing up level for play took: 0.004856
[2015.12.01-09.20.18:980][446]PIE: Info Play in editor start time for /Game/Maps/UEDPIE_0_Prototype 1.006
[2015.12.01-09.20.18:980][446]LogBlueprintUserMessages: Late PlayInEditor Detection: Level '/Game/Maps/Prototype.Prototype:PersistentLevel' has LevelScriptBlueprint '/Game/Maps/Prototype.Prototype:PersistentLevel.Prototype' with GeneratedClass '/Game/Maps/Prototype.Prototype_C' with ClassGeneratedBy '/Game/Maps/Prototype.Prototype:PersistentLevel.Prototype'
[2015.12.01-09.20.20:737][585]LogBlueprintUserMessages: Early EndPlayMap Detection: Level '/Game/Maps/Prototype.Prototype:PersistentLevel' has LevelScriptBlueprint '/Game/Maps/Prototype.Prototype:PersistentLevel.Prototype' with GeneratedClass '/Game/Maps/Prototype.Prototype_C' with ClassGeneratedBy '/Game/Maps/Prototype.Prototype:PersistentLevel.Prototype'
[2015.12.01-09.20.20:770][585]LogBlueprintUserMessages: Late EndPlayMap Detection: Level '/Game/Maps/Prototype.Prototype:PersistentLevel' has LevelScriptBlueprint '/Game/Maps/Prototype.Prototype:PersistentLevel.Prototype' with GeneratedClass '/Game/Maps/Prototype.Prototype_C' with ClassGeneratedBy '/Game/Maps/Prototype.Prototype:PersistentLevel.Prototype'
[2015.12.01-09.20.20:800][585]LogParticles: Destroying 0 GPU particle simulations for FXSystem 0x00000000CEDC3F60
[2015.12.01-09.20.28:218][919]LogActorComponent: UnregisterComponent: (/Engine/Transient.CharMoveComp) Not registered. Aborting.
[2015.12.01-09.20.28:219][919]LogActorComponent: UnregisterComponent: (/Engine/Transient.RotatingMovement_GEN_VARIABLE) Not registered. Aborting.
[2015.12.01-09.20.29:940][  7]LogEditorTransaction: Undo Remove Components
[2015.12.01-09.20.29:972][  7]LogActorComponent: UnregisterComponent: (/Engine/Transient.CharacterMovementComponent_2) Not registered. Aborting.
[2015.12.01-09.20.30:923][ 46]LogEditorTransaction: Undo Remove Variable
[2015.12.01-09.20.30:941][ 46]LogActorComponent: UnregisterComponent: (/Engine/Transient.CharacterMovementComponent_3) Not registered. Aborting.
[2015.12.01-09.20.30:941][ 46]LogActorComponent: UnregisterComponent: (/Engine/Transient.RotatingMovementComponent_2) Not registered. Aborting.
[2015.12.01-09.20.31:792][ 90]LogEditorTransaction: Undo Delete current selection
[2015.12.01-09.20.31:811][ 90]LogActorComponent: UnregisterComponent: (/Engine/Transient.CharacterMovementComponent_4) Not registered. Aborting.
[2015.12.01-09.20.31:811][ 90]LogActorComponent: UnregisterComponent: (/Engine/Transient.RotatingMovementComponent_3) Not registered. Aborting.
[2015.12.01-09.20.34:204][190]LogActorComponent: UnregisterComponent: (/Engine/Transient.CharacterMovementComponent_5) Not registered. Aborting.
[2015.12.01-09.20.34:204][190]LogActorComponent: UnregisterComponent: (/Engine/Transient.RotatingMovementComponent_4) Not registered. Aborting.
[2015.12.01-09.20.34:885][217]BlueprintLog: New page: Compile Cubeasaurus
[2015.12.01-09.20.34:906][217]LogUObjectGlobals:Warning: Guid is in use by CapsuleComponent /Game/Maps/Prototype.Prototype:PersistentLevel.Cubeasaurus_C_4.CollisionCylinder and CapsuleComponent /Game/Maps/Prototype.Prototype:PersistentLevel.Cubeasaurus_C_0.CollisionCylinder, which should never happen in the editor but could happen at runtime with duplicate level loading or PIE
[2015.12.01-09.20.34:906][217]LogUObjectGlobals:Warning: Guid is in use by ArrowComponent /Game/Maps/Prototype.Prototype:PersistentLevel.Cubeasaurus_C_4.Arrow and ArrowComponent /Game/Maps/Prototype.Prototype:PersistentLevel.Cubeasaurus_C_0.Arrow, which should never happen in the editor but could happen at runtime with duplicate level loading or PIE
[2015.12.01-09.20.34:906][217]LogUObjectGlobals:Warning: Guid is in use by CharacterMovementComponent /Game/Maps/Prototype.Prototype:PersistentLevel.Cubeasaurus_C_4.CharMoveComp and CharacterMovementComponent /Game/Maps/Prototype.Prototype:PersistentLevel.Cubeasaurus_C_0.CharMoveComp, which should never happen in the editor but could happen at runtime with duplicate level loading or PIE
[2015.12.01-09.20.34:906][217]LogUObjectGlobals:Warning: Guid is in use by SkeletalMeshComponent /Game/Maps/Prototype.Prototype:PersistentLevel.Cubeasaurus_C_4.CharacterMesh0 and SkeletalMeshComponent /Game/Maps/Prototype.Prototype:PersistentLevel.Cubeasaurus_C_0.CharacterMesh0, which should never happen in the editor but could happen at runtime with duplicate level loading or PIE
[2015.12.01-09.20.34:920][217]LogWindows:Error: Windows GetLastError: The operation completed successfully. (0)
[2015.12.01-09.20.35:384][217]LogCrashTracker: 


[2015.12.01-09.20.35:599][217]LogCrashTracker: 


[2015.12.01-09.20.35:599][217]LogWindows:Error: === Critical error: ===
Assertion failed: ChildCount > AttachChildren.Num() [File:D:\BuildFarm\buildmachine_++depot+UE4-Releases+4.10\Engine\Source\Runtime\Engine\Private\Components\SceneComponent.cpp] [Line: 676] 
AttachChildren count increased while detaching 'TRASH_StaticMeshComponent_28', likely caused by OnAttachmentChanged introducing new children, which could lead to an infinite loop.




[2015.12.01-09.20.35:767][217]LogExit: Executing StaticShutdownAfterError
[2015.12.01-09.20.35:772][217]LogPhysics:Warning: PHYSX: ..\..\PhysX\src\NpScene.cpp (2946) 8 : PxScene::unlockWrite() called without matching call to PxScene::lockWrite(), behaviour will be undefined.
[2015.12.01-09.20.35:773][217]LogPhysics:Warning: PHYSX: ..\..\PhysX\src\NpScene.cpp (2946) 8 : PxScene::unlockWrite() called without matching call to PxScene::lockWrite(), behaviour will be undefined.
[2015.12.01-09.20.35:773][217]LogPhysics:Warning: PHYSX: ..\..\PhysX\src\NpScene.cpp (2946) 8 : PxScene::unlockWrite() called without matching call to PxScene::lockWrite(), behaviour will be undefined.
[2015.12.01-09.20.35:773][217]LogPhysics:Warning: PHYSX: ..\..\PhysX\src\NpScene.cpp (2946) 8 : PxScene::unlockWrite() called without matching call to PxScene::lockWrite(), behaviour will be undefined.
[2015.12.01-09.20.35:773][217]LogPhysics:Warning: PHYSX: ..\..\PhysX\src\NpScene.cpp (2946) 8 : PxScene::unlockWrite() called without matching call to PxScene::lockWrite(), behaviour will be undefined.
[2015.12.01-09.20.35:773][217]LogPhysics:Warning: PHYSX: ..\..\PhysX\src\NpScene.cpp (2946) 8 : PxScene::unlockWrite() called without matching call to PxScene::lockWrite(), behaviour will be undefined.
[2015.12.01-09.20.35:774][217]LogWindows: FPlatformMisc::RequestExit(1)
[2015.12.01-09.20.35:774][217]Log file closed, 12/01/15 17:20:35
