[2015.12.05-04.23.44:741][  0]Log file open, 12/05/15 12:23:44
[2015.12.05-04.23.44:741][  0]LogInit:Display: Running engine for game: ProjectDino
[2015.12.05-04.23.44:741][  0]LogPlatformFile: Not using cached read wrapper
[2015.12.05-04.23.44:741][  0]LogInit:Display: RandInit(1022015548) SRandInit(1022015549).
[2015.12.05-04.23.44:741][  0]LogTaskGraph: Started task graph with 4 named threads and 7 total threads.
[2015.12.05-04.23.44:741][  0]LogStats: Stats thread started at 0.091972
[2015.12.05-04.23.44:741][  0]LogInit: Version: 4.10.0-2758231+++depot+UE4-Releases+4.10
[2015.12.05-04.23.44:741][  0]LogInit: API Version: 2758231
[2015.12.05-04.23.44:741][  0]LogInit: Compiled (64-bit): Nov  7 2015 05:13:45
[2015.12.05-04.23.44:741][  0]LogInit: Compiled with Visual C++: 19.00.23026.00
[2015.12.05-04.23.44:741][  0]LogInit: Build Configuration: Development
[2015.12.05-04.23.44:741][  0]LogInit: Branch Name: ++depot+UE4-Releases+4.10
[2015.12.05-04.23.44:741][  0]LogInit: Command line:  
[2015.12.05-04.23.44:741][  0]LogInit: Base directory: C:/Program Files/Epic Games/4.10/Engine/Binaries/Win64/
[2015.12.05-04.23.44:741][  0]LogInit: Rocket: 1
[2015.12.05-04.23.44:760][  0]LogInit: Using libcurl 7.41.0
[2015.12.05-04.23.44:760][  0]LogInit:  - built for x86_64-pc-win32
[2015.12.05-04.23.44:760][  0]LogInit:  - supports SSL with WinSSL
[2015.12.05-04.23.44:760][  0]LogInit:  - other features:
[2015.12.05-04.23.44:760][  0]LogInit:      CURL_VERSION_SSL
[2015.12.05-04.23.44:760][  0]LogInit:      CURL_VERSION_IPV6
[2015.12.05-04.23.44:760][  0]LogInit:      CURL_VERSION_ASYNCHDNS
[2015.12.05-04.23.44:760][  0]LogInit:      CURL_VERSION_LARGEFILE
[2015.12.05-04.23.44:760][  0]LogInit:      CURL_VERSION_IDN
[2015.12.05-04.23.44:760][  0]LogInit:  CurlRequestOptions (configurable via config and command line):
[2015.12.05-04.23.44:760][  0]LogInit:  - bVerifyPeer = true  - Libcurl will verify peer certificate
[2015.12.05-04.23.44:760][  0]LogInit:  - bUseHttpProxy = false  - Libcurl will NOT use HTTP proxy
[2015.12.05-04.23.44:760][  0]LogInit:  - bDontReuseConnections = false  - Libcurl will reuse connections
[2015.12.05-04.23.44:760][  0]LogInit:  - CertBundlePath = nullptr  - Libcurl will use whatever was configured at build time.
[2015.12.05-04.23.44:771][  0]LogInit: Presizing for 0 objects not considered by GC, pre-allocating 0 bytes.
[2015.12.05-04.23.44:783][  0]LogInit: Object subsystem initialized
[2015.12.05-04.23.44:785][  0]LogInit: Selected Device Profile: [Windows]
[2015.12.05-04.23.44:785][  0]LogInit: Applying CVar settings loaded from the selected device profile: [Windows]
[2015.12.05-04.23.44:798][  0]LogInit: Computer: OWNER-PC
[2015.12.05-04.23.44:798][  0]LogInit: User: Owner
[2015.12.05-04.23.44:798][  0]LogInit: CPU Page size=4096, Cores=4
[2015.12.05-04.23.44:798][  0]LogInit: High frequency timer resolution =2.732451 MHz
[2015.12.05-04.23.44:798][  0]LogMemory: Memory total: Physical=12.0GB (12GB approx)
[2015.12.05-04.23.44:798][  0]LogMemory: Platform Memory Stats for Windows
[2015.12.05-04.23.44:798][  0]LogMemory: Process Physical Memory: 57.03 MB used, 57.03 MB peak
[2015.12.05-04.23.44:798][  0]LogMemory: Process Virtual Memory: 57.59 MB used, 57.59 MB peak
[2015.12.05-04.23.44:798][  0]LogMemory: Physical Memory: 3604.74 MB used, 12283.49 MB total
[2015.12.05-04.23.44:798][  0]LogMemory: Virtual Memory: 350.59 MB used, 8388608.00 MB total
[2015.12.05-04.23.44:845][  0]LogTextLocalizationManager: No specific translations for ('en-AU') exist, so ('en') translations will be used.
[2015.12.05-04.23.45:560][  0]LogD3D11RHI: Found D3D11 adapter 0: NVIDIA GeForce GTX 750 Ti (Feature Level 11_0)
[2015.12.05-04.23.45:560][  0]LogD3D11RHI: Adapter has 1993MB of dedicated video memory, 0MB of dedicated system memory, and 2048MB of shared system memory, 1 output[s]
[2015.12.05-04.23.45:560][  0]LogD3D11RHI: Chosen D3D11 Adapter Id = 0
[2015.12.05-04.23.45:565][  0]LogD3D11RHI: !Direct3DDevice
[2015.12.05-04.23.45:565][  0]LogRHI: Texture pool is 1361 MB (70% of 1945 MB)
[2015.12.05-04.23.45:576][  0]LogD3D11RHI: Async texture creation enabled
[2015.12.05-04.23.46:262][  0]LogShaderCompilers: Guid format shader working directory is -31 characters bigger than the processId version (../../../../../../Users/Owner/Desktop/ProjectDino/Repository/Game/ProjectDino/Intermediate/Shaders/WorkingDirectory/3820/).
[2015.12.05-04.23.46:262][  0]LogShaderCompilers: Cleaned the shader compiler working directory 'C:/Users/Owner/AppData/Local/Temp/UnrealShaderWorkingDir/41DCE7634B42A902CF4DC383D30516F9/'.
[2015.12.05-04.23.46:262][  0]LogShaderCompilers:Display: Using Local Shader Compiler.
[2015.12.05-04.23.47:697][  0]LogTemp:Display: Loaded TP AllDesktopTargetPlatform
[2015.12.05-04.23.47:710][  0]LogTemp:Display: Loaded TP WindowsClientTargetPlatform
[2015.12.05-04.23.47:720][  0]LogTemp:Display: Loaded TP WindowsNoEditorTargetPlatform
[2015.12.05-04.23.47:730][  0]LogTemp:Display: Loaded TP WindowsServerTargetPlatform
[2015.12.05-04.23.47:742][  0]LogTemp:Display: Loaded TP WindowsTargetPlatform
[2015.12.05-04.23.47:748][  0]LogTemp:Display: Loaded TP AndroidTargetPlatform
[2015.12.05-04.23.47:752][  0]LogTemp:Display: Loaded TP Android_ASTCTargetPlatform
[2015.12.05-04.23.47:756][  0]LogTemp:Display: Loaded TP Android_ATCTargetPlatform
[2015.12.05-04.23.47:762][  0]LogTemp:Display: Loaded TP Android_DXTTargetPlatform
[2015.12.05-04.23.47:767][  0]LogTemp:Display: Loaded TP Android_ETC1TargetPlatform
[2015.12.05-04.23.47:772][  0]LogTemp:Display: Loaded TP Android_ETC2TargetPlatform
[2015.12.05-04.23.47:784][  0]LogTemp:Display: Loaded TP Android_MultiTargetPlatform
[2015.12.05-04.23.47:784][  0]LogTemp:Display: Loaded TP Android_PVRTCTargetPlatform
[2015.12.05-04.23.47:785][  0]LogTemp:Display: Loaded TP HTML5TargetPlatform
[2015.12.05-04.23.47:805][  0]LogTemp:Display: Loaded TP IOSTargetPlatform
[2015.12.05-04.23.47:811][  0]LogTemp:Display: Loaded TP LinuxNoEditorTargetPlatform
[2015.12.05-04.23.47:816][  0]LogTemp:Display: Loaded TP LinuxServerTargetPlatform
[2015.12.05-04.23.47:820][  0]LogTemp:Display: Loaded TP LinuxTargetPlatform
[2015.12.05-04.23.47:820][  0]LogTargetPlatformManager:Display: Building Assets For Windows
[2015.12.05-04.23.47:941][  0]LogDerivedDataCache:Display: Max Cache Size: 512 MB
[2015.12.05-04.23.48:008][  0]LogDerivedDataCache: Loaded boot cache 0.07s 41MB C:/Users/Owner/AppData/Local/UnrealEngine/4.10/DerivedDataCache/Boot.ddc.
[2015.12.05-04.23.48:008][  0]LogDerivedDataCache:Display: Loaded Boot cache: C:/Users/Owner/AppData/Local/UnrealEngine/4.10/DerivedDataCache/Boot.ddc
[2015.12.05-04.23.48:008][  0]LogDerivedDataCache: FDerivedDataBackendGraph:  Pak pak cache file ../../../../../../Users/Owner/Desktop/ProjectDino/Repository/Game/ProjectDino/DerivedDataCache/DDC.ddp not found, will not use a pak cache.
[2015.12.05-04.23.48:008][  0]LogDerivedDataCache: Unable to find inner node Pak for hierarchical cache Hierarchy.
[2015.12.05-04.23.48:008][  0]LogDerivedDataCache: FDerivedDataBackendGraph:  CompressedPak pak cache file ../../../../../../Users/Owner/Desktop/ProjectDino/Repository/Game/ProjectDino/DerivedDataCache/Compressed.ddp not found, will not use a pak cache.
[2015.12.05-04.23.48:009][  0]LogDerivedDataCache: Unable to find inner node CompressedPak for hierarchical cache Hierarchy.
[2015.12.05-04.23.48:131][  0]LogDerivedDataCache:Display: Pak cache opened for reading ../../../Engine/DerivedDataCache/Compressed.ddp.
[2015.12.05-04.23.48:143][  0]LogDerivedDataCache: Using Local data cache path C:/Users/Owner/AppData/Local/UnrealEngine/Common/DerivedDataCache: Writable
[2015.12.05-04.23.48:415][  0]LogInit: Selected Device Profile: [Windows]
[2015.12.05-04.23.48:416][  0]LogContentStreaming: Texture pool size is 0.000000MB
[2015.12.05-04.23.48:473][  0]LogMeshUtilities: No automatic mesh reduction module available
[2015.12.05-04.23.48:473][  0]LogMeshUtilities: No automatic mesh merging module available
[2015.12.05-04.23.49:005][  0]LogInit: WinSock: version 1.1 (2.2), MaxSocks=32767, MaxUdp=65467
[2015.12.05-04.23.50:123][  0]UdpMessaging: Initializing bridge on interface 0.0.0.0:0 to multicast group 230.0.0.1:6666.
[2015.12.05-04.23.50:234][  0]LogAssetRegistry: FAssetRegistry took 0.0104 seconds to start up
[2015.12.05-04.23.50:485][  0]SourceControl: Info Source control is disabled
[2015.12.05-04.23.50:485][  0]SourceControl: Info Source control is disabled
[2015.12.05-04.23.50:504][  0]SourceControl: Info Source control is disabled
[2015.12.05-04.23.50:519][  0]SourceControl: Info Source control is disabled
[2015.12.05-04.23.50:861][  0]LogObj: 28634 objects as part of root set at end of initial load.
[2015.12.05-04.23.50:861][  0]LogUObjectAllocator: 6099912 out of 0 bytes used by permanent object pool.
[2015.12.05-04.23.50:940][  0]LogEngine: Initializing Engine...
[2015.12.05-04.23.50:942][  0]LogHMD: Can't find Oculus library dev build: is proper Runtime installed? Version: 0.8.0.0
[2015.12.05-04.23.50:961][  0]LogHMD: SteamVR failed to initialize.  Err: 108
[2015.12.05-04.23.51:150][  0]LogAIModule: Creating AISystem for world NewWorld
[2015.12.05-04.23.51:158][  0]LogInit: XAudio2 using 'Speakers (High Definition Audio Device)' : 2 channels at 44.1 kHz using 16 bits per sample (channel mask 0x3)
[2015.12.05-04.23.51:175][  0]LogInit: FAudioDevice initialized.
[2015.12.05-04.23.51:207][  0]LogDerivedDataCache: Saved boot cache 0.03s 41MB C:/Users/Owner/AppData/Local/UnrealEngine/4.10/DerivedDataCache/Boot.ddc.
[2015.12.05-04.23.51:216][  0]LogInit: Texture streaming: Enabled
[2015.12.05-04.23.51:225][  0]LogAnalytics: Creating configured Analytics provider AnalyticsET
[2015.12.05-04.23.51:225][  0]LogAnalytics: [UEEditor.Rocket.Release] APIServer = http://et2.epicgames.com/ET2/. AppVersion = 4.10.0-2758231+++depot+UE4-Releases+4.10
[2015.12.05-04.23.51:225][  0]LogAnalytics: [UEEditor.Rocket.Release] SetUserId b1e705434c200a5e74bb2586ba0bc651|940afd638cf94ce9b4d8f38d9556b043|5d73f152-fa47-49e5-865a-fd1bc20a41b9
[2015.12.05-04.23.51:225][  0]LogAnalytics: [UEEditor.Rocket.Release] AnalyticsET::StartSession
[2015.12.05-04.23.51:250][  0]LogInit: Transaction tracking system initialized
[2015.12.05-04.23.51:297][  0]BlueprintLog: New page: Editor Load
[2015.12.05-04.23.51:413][  0]LocalizationService: Info Localization service is disabled
[2015.12.05-04.23.51:547][  0]LogConsoleResponse:Display: 
[2015.12.05-04.23.51:751][  0]LogCook:Display: Done creating registry. It took  0.00s.
[2015.12.05-04.23.51:853][  0]LogFileCache: Scanning file cache for directory 'C:/Users/Owner/Desktop/ProjectDino/Repository/Game/ProjectDino/Content/' took 0.01s
[2015.12.05-04.23.51:853][  0]SourceControl: Info Source control is disabled
[2015.12.05-04.23.51:853][  0]Cmd: MAP LOAD FILE="../../../../../../Users/Owner/Desktop/ProjectDino/Repository/Game/ProjectDino/Content/Maps/Prototype.umap" TEMPLATE=0 SHOWPROGRESS=1 FEATURELEVEL=3
[2015.12.05-04.23.51:854][  0]LightingResults: New page: Lighting Build
[2015.12.05-04.23.51:860][  0]MapCheck: New page: Map Check
[2015.12.05-04.23.51:860][  0]LightingResults: New page: Lighting Build
[2015.12.05-04.23.51:879][  0]LogParticles: Destroying 0 GPU particle simulations for FXSystem 0x000000002927EAC0
[2015.12.05-04.23.53:066][  0]LogAIModule: Creating AISystem for world Prototype
[2015.12.05-04.23.53:078][  0]LogEditorServer: Finished looking for orphan Actors (0.000 secs)
[2015.12.05-04.23.53:080][  0]Cmd: MAP CHECKDEP NOCLEARLOG
[2015.12.05-04.23.53:216][  0]MapCheck: Info Map check complete: 0 Error(s), 0 Warning(s), took 135.754ms to complete.
[2015.12.05-04.23.53:216][  0]LogFileHelpers: Loading map 'Prototype' took 1.363
[2015.12.05-04.23.53:418][  0]LogCollectionManager: Loaded 0 collections in 0.004955 seconds
[2015.12.05-04.23.53:459][  0]LogFileCache: Scanning file cache for directory 'C:/Users/Owner/Desktop/ProjectDino/Repository/Game/ProjectDino/Saved/Collections/' took 0.01s
[2015.12.05-04.23.53:459][  0]LogFileCache: Scanning file cache for directory 'C:/Users/Owner/Desktop/ProjectDino/Repository/Game/ProjectDino/Content/Developers/Owner/Collections/' took 0.01s
[2015.12.05-04.23.53:459][  0]LogFileCache: Scanning file cache for directory 'C:/Users/Owner/Desktop/ProjectDino/Repository/Game/ProjectDino/Content/Collections/' took 0.01s
[2015.12.05-04.23.53:459][  0]LogCollectionManager: Rebuilt the GUID cache for 0 collections in 0.000002 seconds
[2015.12.05-04.23.53:477][  0]LogContentBrowser: Native class hierarchy populated in 0.0184 seconds. Added 1893 classes and 338 folders.
[2015.12.05-04.23.53:515][  0]LogContentBrowser: Native class hierarchy updated for 'WidgetCarousel' in 0.0023 seconds. Added 0 classes and 0 folders.
[2015.12.05-04.23.53:617][  0]LogContentBrowser: Native class hierarchy updated for 'AddContentDialog' in 0.0005 seconds. Added 0 classes and 0 folders.
[2015.12.05-04.23.53:623][  0]LogContentBrowser: Native class hierarchy updated for 'SceneOutliner' in 0.0006 seconds. Added 1 classes and 2 folders.
[2015.12.05-04.23.53:748][  0]LogCrashTracker: Crashtracker disabled due to settings.
[2015.12.05-04.23.53:752][  0]LogUObjectGlobals:Warning: Failed to find object 'Class None.'
[2015.12.05-04.23.53:772][  0]LogLoad: Full Startup: 9.66 seconds (BP compile: 0.34 seconds)
[2015.12.05-04.23.53:785][  0]LogOcInput: Can't find Oculus library dev build: is proper Runtime installed? Version: 0.8.0.0
[2015.12.05-04.23.53:876][  0]LogContentStreaming: Texture pool size now 1000 MB
[2015.12.05-04.23.54:286][  0]LogRenderer: Reallocating scene render targets to support 1236x544 (Frame:2).
[2015.12.05-04.23.56:098][  6]LogAssetRegistry: Asset discovery search completed in 5.8750 seconds
[2015.12.05-04.23.56:098][  6]LogCollectionManager: Rebuilt the object cache for 0 collections in 0.000001 seconds (found 0 objects)
[2015.12.05-04.23.56:098][  6]LogCollectionManager: Fixed up redirectors for 0 collections in 0.000040 seconds (updated 0 objects)
[2015.12.05-04.24.00:325][288]LogLinker:Warning: Asset '../../../Engine/Content/ArtTools/RenderToTexture/Macros/RenderToTextureMacros.uasset' has been saved with empty engine version. The asset will be loaded but may be incompatible.
[2015.12.05-04.24.01:422][288]LogContentBrowser: Native class hierarchy updated for 'BlueprintGraph' in 0.0023 seconds. Added 107 classes and 0 folders.
[2015.12.05-04.24.08:277][567]LogSavePackage: Save=166.828613ms
[2015.12.05-04.24.08:277][567]LogSavePackage: Moving '../../../../../../Users/Owner/Desktop/ProjectDino/Repository/Game/ProjectDino/Saved/Camera_Main12643A834AF56F791340A5824D819908.tmp' to '../../../../../../Users/Owner/Desktop/ProjectDino/Repository/Game/ProjectDino/Content/Blueprints/Camera/Camera_Main.uasset'
[2015.12.05-04.24.08:281][567]LogSavePackage: Total save time: 295.936506ms
[2015.12.05-04.24.08:281][567]LogSavePackage:Display: Finished SavePackage ../../../../../../Users/Owner/Desktop/ProjectDino/Repository/Game/ProjectDino/Content/Blueprints/Camera/Camera_Main.uasset
[2015.12.05-04.24.08:660][587]BlueprintLog: New page: Compile Camera_Main
[2015.12.05-04.24.08:797][587]LogActorComponent: UnregisterComponent: (/Engine/Transient.CharMoveComp) Not registered. Aborting.
[2015.12.05-04.24.08:864][587]BlueprintEditorCompileResults: Info [0024.75] Compile of Camera_Main successful! [in 203 ms]
[2015.12.05-04.24.11:765][788]LogBlueprintUserMessages: Early PlayInEditor Detection: Level '/Game/Maps/Prototype.Prototype:PersistentLevel' has LevelScriptBlueprint '/Game/Maps/Prototype.Prototype:PersistentLevel.Prototype' with GeneratedClass '/Game/Maps/Prototype.Prototype_C' with ClassGeneratedBy '/Game/Maps/Prototype.Prototype:PersistentLevel.Prototype'
[2015.12.05-04.24.11:765][788]LogPlayLevel: PlayLevel: No blueprints needed recompiling
[2015.12.05-04.24.11:766][788]PIE: New page: SIE session: Prototype (5 Dec 2015 8:24:11 pm)
[2015.12.05-04.24.11:766][788]LogPlayLevel: Creating play world package: /Game/Maps/UEDPIE_0_Prototype
[2015.12.05-04.24.11:771][788]LogPlayLevel: PIE: StaticDuplicateObject took: (0.005134s)
[2015.12.05-04.24.11:772][788]LogAIModule: Creating AISystem for world Prototype
[2015.12.05-04.24.11:772][788]LogPlayLevel: PIE: World Init took: (0.001146s)
[2015.12.05-04.24.11:773][788]LogPlayLevel: PIE: Created PIE world by copying editor world from /Game/Maps/Prototype.Prototype to /Game/Maps/UEDPIE_0_Prototype.Prototype (0.006967s)
[2015.12.05-04.24.11:813][788]LogParticles: Destroying 0 GPU particle simulations for FXSystem 0x000000003BBF44A0
[2015.12.05-04.24.11:823][788]LogInit: XAudio2 using 'Speakers (High Definition Audio Device)' : 2 channels at 44.1 kHz using 16 bits per sample (channel mask 0x3)
[2015.12.05-04.24.11:828][788]LogInit: FAudioDevice initialized.
[2015.12.05-04.24.11:882][788]LogWorld: Game class is 'GameMode_Default_C'
[2015.12.05-04.24.11:885][788]LogWorld: Bringing World /Game/Maps/UEDPIE_0_Prototype.Prototype up for play (max tick rate 0) at 2015.12.05-12.24.11
[2015.12.05-04.24.11:885][788]LogActor:Warning: GameSession /Game/Maps/UEDPIE_0_Prototype.Prototype:PersistentLevel.GameSession_0 has natively added scene component(s), but none of them were set as the actor's RootComponent - picking one arbitrarily
[2015.12.05-04.24.11:886][788]LogActor:Warning: GameNetworkManager /Game/Maps/UEDPIE_0_Prototype.Prototype:PersistentLevel.GameNetworkManager_0 has natively added scene component(s), but none of them were set as the actor's RootComponent - picking one arbitrarily
[2015.12.05-04.24.11:886][788]LogWorld: Bringing up level for play took: 0.002340
[2015.12.05-04.24.11:887][788]LogPlayerManagement:Error: Failed to Create Player: A local player already exists for controller ID 0,
[2015.12.05-04.24.11:891][788]LogScript:Warning: Attempted to get an item from array CallFunc_GetAllActorsOfClass_OutActors out of bounds [1/0]!
[2015.12.05-04.24.11:891][788]LogOutputDevice:Warning: 

Script Stack:
Prototype_C.ExecuteUbergraph_Prototype

[2015.12.05-04.24.11:891][788]LogWindows:Error: Windows GetLastError: The operation completed successfully. (0)
[2015.12.05-04.24.12:133][788]LogCrashTracker: 


[2015.12.05-04.24.12:133][788]LogCrashTracker: 


[2015.12.05-04.24.12:133][788]LogWindows:Error: === Critical error: ===
Assertion failed: !bHasBegunPlay [File:D:\BuildFarm\buildmachine_++depot+UE4-Releases+4.10\Engine\Source\Runtime\Engine\Private\Components\ActorComponent.cpp] [Line: 640] 





[2015.12.05-04.24.12:241][788]LogExit: Executing StaticShutdownAfterError
[2015.12.05-04.24.12:246][788]LogPhysics:Warning: PHYSX: ..\..\PhysX\src\NpScene.cpp (2946) 8 : PxScene::unlockWrite() called without matching call to PxScene::lockWrite(), behaviour will be undefined.
[2015.12.05-04.24.12:246][788]LogPhysics:Warning: PHYSX: ..\..\PhysX\src\NpScene.cpp (2946) 8 : PxScene::unlockWrite() called without matching call to PxScene::lockWrite(), behaviour will be undefined.
[2015.12.05-04.24.12:246][788]LogPhysics:Warning: PHYSX: ..\..\PhysX\src\NpScene.cpp (2946) 8 : PxScene::unlockWrite() called without matching call to PxScene::lockWrite(), behaviour will be undefined.
[2015.12.05-04.24.12:246][788]LogPhysics:Warning: PHYSX: ..\..\PhysX\src\NpScene.cpp (2946) 8 : PxScene::unlockWrite() called without matching call to PxScene::lockWrite(), behaviour will be undefined.
[2015.12.05-04.24.12:246][788]LogWindows: FPlatformMisc::RequestExit(1)
[2015.12.05-04.24.12:247][788]Log file closed, 12/05/15 12:24:12
