[2015.12.05-13.13.01:807][  0]Log file open, 12/05/15 21:13:01
[2015.12.05-13.13.01:807][  0]LogInit:Display: Running engine for game: ProjectDino
[2015.12.05-13.13.01:807][  0]LogPlatformFile: Not using cached read wrapper
[2015.12.05-13.13.01:807][  0]LogInit:Display: RandInit(-754351164) SRandInit(-754351162).
[2015.12.05-13.13.01:807][  0]LogTaskGraph: Started task graph with 4 named threads and 7 total threads.
[2015.12.05-13.13.01:807][  0]LogStats: Stats thread started at 0.072929
[2015.12.05-13.13.01:807][  0]LogInit: Version: 4.10.0-2758231+++depot+UE4-Releases+4.10
[2015.12.05-13.13.01:807][  0]LogInit: API Version: 2758231
[2015.12.05-13.13.01:807][  0]LogInit: Compiled (64-bit): Nov  7 2015 05:13:45
[2015.12.05-13.13.01:807][  0]LogInit: Compiled with Visual C++: 19.00.23026.00
[2015.12.05-13.13.01:807][  0]LogInit: Build Configuration: Development
[2015.12.05-13.13.01:807][  0]LogInit: Branch Name: ++depot+UE4-Releases+4.10
[2015.12.05-13.13.01:807][  0]LogInit: Command line:  
[2015.12.05-13.13.01:807][  0]LogInit: Base directory: C:/Program Files/Epic Games/4.10/Engine/Binaries/Win64/
[2015.12.05-13.13.01:807][  0]LogInit: Rocket: 1
[2015.12.05-13.13.01:818][  0]LogInit: Using libcurl 7.41.0
[2015.12.05-13.13.01:818][  0]LogInit:  - built for x86_64-pc-win32
[2015.12.05-13.13.01:818][  0]LogInit:  - supports SSL with WinSSL
[2015.12.05-13.13.01:818][  0]LogInit:  - other features:
[2015.12.05-13.13.01:818][  0]LogInit:      CURL_VERSION_SSL
[2015.12.05-13.13.01:818][  0]LogInit:      CURL_VERSION_IPV6
[2015.12.05-13.13.01:818][  0]LogInit:      CURL_VERSION_ASYNCHDNS
[2015.12.05-13.13.01:818][  0]LogInit:      CURL_VERSION_LARGEFILE
[2015.12.05-13.13.01:818][  0]LogInit:      CURL_VERSION_IDN
[2015.12.05-13.13.01:818][  0]LogInit:  CurlRequestOptions (configurable via config and command line):
[2015.12.05-13.13.01:818][  0]LogInit:  - bVerifyPeer = true  - Libcurl will verify peer certificate
[2015.12.05-13.13.01:818][  0]LogInit:  - bUseHttpProxy = false  - Libcurl will NOT use HTTP proxy
[2015.12.05-13.13.01:818][  0]LogInit:  - bDontReuseConnections = false  - Libcurl will reuse connections
[2015.12.05-13.13.01:818][  0]LogInit:  - CertBundlePath = nullptr  - Libcurl will use whatever was configured at build time.
[2015.12.05-13.13.01:826][  0]LogInit: Presizing for 0 objects not considered by GC, pre-allocating 0 bytes.
[2015.12.05-13.13.01:835][  0]LogInit: Object subsystem initialized
[2015.12.05-13.13.01:836][  0]LogInit: Selected Device Profile: [Windows]
[2015.12.05-13.13.01:836][  0]LogInit: Applying CVar settings loaded from the selected device profile: [Windows]
[2015.12.05-13.13.01:847][  0]LogInit: Computer: OWNER-PC
[2015.12.05-13.13.01:847][  0]LogInit: User: Owner
[2015.12.05-13.13.01:847][  0]LogInit: CPU Page size=4096, Cores=4
[2015.12.05-13.13.01:847][  0]LogInit: High frequency timer resolution =2.732460 MHz
[2015.12.05-13.13.01:847][  0]LogMemory: Memory total: Physical=12.0GB (12GB approx)
[2015.12.05-13.13.01:847][  0]LogMemory: Platform Memory Stats for Windows
[2015.12.05-13.13.01:847][  0]LogMemory: Process Physical Memory: 56.96 MB used, 56.96 MB peak
[2015.12.05-13.13.01:847][  0]LogMemory: Process Virtual Memory: 58.56 MB used, 58.56 MB peak
[2015.12.05-13.13.01:847][  0]LogMemory: Physical Memory: 2318.57 MB used, 12283.49 MB total
[2015.12.05-13.13.01:847][  0]LogMemory: Virtual Memory: 351.59 MB used, 8388608.00 MB total
[2015.12.05-13.13.01:884][  0]LogTextLocalizationManager: No specific translations for ('en-AU') exist, so ('en') translations will be used.
[2015.12.05-13.13.02:351][  0]LogD3D11RHI: Found D3D11 adapter 0: NVIDIA GeForce GTX 750 Ti (Feature Level 11_0)
[2015.12.05-13.13.02:351][  0]LogD3D11RHI: Adapter has 1993MB of dedicated video memory, 0MB of dedicated system memory, and 2048MB of shared system memory, 1 output[s]
[2015.12.05-13.13.02:351][  0]LogD3D11RHI: Chosen D3D11 Adapter Id = 0
[2015.12.05-13.13.02:354][  0]LogD3D11RHI: !Direct3DDevice
[2015.12.05-13.13.02:355][  0]LogRHI: Texture pool is 1361 MB (70% of 1945 MB)
[2015.12.05-13.13.02:367][  0]LogD3D11RHI: Async texture creation enabled
[2015.12.05-13.13.02:903][  0]LogShaderCompilers: Guid format shader working directory is -31 characters bigger than the processId version (../../../../../../Users/Owner/Desktop/ProjectDino/Repository/Game/ProjectDino/Intermediate/Shaders/WorkingDirectory/4008/).
[2015.12.05-13.13.02:904][  0]LogShaderCompilers: Cleaned the shader compiler working directory 'C:/Users/Owner/AppData/Local/Temp/UnrealShaderWorkingDir/900377E7442D852FBDE601831196F965/'.
[2015.12.05-13.13.02:904][  0]LogShaderCompilers:Display: Using Local Shader Compiler.
[2015.12.05-13.13.03:916][  0]LogTemp:Display: Loaded TP AllDesktopTargetPlatform
[2015.12.05-13.13.03:922][  0]LogTemp:Display: Loaded TP WindowsClientTargetPlatform
[2015.12.05-13.13.03:927][  0]LogTemp:Display: Loaded TP WindowsNoEditorTargetPlatform
[2015.12.05-13.13.03:932][  0]LogTemp:Display: Loaded TP WindowsServerTargetPlatform
[2015.12.05-13.13.03:937][  0]LogTemp:Display: Loaded TP WindowsTargetPlatform
[2015.12.05-13.13.03:940][  0]LogTemp:Display: Loaded TP AndroidTargetPlatform
[2015.12.05-13.13.03:944][  0]LogTemp:Display: Loaded TP Android_ASTCTargetPlatform
[2015.12.05-13.13.03:947][  0]LogTemp:Display: Loaded TP Android_ATCTargetPlatform
[2015.12.05-13.13.03:951][  0]LogTemp:Display: Loaded TP Android_DXTTargetPlatform
[2015.12.05-13.13.03:955][  0]LogTemp:Display: Loaded TP Android_ETC1TargetPlatform
[2015.12.05-13.13.03:958][  0]LogTemp:Display: Loaded TP Android_ETC2TargetPlatform
[2015.12.05-13.13.03:966][  0]LogTemp:Display: Loaded TP Android_MultiTargetPlatform
[2015.12.05-13.13.03:966][  0]LogTemp:Display: Loaded TP Android_PVRTCTargetPlatform
[2015.12.05-13.13.03:966][  0]LogTemp:Display: Loaded TP HTML5TargetPlatform
[2015.12.05-13.13.03:983][  0]LogTemp:Display: Loaded TP IOSTargetPlatform
[2015.12.05-13.13.03:986][  0]LogTemp:Display: Loaded TP LinuxNoEditorTargetPlatform
[2015.12.05-13.13.03:989][  0]LogTemp:Display: Loaded TP LinuxServerTargetPlatform
[2015.12.05-13.13.03:992][  0]LogTemp:Display: Loaded TP LinuxTargetPlatform
[2015.12.05-13.13.03:992][  0]LogTargetPlatformManager:Display: Building Assets For Windows
[2015.12.05-13.13.04:080][  0]LogDerivedDataCache:Display: Max Cache Size: 512 MB
[2015.12.05-13.13.04:130][  0]LogDerivedDataCache: Loaded boot cache 0.05s 41MB C:/Users/Owner/AppData/Local/UnrealEngine/4.10/DerivedDataCache/Boot.ddc.
[2015.12.05-13.13.04:130][  0]LogDerivedDataCache:Display: Loaded Boot cache: C:/Users/Owner/AppData/Local/UnrealEngine/4.10/DerivedDataCache/Boot.ddc
[2015.12.05-13.13.04:131][  0]LogDerivedDataCache: FDerivedDataBackendGraph:  Pak pak cache file ../../../../../../Users/Owner/Desktop/ProjectDino/Repository/Game/ProjectDino/DerivedDataCache/DDC.ddp not found, will not use a pak cache.
[2015.12.05-13.13.04:131][  0]LogDerivedDataCache: Unable to find inner node Pak for hierarchical cache Hierarchy.
[2015.12.05-13.13.04:131][  0]LogDerivedDataCache: FDerivedDataBackendGraph:  CompressedPak pak cache file ../../../../../../Users/Owner/Desktop/ProjectDino/Repository/Game/ProjectDino/DerivedDataCache/Compressed.ddp not found, will not use a pak cache.
[2015.12.05-13.13.04:131][  0]LogDerivedDataCache: Unable to find inner node CompressedPak for hierarchical cache Hierarchy.
[2015.12.05-13.13.04:204][  0]LogDerivedDataCache:Display: Pak cache opened for reading ../../../Engine/DerivedDataCache/Compressed.ddp.
[2015.12.05-13.13.04:215][  0]LogDerivedDataCache: Using Local data cache path C:/Users/Owner/AppData/Local/UnrealEngine/Common/DerivedDataCache: Writable
[2015.12.05-13.13.04:420][  0]LogInit: Selected Device Profile: [Windows]
[2015.12.05-13.13.04:420][  0]LogContentStreaming: Texture pool size is 0.000000MB
[2015.12.05-13.13.04:462][  0]LogMeshUtilities: No automatic mesh reduction module available
[2015.12.05-13.13.04:462][  0]LogMeshUtilities: No automatic mesh merging module available
[2015.12.05-13.13.04:822][  0]LogInit: WinSock: version 1.1 (2.2), MaxSocks=32767, MaxUdp=65467
[2015.12.05-13.13.05:649][  0]UdpMessaging: Initializing bridge on interface 0.0.0.0:0 to multicast group 230.0.0.1:6666.
[2015.12.05-13.13.05:742][  0]LogAssetRegistry: FAssetRegistry took 0.0096 seconds to start up
[2015.12.05-13.13.05:942][  0]SourceControl: Info Source control is disabled
[2015.12.05-13.13.05:943][  0]SourceControl: Info Source control is disabled
[2015.12.05-13.13.05:955][  0]SourceControl: Info Source control is disabled
[2015.12.05-13.13.05:966][  0]SourceControl: Info Source control is disabled
[2015.12.05-13.13.06:206][  0]LogObj: 28634 objects as part of root set at end of initial load.
[2015.12.05-13.13.06:206][  0]LogUObjectAllocator: 6099904 out of 0 bytes used by permanent object pool.
[2015.12.05-13.13.06:274][  0]LogEngine: Initializing Engine...
[2015.12.05-13.13.06:276][  0]LogHMD: Can't find Oculus library dev build: is proper Runtime installed? Version: 0.8.0.0
[2015.12.05-13.13.06:283][  0]LogHMD: SteamVR failed to initialize.  Err: 108
[2015.12.05-13.13.06:427][  0]LogAIModule: Creating AISystem for world NewWorld
[2015.12.05-13.13.06:434][  0]LogInit: XAudio2 using 'Speakers (High Definition Audio Device)' : 2 channels at 44.1 kHz using 16 bits per sample (channel mask 0x3)
[2015.12.05-13.13.06:448][  0]LogInit: FAudioDevice initialized.
[2015.12.05-13.13.06:472][  0]LogDerivedDataCache: Saved boot cache 0.02s 41MB C:/Users/Owner/AppData/Local/UnrealEngine/4.10/DerivedDataCache/Boot.ddc.
[2015.12.05-13.13.06:481][  0]LogInit: Texture streaming: Enabled
[2015.12.05-13.13.06:487][  0]LogAnalytics: Creating configured Analytics provider AnalyticsET
[2015.12.05-13.13.06:487][  0]LogAnalytics: [UEEditor.Rocket.Release] APIServer = http://et2.epicgames.com/ET2/. AppVersion = 4.10.0-2758231+++depot+UE4-Releases+4.10
[2015.12.05-13.13.06:487][  0]LogAnalytics: [UEEditor.Rocket.Release] SetUserId b1e705434c200a5e74bb2586ba0bc651|940afd638cf94ce9b4d8f38d9556b043|5d73f152-fa47-49e5-865a-fd1bc20a41b9
[2015.12.05-13.13.06:487][  0]LogAnalytics: [UEEditor.Rocket.Release] AnalyticsET::StartSession
[2015.12.05-13.13.06:503][  0]LogInit: Transaction tracking system initialized
[2015.12.05-13.13.06:534][  0]BlueprintLog: New page: Editor Load
[2015.12.05-13.13.06:619][  0]LocalizationService: Info Localization service is disabled
[2015.12.05-13.13.06:706][  0]LogConsoleResponse:Display: 
[2015.12.05-13.13.06:848][  0]LogCook:Display: Done creating registry. It took  0.00s.
[2015.12.05-13.13.06:914][  0]LogFileCache: Scanning file cache for directory 'C:/Users/Owner/Desktop/ProjectDino/Repository/Game/ProjectDino/Content/' took 0.01s
[2015.12.05-13.13.06:914][  0]SourceControl: Info Source control is disabled
[2015.12.05-13.13.06:914][  0]Cmd: MAP LOAD FILE="../../../../../../Users/Owner/Desktop/ProjectDino/Repository/Game/ProjectDino/Content/Maps/Prototype.umap" TEMPLATE=0 SHOWPROGRESS=1 FEATURELEVEL=3
[2015.12.05-13.13.06:915][  0]LightingResults: New page: Lighting Build
[2015.12.05-13.13.06:918][  0]MapCheck: New page: Map Check
[2015.12.05-13.13.06:918][  0]LightingResults: New page: Lighting Build
[2015.12.05-13.13.06:931][  0]LogParticles: Destroying 0 GPU particle simulations for FXSystem 0x000000002998AAC0
[2015.12.05-13.13.07:792][  0]LogAIModule: Creating AISystem for world Prototype
[2015.12.05-13.13.07:801][  0]LogEditorServer: Finished looking for orphan Actors (0.000 secs)
[2015.12.05-13.13.07:801][  0]Cmd: MAP CHECKDEP NOCLEARLOG
[2015.12.05-13.13.07:858][  0]MapCheck: Info Map check complete: 0 Error(s), 0 Warning(s), took 56.099ms to complete.
[2015.12.05-13.13.07:858][  0]LogFileHelpers: Loading map 'Prototype' took 0.944
[2015.12.05-13.13.07:974][  0]LogCollectionManager: Loaded 0 collections in 0.002990 seconds
[2015.12.05-13.13.08:012][  0]LogFileCache: Scanning file cache for directory 'C:/Users/Owner/Desktop/ProjectDino/Repository/Game/ProjectDino/Saved/Collections/' took 0.01s
[2015.12.05-13.13.08:012][  0]LogFileCache: Scanning file cache for directory 'C:/Users/Owner/Desktop/ProjectDino/Repository/Game/ProjectDino/Content/Developers/Owner